 【时间】:2016-10-17 00:10:21,410
 【级别】:ERROR
 【类名】:WebUI.Models.RealTimeConnection.TCPConnection:StartConnection
 【线程ID】: 36 
 【日志内容】:连接数据服务器失败，请检查IP和端口
 【日记详细】：System.ArgumentException: 未从此类上对应的异步方法中返回 IAsyncResult 对象。
参数名: asyncResult
   在 System.Net.Sockets.Socket.EndConnect(IAsyncResult asyncResult)
   在 WebUI.Models.RealTimeConnection.TCPConnection.<StartConnection>b__16_0(IAsyncResult asyncResult) 位置 C:\Users\ychost\Desktop\MesCable\WebUI\Models\RealTimeConnection\TCPConnection.cs:行号 217
 
---------------------------------------------------------------------------------------------------------------
 【时间】:2016-10-17 00:10:21,414
 【级别】:ERROR
 【类名】:WebUI.Models.RealTimeConnection.TCPConnection:StartConnection
 【线程ID】: 15 
 【日志内容】:连接数据服务器失败，请检查IP和端口
 【日记详细】：System.Net.Sockets.SocketException (0x80004005): 由于目标计算机积极拒绝，无法连接。 127.0.0.1:7788
   在 System.Net.Sockets.Socket.EndConnect(IAsyncResult asyncResult)
   在 WebUI.Models.RealTimeConnection.TCPConnection.<StartConnection>b__16_0(IAsyncResult asyncResult) 位置 C:\Users\ychost\Desktop\MesCable\WebUI\Models\RealTimeConnection\TCPConnection.cs:行号 217
 
---------------------------------------------------------------------------------------------------------------
 【时间】:2016-10-17 09:24:43,394
 【级别】:ERROR
 【类名】:WebUI.Models.RealTimeConnection.TCPConnection:StartConnection
 【线程ID】: 32 
 【日志内容】:连接数据服务器失败，请检查IP和端口
 【日记详细】：System.Net.Sockets.SocketException (0x80004005): 由于目标计算机积极拒绝，无法连接。 127.0.0.1:7788
   在 System.Net.Sockets.Socket.EndConnect(IAsyncResult asyncResult)
   在 WebUI.Models.RealTimeConnection.TCPConnection.<StartConnection>b__16_0(IAsyncResult asyncResult) 位置 C:\Users\ychost\Desktop\MesCable\WebUI\Models\RealTimeConnection\TCPConnection.cs:行号 217
 
---------------------------------------------------------------------------------------------------------------
 【时间】:2016-10-17 09:24:43,394
 【级别】:ERROR
 【类名】:WebUI.Models.RealTimeConnection.TCPConnection:StartConnection
 【线程ID】: 36 
 【日志内容】:连接数据服务器失败，请检查IP和端口
 【日记详细】：System.ArgumentException: 未从此类上对应的异步方法中返回 IAsyncResult 对象。
参数名: asyncResult
   在 System.Net.Sockets.Socket.EndConnect(IAsyncResult asyncResult)
   在 WebUI.Models.RealTimeConnection.TCPConnection.<StartConnection>b__16_0(IAsyncResult asyncResult) 位置 C:\Users\ychost\Desktop\MesCable\WebUI\Models\RealTimeConnection\TCPConnection.cs:行号 217
 
---------------------------------------------------------------------------------------------------------------
 【时间】:2016-10-17 09:32:31,594
 【级别】:ERROR
 【类名】:WebUI.Models.RealTimeConnection.TCPConnection:StartConnection
 【线程ID】: 19 
 【日志内容】:连接数据服务器失败，请检查IP和端口
 【日记详细】：System.Net.Sockets.SocketException (0x80004005): 由于目标计算机积极拒绝，无法连接。 127.0.0.1:7788
   在 System.Net.Sockets.Socket.EndConnect(IAsyncResult asyncResult)
   在 WebUI.Models.RealTimeConnection.TCPConnection.<StartConnection>b__16_0(IAsyncResult asyncResult) 位置 C:\Users\ychost\Desktop\MesCable\WebUI\Models\RealTimeConnection\TCPConnection.cs:行号 217
 
---------------------------------------------------------------------------------------------------------------
 【时间】:2016-10-17 09:38:20,489
 【级别】:ERROR
 【类名】:WebUI.Models.RealTimeConnection.TCPConnection:StartConnection
 【线程ID】: 24 
 【日志内容】:连接数据服务器失败，请检查IP和端口
 【日记详细】：System.Net.Sockets.SocketException (0x80004005): 由于目标计算机积极拒绝，无法连接。 127.0.0.1:7788
   在 System.Net.Sockets.Socket.EndConnect(IAsyncResult asyncResult)
   在 WebUI.Models.RealTimeConnection.TCPConnection.<StartConnection>b__16_0(IAsyncResult asyncResult) 位置 C:\Users\ychost\Desktop\MesCable\WebUI\Models\RealTimeConnection\TCPConnection.cs:行号 217
 
---------------------------------------------------------------------------------------------------------------
