 【时间】:2016-10-25 09:28:42,706
 【级别】:ERROR
 【类名】:WebUI.Models.RealTimeConnection.TCPConnection:StartConnection
 【线程ID】: 18 
 【日志内容】:连接数据服务器失败，请检查IP和端口
 【日记详细】：System.ArgumentException: 未从此类上对应的异步方法中返回 IAsyncResult 对象。
参数名: asyncResult
   在 System.Net.Sockets.Socket.EndConnect(IAsyncResult asyncResult)
   在 WebUI.Models.RealTimeConnection.TCPConnection.<StartConnection>b__16_0(IAsyncResult asyncResult) 位置 C:\Users\ychost\Desktop\MesCable\WebUI\Models\RealTimeConnection\TCPConnection.cs:行号 217
 
---------------------------------------------------------------------------------------------------------------
 【时间】:2016-10-25 09:28:42,709
 【级别】:ERROR
 【类名】:WebUI.Models.RealTimeConnection.TCPConnection:StartConnection
 【线程ID】: 17 
 【日志内容】:连接数据服务器失败，请检查IP和端口
 【日记详细】：System.Net.Sockets.SocketException (0x80004005): 由于目标计算机积极拒绝，无法连接。 127.0.0.1:7788
   在 System.Net.Sockets.Socket.EndConnect(IAsyncResult asyncResult)
   在 WebUI.Models.RealTimeConnection.TCPConnection.<StartConnection>b__16_0(IAsyncResult asyncResult) 位置 C:\Users\ychost\Desktop\MesCable\WebUI\Models\RealTimeConnection\TCPConnection.cs:行号 217
 
---------------------------------------------------------------------------------------------------------------
 【时间】:2016-10-25 09:35:55,909
 【级别】:ERROR
 【类名】:WebUI.Models.RealTimeConnection.TCPConnection:StartConnection
 【线程ID】: 47 
 【日志内容】:连接数据服务器失败，请检查IP和端口
 【日记详细】：System.Net.Sockets.SocketException (0x80004005): 由于目标计算机积极拒绝，无法连接。 127.0.0.1:7788
   在 System.Net.Sockets.Socket.EndConnect(IAsyncResult asyncResult)
   在 WebUI.Models.RealTimeConnection.TCPConnection.<StartConnection>b__16_0(IAsyncResult asyncResult) 位置 C:\Users\ychost\Desktop\MesCable\WebUI\Models\RealTimeConnection\TCPConnection.cs:行号 217
 
---------------------------------------------------------------------------------------------------------------
 【时间】:2016-10-25 09:37:10,849
 【级别】:ERROR
 【类名】:WebUI.Models.RealTimeConnection.TCPConnection:StartConnection
 【线程ID】: 50 
 【日志内容】:连接数据服务器失败，请检查IP和端口
 【日记详细】：System.Net.Sockets.SocketException (0x80004005): 由于目标计算机积极拒绝，无法连接。 127.0.0.1:7788
   在 System.Net.Sockets.Socket.EndConnect(IAsyncResult asyncResult)
   在 WebUI.Models.RealTimeConnection.TCPConnection.<StartConnection>b__16_0(IAsyncResult asyncResult) 位置 C:\Users\ychost\Desktop\MesCable\WebUI\Models\RealTimeConnection\TCPConnection.cs:行号 217
 
---------------------------------------------------------------------------------------------------------------
 【时间】:2016-10-25 09:43:39,874
 【级别】:ERROR
 【类名】:WebUI.Models.RealTimeConnection.TCPConnection:StartConnection
 【线程ID】: 83 
 【日志内容】:连接数据服务器失败，请检查IP和端口
 【日记详细】：System.Net.Sockets.SocketException (0x80004005): 由于目标计算机积极拒绝，无法连接。 127.0.0.1:7788
   在 System.Net.Sockets.Socket.EndConnect(IAsyncResult asyncResult)
   在 WebUI.Models.RealTimeConnection.TCPConnection.<StartConnection>b__16_0(IAsyncResult asyncResult) 位置 C:\Users\ychost\Desktop\MesCable\WebUI\Models\RealTimeConnection\TCPConnection.cs:行号 217
 
---------------------------------------------------------------------------------------------------------------
 【时间】:2016-10-25 09:45:16,883
 【级别】:ERROR
 【类名】:WebUI.Models.RealTimeConnection.TCPConnection:StartConnection
 【线程ID】: 99 
 【日志内容】:连接数据服务器失败，请检查IP和端口
 【日记详细】：System.Net.Sockets.SocketException (0x80004005): 由于目标计算机积极拒绝，无法连接。 127.0.0.1:7788
   在 System.Net.Sockets.Socket.EndConnect(IAsyncResult asyncResult)
   在 WebUI.Models.RealTimeConnection.TCPConnection.<StartConnection>b__16_0(IAsyncResult asyncResult) 位置 C:\Users\ychost\Desktop\MesCable\WebUI\Models\RealTimeConnection\TCPConnection.cs:行号 217
 
---------------------------------------------------------------------------------------------------------------
 【时间】:2016-10-25 10:18:22,750
 【级别】:ERROR
 【类名】:WebUI.Models.RealTimeConnection.TCPConnection:StartConnection
 【线程ID】: 256 
 【日志内容】:连接数据服务器失败，请检查IP和端口
 【日记详细】：System.Net.Sockets.SocketException (0x80004005): 由于目标计算机积极拒绝，无法连接。 127.0.0.1:7788
   在 System.Net.Sockets.Socket.EndConnect(IAsyncResult asyncResult)
   在 WebUI.Models.RealTimeConnection.TCPConnection.<StartConnection>b__16_0(IAsyncResult asyncResult) 位置 C:\Users\ychost\Desktop\MesCable\WebUI\Models\RealTimeConnection\TCPConnection.cs:行号 217
 
---------------------------------------------------------------------------------------------------------------
 【时间】:2016-10-25 10:19:24,487
 【级别】:ERROR
 【类名】:WebUI.Models.RealTimeConnection.TCPConnection:StartConnection
 【线程ID】: 257 
 【日志内容】:连接数据服务器失败，请检查IP和端口
 【日记详细】：System.Net.Sockets.SocketException (0x80004005): 由于目标计算机积极拒绝，无法连接。 127.0.0.1:7788
   在 System.Net.Sockets.Socket.EndConnect(IAsyncResult asyncResult)
   在 WebUI.Models.RealTimeConnection.TCPConnection.<StartConnection>b__16_0(IAsyncResult asyncResult) 位置 C:\Users\ychost\Desktop\MesCable\WebUI\Models\RealTimeConnection\TCPConnection.cs:行号 217
 
---------------------------------------------------------------------------------------------------------------
 【时间】:2016-10-25 10:20:35,219
 【级别】:ERROR
 【类名】:WebUI.Models.RealTimeConnection.TCPConnection:StartConnection
 【线程ID】: 16 
 【日志内容】:连接数据服务器失败，请检查IP和端口
 【日记详细】：System.Net.Sockets.SocketException (0x80004005): 由于目标计算机积极拒绝，无法连接。 127.0.0.1:7788
   在 System.Net.Sockets.Socket.EndConnect(IAsyncResult asyncResult)
   在 WebUI.Models.RealTimeConnection.TCPConnection.<StartConnection>b__16_0(IAsyncResult asyncResult) 位置 C:\Users\ychost\Desktop\MesCable\WebUI\Models\RealTimeConnection\TCPConnection.cs:行号 217
 
---------------------------------------------------------------------------------------------------------------
 【时间】:2016-10-25 10:20:35,219
 【级别】:ERROR
 【类名】:WebUI.Models.RealTimeConnection.TCPConnection:StartConnection
 【线程ID】: 15 
 【日志内容】:连接数据服务器失败，请检查IP和端口
 【日记详细】：System.ArgumentException: 未从此类上对应的异步方法中返回 IAsyncResult 对象。
参数名: asyncResult
   在 System.Net.Sockets.Socket.EndConnect(IAsyncResult asyncResult)
   在 WebUI.Models.RealTimeConnection.TCPConnection.<StartConnection>b__16_0(IAsyncResult asyncResult) 位置 C:\Users\ychost\Desktop\MesCable\WebUI\Models\RealTimeConnection\TCPConnection.cs:行号 217
 
---------------------------------------------------------------------------------------------------------------
 【时间】:2016-10-25 10:21:47,174
 【级别】:ERROR
 【类名】:WebUI.Models.RealTimeConnection.TCPConnection:StartConnection
 【线程ID】: 15 
 【日志内容】:连接数据服务器失败，请检查IP和端口
 【日记详细】：System.Net.Sockets.SocketException (0x80004005): 由于目标计算机积极拒绝，无法连接。 127.0.0.1:7788
   在 System.Net.Sockets.Socket.EndConnect(IAsyncResult asyncResult)
   在 WebUI.Models.RealTimeConnection.TCPConnection.<StartConnection>b__16_0(IAsyncResult asyncResult) 位置 C:\Users\ychost\Desktop\MesCable\WebUI\Models\RealTimeConnection\TCPConnection.cs:行号 217
 
---------------------------------------------------------------------------------------------------------------
 【时间】:2016-10-25 10:22:23,183
 【级别】:ERROR
 【类名】:WebUI.Models.RealTimeConnection.TCPConnection:StartConnection
 【线程ID】: 19 
 【日志内容】:连接数据服务器失败，请检查IP和端口
 【日记详细】：System.Net.Sockets.SocketException (0x80004005): 由于目标计算机积极拒绝，无法连接。 127.0.0.1:7788
   在 System.Net.Sockets.Socket.EndConnect(IAsyncResult asyncResult)
   在 WebUI.Models.RealTimeConnection.TCPConnection.<StartConnection>b__16_0(IAsyncResult asyncResult) 位置 C:\Users\ychost\Desktop\MesCable\WebUI\Models\RealTimeConnection\TCPConnection.cs:行号 217
 
---------------------------------------------------------------------------------------------------------------
 【时间】:2016-10-25 10:23:32,409
 【级别】:ERROR
 【类名】:WebUI.Models.RealTimeConnection.TCPConnection:StartConnection
 【线程ID】: 19 
 【日志内容】:连接数据服务器失败，请检查IP和端口
 【日记详细】：System.Net.Sockets.SocketException (0x80004005): 由于目标计算机积极拒绝，无法连接。 127.0.0.1:7788
   在 System.Net.Sockets.Socket.EndConnect(IAsyncResult asyncResult)
   在 WebUI.Models.RealTimeConnection.TCPConnection.<StartConnection>b__16_0(IAsyncResult asyncResult)
 
---------------------------------------------------------------------------------------------------------------
 【时间】:2016-10-25 10:24:05,837
 【级别】:ERROR
 【类名】:WebUI.Models.RealTimeConnection.TCPConnection:StartConnection
 【线程ID】: 32 
 【日志内容】:连接数据服务器失败，请检查IP和端口
 【日记详细】：System.Net.Sockets.SocketException (0x80004005): 由于目标计算机积极拒绝，无法连接。 127.0.0.1:7788
   在 System.Net.Sockets.Socket.EndConnect(IAsyncResult asyncResult)
   在 WebUI.Models.RealTimeConnection.TCPConnection.<StartConnection>b__16_0(IAsyncResult asyncResult)
 
---------------------------------------------------------------------------------------------------------------
 【时间】:2016-10-25 10:25:39,660
 【级别】:ERROR
 【类名】:WebUI.Models.RealTimeConnection.TCPConnection:StartConnection
 【线程ID】: 18 
 【日志内容】:连接数据服务器失败，请检查IP和端口
 【日记详细】：System.ArgumentException: 未从此类上对应的异步方法中返回 IAsyncResult 对象。
参数名: asyncResult
   在 System.Net.Sockets.Socket.EndConnect(IAsyncResult asyncResult)
   在 WebUI.Models.RealTimeConnection.TCPConnection.<StartConnection>b__16_0(IAsyncResult asyncResult) 位置 C:\Users\ychost\Desktop\MesCable\WebUI\Models\RealTimeConnection\TCPConnection.cs:行号 217
 
---------------------------------------------------------------------------------------------------------------
 【时间】:2016-10-25 10:25:39,660
 【级别】:ERROR
 【类名】:WebUI.Models.RealTimeConnection.TCPConnection:StartConnection
 【线程ID】: 21 
 【日志内容】:连接数据服务器失败，请检查IP和端口
 【日记详细】：System.Net.Sockets.SocketException (0x80004005): 由于目标计算机积极拒绝，无法连接。 127.0.0.1:7788
   在 System.Net.Sockets.Socket.EndConnect(IAsyncResult asyncResult)
   在 WebUI.Models.RealTimeConnection.TCPConnection.<StartConnection>b__16_0(IAsyncResult asyncResult) 位置 C:\Users\ychost\Desktop\MesCable\WebUI\Models\RealTimeConnection\TCPConnection.cs:行号 217
 
---------------------------------------------------------------------------------------------------------------
 【时间】:2016-10-25 10:30:55,526
 【级别】:ERROR
 【类名】:WebUI.Models.RealTimeConnection.TCPConnection:StartConnection
 【线程ID】: 19 
 【日志内容】:连接数据服务器失败，请检查IP和端口
 【日记详细】：System.Net.Sockets.SocketException (0x80004005): 由于目标计算机积极拒绝，无法连接。 127.0.0.1:7788
   在 System.Net.Sockets.Socket.EndConnect(IAsyncResult asyncResult)
   在 WebUI.Models.RealTimeConnection.TCPConnection.<StartConnection>b__16_0(IAsyncResult asyncResult) 位置 C:\Users\ychost\Desktop\MesCable\WebUI\Models\RealTimeConnection\TCPConnection.cs:行号 217
 
---------------------------------------------------------------------------------------------------------------
 【时间】:2016-10-25 10:31:55,840
 【级别】:ERROR
 【类名】:WebUI.Models.RealTimeConnection.TCPConnection:StartConnection
 【线程ID】: 75 
 【日志内容】:连接数据服务器失败，请检查IP和端口
 【日记详细】：System.Net.Sockets.SocketException (0x80004005): 由于目标计算机积极拒绝，无法连接。 127.0.0.1:7788
   在 System.Net.Sockets.Socket.EndConnect(IAsyncResult asyncResult)
   在 WebUI.Models.RealTimeConnection.TCPConnection.<StartConnection>b__16_0(IAsyncResult asyncResult) 位置 C:\Users\ychost\Desktop\MesCable\WebUI\Models\RealTimeConnection\TCPConnection.cs:行号 217
 
---------------------------------------------------------------------------------------------------------------
 【时间】:2016-10-25 10:33:35,112
 【级别】:ERROR
 【类名】:WebUI.Models.RealTimeConnection.TCPConnection:StartConnection
 【线程ID】: 12 
 【日志内容】:连接数据服务器失败，请检查IP和端口
 【日记详细】：System.ArgumentException: 未从此类上对应的异步方法中返回 IAsyncResult 对象。
参数名: asyncResult
   在 System.Net.Sockets.Socket.EndConnect(IAsyncResult asyncResult)
   在 WebUI.Models.RealTimeConnection.TCPConnection.<StartConnection>b__16_0(IAsyncResult asyncResult) 位置 C:\Users\ychost\Desktop\MesCable\WebUI\Models\RealTimeConnection\TCPConnection.cs:行号 217
 
---------------------------------------------------------------------------------------------------------------
 【时间】:2016-10-25 10:33:35,112
 【级别】:ERROR
 【类名】:WebUI.Models.RealTimeConnection.TCPConnection:StartConnection
 【线程ID】: 11 
 【日志内容】:连接数据服务器失败，请检查IP和端口
 【日记详细】：System.Net.Sockets.SocketException (0x80004005): 由于目标计算机积极拒绝，无法连接。 127.0.0.1:7788
   在 System.Net.Sockets.Socket.EndConnect(IAsyncResult asyncResult)
   在 WebUI.Models.RealTimeConnection.TCPConnection.<StartConnection>b__16_0(IAsyncResult asyncResult) 位置 C:\Users\ychost\Desktop\MesCable\WebUI\Models\RealTimeConnection\TCPConnection.cs:行号 217
 
---------------------------------------------------------------------------------------------------------------
 【时间】:2016-10-25 10:33:37,982
 【级别】:ERROR
 【类名】:WebUI.Models.RealTimeConnection.TCPConnection:StartConnection
 【线程ID】: 12 
 【日志内容】:连接数据服务器失败，请检查IP和端口
 【日记详细】：System.Net.Sockets.SocketException (0x80004005): 由于目标计算机积极拒绝，无法连接。 127.0.0.1:7788
   在 System.Net.Sockets.Socket.EndConnect(IAsyncResult asyncResult)
   在 WebUI.Models.RealTimeConnection.TCPConnection.<StartConnection>b__16_0(IAsyncResult asyncResult) 位置 C:\Users\ychost\Desktop\MesCable\WebUI\Models\RealTimeConnection\TCPConnection.cs:行号 217
 
---------------------------------------------------------------------------------------------------------------
 【时间】:2016-10-25 10:40:12,826
 【级别】:ERROR
 【类名】:WebUI.Models.RealTimeConnection.TCPConnection:StartConnection
 【线程ID】: 42 
 【日志内容】:连接数据服务器失败，请检查IP和端口
 【日记详细】：System.Net.Sockets.SocketException (0x80004005): 由于目标计算机积极拒绝，无法连接。 127.0.0.1:7788
   在 System.Net.Sockets.Socket.EndConnect(IAsyncResult asyncResult)
   在 WebUI.Models.RealTimeConnection.TCPConnection.<StartConnection>b__16_0(IAsyncResult asyncResult) 位置 C:\Users\ychost\Desktop\MesCable\WebUI\Models\RealTimeConnection\TCPConnection.cs:行号 217
 
---------------------------------------------------------------------------------------------------------------
 【时间】:2016-10-25 10:41:11,421
 【级别】:ERROR
 【类名】:WebUI.Models.RealTimeConnection.TCPConnection:StartConnection
 【线程ID】: 42 
 【日志内容】:连接数据服务器失败，请检查IP和端口
 【日记详细】：System.Net.Sockets.SocketException (0x80004005): 由于目标计算机积极拒绝，无法连接。 127.0.0.1:7788
   在 System.Net.Sockets.Socket.EndConnect(IAsyncResult asyncResult)
   在 WebUI.Models.RealTimeConnection.TCPConnection.<StartConnection>b__16_0(IAsyncResult asyncResult) 位置 C:\Users\ychost\Desktop\MesCable\WebUI\Models\RealTimeConnection\TCPConnection.cs:行号 217
 
---------------------------------------------------------------------------------------------------------------
 【时间】:2016-10-25 10:41:14,919
 【级别】:ERROR
 【类名】:WebUI.Models.RealTimeConnection.TCPConnection:StartConnection
 【线程ID】: 42 
 【日志内容】:连接数据服务器失败，请检查IP和端口
 【日记详细】：System.Net.Sockets.SocketException (0x80004005): 由于目标计算机积极拒绝，无法连接。 127.0.0.1:7788
   在 System.Net.Sockets.Socket.EndConnect(IAsyncResult asyncResult)
   在 WebUI.Models.RealTimeConnection.TCPConnection.<StartConnection>b__16_0(IAsyncResult asyncResult) 位置 C:\Users\ychost\Desktop\MesCable\WebUI\Models\RealTimeConnection\TCPConnection.cs:行号 217
 
---------------------------------------------------------------------------------------------------------------
 【时间】:2016-10-25 10:42:48,254
 【级别】:ERROR
 【类名】:WebUI.Models.RealTimeConnection.TCPConnection:StartConnection
 【线程ID】: 60 
 【日志内容】:连接数据服务器失败，请检查IP和端口
 【日记详细】：System.Net.Sockets.SocketException (0x80004005): 由于目标计算机积极拒绝，无法连接。 127.0.0.1:7788
   在 System.Net.Sockets.Socket.EndConnect(IAsyncResult asyncResult)
   在 WebUI.Models.RealTimeConnection.TCPConnection.<StartConnection>b__16_0(IAsyncResult asyncResult) 位置 C:\Users\ychost\Desktop\MesCable\WebUI\Models\RealTimeConnection\TCPConnection.cs:行号 217
 
---------------------------------------------------------------------------------------------------------------
 【时间】:2016-10-25 10:42:53,546
 【级别】:ERROR
 【类名】:WebUI.Models.RealTimeConnection.TCPConnection:StartConnection
 【线程ID】: 59 
 【日志内容】:连接数据服务器失败，请检查IP和端口
 【日记详细】：System.Net.Sockets.SocketException (0x80004005): 由于目标计算机积极拒绝，无法连接。 127.0.0.1:7788
   在 System.Net.Sockets.Socket.EndConnect(IAsyncResult asyncResult)
   在 WebUI.Models.RealTimeConnection.TCPConnection.<StartConnection>b__16_0(IAsyncResult asyncResult) 位置 C:\Users\ychost\Desktop\MesCable\WebUI\Models\RealTimeConnection\TCPConnection.cs:行号 217
 
---------------------------------------------------------------------------------------------------------------
 【时间】:2016-10-25 10:43:23,067
 【级别】:ERROR
 【类名】:WebUI.Models.RealTimeConnection.TCPConnection:StartConnection
 【线程ID】: 40 
 【日志内容】:连接数据服务器失败，请检查IP和端口
 【日记详细】：System.Net.Sockets.SocketException (0x80004005): 由于目标计算机积极拒绝，无法连接。 127.0.0.1:7788
   在 System.Net.Sockets.Socket.EndConnect(IAsyncResult asyncResult)
   在 WebUI.Models.RealTimeConnection.TCPConnection.<StartConnection>b__16_0(IAsyncResult asyncResult) 位置 C:\Users\ychost\Desktop\MesCable\WebUI\Models\RealTimeConnection\TCPConnection.cs:行号 217
 
---------------------------------------------------------------------------------------------------------------
 【时间】:2016-10-25 10:43:54,261
 【级别】:ERROR
 【类名】:WebUI.Models.RealTimeConnection.TCPConnection:StartConnection
 【线程ID】: 40 
 【日志内容】:连接数据服务器失败，请检查IP和端口
 【日记详细】：System.Net.Sockets.SocketException (0x80004005): 由于目标计算机积极拒绝，无法连接。 127.0.0.1:7788
   在 System.Net.Sockets.Socket.EndConnect(IAsyncResult asyncResult)
   在 WebUI.Models.RealTimeConnection.TCPConnection.<StartConnection>b__16_0(IAsyncResult asyncResult) 位置 C:\Users\ychost\Desktop\MesCable\WebUI\Models\RealTimeConnection\TCPConnection.cs:行号 217
 
---------------------------------------------------------------------------------------------------------------
 【时间】:2016-10-25 10:44:56,968
 【级别】:ERROR
 【类名】:WebUI.Models.RealTimeConnection.TCPConnection:StartConnection
 【线程ID】: 21 
 【日志内容】:连接数据服务器失败，请检查IP和端口
 【日记详细】：System.Net.Sockets.SocketException (0x80004005): 由于目标计算机积极拒绝，无法连接。 127.0.0.1:7788
   在 System.Net.Sockets.Socket.EndConnect(IAsyncResult asyncResult)
   在 WebUI.Models.RealTimeConnection.TCPConnection.<StartConnection>b__16_0(IAsyncResult asyncResult) 位置 C:\Users\ychost\Desktop\MesCable\WebUI\Models\RealTimeConnection\TCPConnection.cs:行号 217
 
---------------------------------------------------------------------------------------------------------------
 【时间】:2016-10-25 10:46:04,203
 【级别】:ERROR
 【类名】:WebUI.Models.RealTimeConnection.TCPConnection:StartConnection
 【线程ID】: 42 
 【日志内容】:连接数据服务器失败，请检查IP和端口
 【日记详细】：System.Net.Sockets.SocketException (0x80004005): 由于目标计算机积极拒绝，无法连接。 127.0.0.1:7788
   在 System.Net.Sockets.Socket.EndConnect(IAsyncResult asyncResult)
   在 WebUI.Models.RealTimeConnection.TCPConnection.<StartConnection>b__16_0(IAsyncResult asyncResult) 位置 C:\Users\ychost\Desktop\MesCable\WebUI\Models\RealTimeConnection\TCPConnection.cs:行号 217
 
---------------------------------------------------------------------------------------------------------------
 【时间】:2016-10-25 10:46:19,085
 【级别】:ERROR
 【类名】:WebUI.Models.RealTimeConnection.TCPConnection:StartConnection
 【线程ID】: 42 
 【日志内容】:连接数据服务器失败，请检查IP和端口
 【日记详细】：System.Net.Sockets.SocketException (0x80004005): 由于目标计算机积极拒绝，无法连接。 127.0.0.1:7788
   在 System.Net.Sockets.Socket.EndConnect(IAsyncResult asyncResult)
   在 WebUI.Models.RealTimeConnection.TCPConnection.<StartConnection>b__16_0(IAsyncResult asyncResult) 位置 C:\Users\ychost\Desktop\MesCable\WebUI\Models\RealTimeConnection\TCPConnection.cs:行号 217
 
---------------------------------------------------------------------------------------------------------------
 【时间】:2016-10-25 10:49:10,553
 【级别】:ERROR
 【类名】:WebUI.Models.RealTimeConnection.TCPConnection:StartConnection
 【线程ID】: 31 
 【日志内容】:连接数据服务器失败，请检查IP和端口
 【日记详细】：System.Net.Sockets.SocketException (0x80004005): 由于目标计算机积极拒绝，无法连接。 127.0.0.1:7788
   在 System.Net.Sockets.Socket.EndConnect(IAsyncResult asyncResult)
   在 WebUI.Models.RealTimeConnection.TCPConnection.<StartConnection>b__16_0(IAsyncResult asyncResult) 位置 C:\Users\ychost\Desktop\MesCable\WebUI\Models\RealTimeConnection\TCPConnection.cs:行号 217
 
---------------------------------------------------------------------------------------------------------------
 【时间】:2016-10-25 10:56:20,521
 【级别】:ERROR
 【类名】:WebUI.Models.RealTimeConnection.TCPConnection:StartConnection
 【线程ID】: 90 
 【日志内容】:连接数据服务器失败，请检查IP和端口
 【日记详细】：System.Net.Sockets.SocketException (0x80004005): 由于目标计算机积极拒绝，无法连接。 127.0.0.1:7788
   在 System.Net.Sockets.Socket.EndConnect(IAsyncResult asyncResult)
   在 WebUI.Models.RealTimeConnection.TCPConnection.<StartConnection>b__16_0(IAsyncResult asyncResult) 位置 C:\Users\ychost\Desktop\MesCable\WebUI\Models\RealTimeConnection\TCPConnection.cs:行号 217
 
---------------------------------------------------------------------------------------------------------------
 【时间】:2016-10-25 10:57:36,516
 【级别】:ERROR
 【类名】:WebUI.Models.RealTimeConnection.TCPConnection:StartConnection
 【线程ID】: 46 
 【日志内容】:连接数据服务器失败，请检查IP和端口
 【日记详细】：System.Net.Sockets.SocketException (0x80004005): 由于目标计算机积极拒绝，无法连接。 127.0.0.1:7788
   在 System.Net.Sockets.Socket.EndConnect(IAsyncResult asyncResult)
   在 WebUI.Models.RealTimeConnection.TCPConnection.<StartConnection>b__16_0(IAsyncResult asyncResult) 位置 C:\Users\ychost\Desktop\MesCable\WebUI\Models\RealTimeConnection\TCPConnection.cs:行号 217
 
---------------------------------------------------------------------------------------------------------------
 【时间】:2016-10-25 11:01:35,901
 【级别】:ERROR
 【类名】:WebUI.Models.RealTimeConnection.TCPConnection:StartConnection
 【线程ID】: 15 
 【日志内容】:连接数据服务器失败，请检查IP和端口
 【日记详细】：System.Net.Sockets.SocketException (0x80004005): 由于目标计算机积极拒绝，无法连接。 127.0.0.1:7788
   在 System.Net.Sockets.Socket.EndConnect(IAsyncResult asyncResult)
   在 WebUI.Models.RealTimeConnection.TCPConnection.<StartConnection>b__16_0(IAsyncResult asyncResult) 位置 C:\Users\ychost\Desktop\MesCable\WebUI\Models\RealTimeConnection\TCPConnection.cs:行号 217
 
---------------------------------------------------------------------------------------------------------------
 【时间】:2016-10-25 11:02:07,381
 【级别】:ERROR
 【类名】:WebUI.Models.RealTimeConnection.TCPConnection:StartConnection
 【线程ID】: 75 
 【日志内容】:连接数据服务器失败，请检查IP和端口
 【日记详细】：System.ArgumentException: 未从此类上对应的异步方法中返回 IAsyncResult 对象。
参数名: asyncResult
   在 System.Net.Sockets.Socket.EndConnect(IAsyncResult asyncResult)
   在 WebUI.Models.RealTimeConnection.TCPConnection.<StartConnection>b__16_0(IAsyncResult asyncResult) 位置 C:\Users\ychost\Desktop\MesCable\WebUI\Models\RealTimeConnection\TCPConnection.cs:行号 217
 
---------------------------------------------------------------------------------------------------------------
 【时间】:2016-10-25 11:02:07,381
 【级别】:ERROR
 【类名】:WebUI.Models.RealTimeConnection.TCPConnection:StartConnection
 【线程ID】: 27 
 【日志内容】:连接数据服务器失败，请检查IP和端口
 【日记详细】：System.Net.Sockets.SocketException (0x80004005): 由于目标计算机积极拒绝，无法连接。 127.0.0.1:7788
   在 System.Net.Sockets.Socket.EndConnect(IAsyncResult asyncResult)
   在 WebUI.Models.RealTimeConnection.TCPConnection.<StartConnection>b__16_0(IAsyncResult asyncResult) 位置 C:\Users\ychost\Desktop\MesCable\WebUI\Models\RealTimeConnection\TCPConnection.cs:行号 217
 
---------------------------------------------------------------------------------------------------------------
 【时间】:2016-10-25 11:02:50,002
 【级别】:ERROR
 【类名】:WebUI.Models.RealTimeConnection.TCPConnection:StartConnection
 【线程ID】: 27 
 【日志内容】:连接数据服务器失败，请检查IP和端口
 【日记详细】：System.Net.Sockets.SocketException (0x80004005): 由于目标计算机积极拒绝，无法连接。 127.0.0.1:7788
   在 System.Net.Sockets.Socket.EndConnect(IAsyncResult asyncResult)
   在 WebUI.Models.RealTimeConnection.TCPConnection.<StartConnection>b__16_0(IAsyncResult asyncResult) 位置 C:\Users\ychost\Desktop\MesCable\WebUI\Models\RealTimeConnection\TCPConnection.cs:行号 217
 
---------------------------------------------------------------------------------------------------------------
 【时间】:2016-10-25 11:05:14,486
 【级别】:ERROR
 【类名】:WebUI.Models.RealTimeConnection.TCPConnection:StartConnection
 【线程ID】: 46 
 【日志内容】:连接数据服务器失败，请检查IP和端口
 【日记详细】：System.Net.Sockets.SocketException (0x80004005): 由于目标计算机积极拒绝，无法连接。 127.0.0.1:7788
   在 System.Net.Sockets.Socket.EndConnect(IAsyncResult asyncResult)
   在 WebUI.Models.RealTimeConnection.TCPConnection.<StartConnection>b__16_0(IAsyncResult asyncResult) 位置 C:\Users\ychost\Desktop\MesCable\WebUI\Models\RealTimeConnection\TCPConnection.cs:行号 217
 
---------------------------------------------------------------------------------------------------------------
 【时间】:2016-10-25 11:08:12,038
 【级别】:ERROR
 【类名】:WebUI.Models.RealTimeConnection.TCPConnection:StartConnection
 【线程ID】: 66 
 【日志内容】:连接数据服务器失败，请检查IP和端口
 【日记详细】：System.Net.Sockets.SocketException (0x80004005): 由于目标计算机积极拒绝，无法连接。 127.0.0.1:7788
   在 System.Net.Sockets.Socket.EndConnect(IAsyncResult asyncResult)
   在 WebUI.Models.RealTimeConnection.TCPConnection.<StartConnection>b__16_0(IAsyncResult asyncResult) 位置 C:\Users\ychost\Desktop\MesCable\WebUI\Models\RealTimeConnection\TCPConnection.cs:行号 217
 
---------------------------------------------------------------------------------------------------------------
 【时间】:2016-10-25 11:09:17,904
 【级别】:ERROR
 【类名】:WebUI.Models.RealTimeConnection.TCPConnection:StartConnection
 【线程ID】: 13 
 【日志内容】:连接数据服务器失败，请检查IP和端口
 【日记详细】：System.Net.Sockets.SocketException (0x80004005): 由于目标计算机积极拒绝，无法连接。 127.0.0.1:7788
   在 System.Net.Sockets.Socket.EndConnect(IAsyncResult asyncResult)
   在 WebUI.Models.RealTimeConnection.TCPConnection.<StartConnection>b__16_0(IAsyncResult asyncResult) 位置 C:\Users\ychost\Desktop\MesCable\WebUI\Models\RealTimeConnection\TCPConnection.cs:行号 217
 
---------------------------------------------------------------------------------------------------------------
 【时间】:2016-10-25 11:09:17,908
 【级别】:ERROR
 【类名】:WebUI.Models.RealTimeConnection.TCPConnection:StartConnection
 【线程ID】: 12 
 【日志内容】:连接数据服务器失败，请检查IP和端口
 【日记详细】：System.ArgumentException: 未从此类上对应的异步方法中返回 IAsyncResult 对象。
参数名: asyncResult
   在 System.Net.Sockets.Socket.EndConnect(IAsyncResult asyncResult)
   在 WebUI.Models.RealTimeConnection.TCPConnection.<StartConnection>b__16_0(IAsyncResult asyncResult) 位置 C:\Users\ychost\Desktop\MesCable\WebUI\Models\RealTimeConnection\TCPConnection.cs:行号 217
 
---------------------------------------------------------------------------------------------------------------
 【时间】:2016-10-25 11:09:35,915
 【级别】:ERROR
 【类名】:WebUI.Models.RealTimeConnection.TCPConnection:StartConnection
 【线程ID】: 12 
 【日志内容】:连接数据服务器失败，请检查IP和端口
 【日记详细】：System.Net.Sockets.SocketException (0x80004005): 由于目标计算机积极拒绝，无法连接。 127.0.0.1:7788
   在 System.Net.Sockets.Socket.EndConnect(IAsyncResult asyncResult)
   在 WebUI.Models.RealTimeConnection.TCPConnection.<StartConnection>b__16_0(IAsyncResult asyncResult) 位置 C:\Users\ychost\Desktop\MesCable\WebUI\Models\RealTimeConnection\TCPConnection.cs:行号 217
 
---------------------------------------------------------------------------------------------------------------
 【时间】:2016-10-25 11:10:51,037
 【级别】:ERROR
 【类名】:WebUI.Models.RealTimeConnection.TCPConnection:StartConnection
 【线程ID】: 21 
 【日志内容】:连接数据服务器失败，请检查IP和端口
 【日记详细】：System.Net.Sockets.SocketException (0x80004005): 由于目标计算机积极拒绝，无法连接。 127.0.0.1:7788
   在 System.Net.Sockets.Socket.EndConnect(IAsyncResult asyncResult)
   在 WebUI.Models.RealTimeConnection.TCPConnection.<StartConnection>b__16_0(IAsyncResult asyncResult) 位置 C:\Users\ychost\Desktop\MesCable\WebUI\Models\RealTimeConnection\TCPConnection.cs:行号 217
 
---------------------------------------------------------------------------------------------------------------
 【时间】:2016-10-25 11:10:57,716
 【级别】:ERROR
 【类名】:WebUI.Models.RealTimeConnection.TCPConnection:StartConnection
 【线程ID】: 21 
 【日志内容】:连接数据服务器失败，请检查IP和端口
 【日记详细】：System.Net.Sockets.SocketException (0x80004005): 由于目标计算机积极拒绝，无法连接。 127.0.0.1:7788
   在 System.Net.Sockets.Socket.EndConnect(IAsyncResult asyncResult)
   在 WebUI.Models.RealTimeConnection.TCPConnection.<StartConnection>b__16_0(IAsyncResult asyncResult) 位置 C:\Users\ychost\Desktop\MesCable\WebUI\Models\RealTimeConnection\TCPConnection.cs:行号 217
 
---------------------------------------------------------------------------------------------------------------
 【时间】:2016-10-25 11:12:09,873
 【级别】:ERROR
 【类名】:WebUI.Models.RealTimeConnection.TCPConnection:StartConnection
 【线程ID】: 31 
 【日志内容】:连接数据服务器失败，请检查IP和端口
 【日记详细】：System.Net.Sockets.SocketException (0x80004005): 由于目标计算机积极拒绝，无法连接。 127.0.0.1:7788
   在 System.Net.Sockets.Socket.EndConnect(IAsyncResult asyncResult)
   在 WebUI.Models.RealTimeConnection.TCPConnection.<StartConnection>b__16_0(IAsyncResult asyncResult) 位置 C:\Users\ychost\Desktop\MesCable\WebUI\Models\RealTimeConnection\TCPConnection.cs:行号 217
 
---------------------------------------------------------------------------------------------------------------
 【时间】:2016-10-25 11:15:20,957
 【级别】:ERROR
 【类名】:WebUI.Models.RealTimeConnection.TCPConnection:StartConnection
 【线程ID】: 19 
 【日志内容】:连接数据服务器失败，请检查IP和端口
 【日记详细】：System.Net.Sockets.SocketException (0x80004005): 由于目标计算机积极拒绝，无法连接。 127.0.0.1:7788
   在 System.Net.Sockets.Socket.EndConnect(IAsyncResult asyncResult)
   在 WebUI.Models.RealTimeConnection.TCPConnection.<StartConnection>b__16_0(IAsyncResult asyncResult) 位置 C:\Users\ychost\Desktop\MesCable\WebUI\Models\RealTimeConnection\TCPConnection.cs:行号 217
 
---------------------------------------------------------------------------------------------------------------
 【时间】:2016-10-25 11:16:12,694
 【级别】:ERROR
 【类名】:WebUI.Models.RealTimeConnection.TCPConnection:StartConnection
 【线程ID】: 19 
 【日志内容】:连接数据服务器失败，请检查IP和端口
 【日记详细】：System.Net.Sockets.SocketException (0x80004005): 由于目标计算机积极拒绝，无法连接。 127.0.0.1:7788
   在 System.Net.Sockets.Socket.EndConnect(IAsyncResult asyncResult)
   在 WebUI.Models.RealTimeConnection.TCPConnection.<StartConnection>b__16_0(IAsyncResult asyncResult) 位置 C:\Users\ychost\Desktop\MesCable\WebUI\Models\RealTimeConnection\TCPConnection.cs:行号 217
 
---------------------------------------------------------------------------------------------------------------
 【时间】:2016-10-25 11:17:03,990
 【级别】:ERROR
 【类名】:WebUI.Models.RealTimeConnection.TCPConnection:StartConnection
 【线程ID】: 51 
 【日志内容】:连接数据服务器失败，请检查IP和端口
 【日记详细】：System.Net.Sockets.SocketException (0x80004005): 由于目标计算机积极拒绝，无法连接。 127.0.0.1:7788
   在 System.Net.Sockets.Socket.EndConnect(IAsyncResult asyncResult)
   在 WebUI.Models.RealTimeConnection.TCPConnection.<StartConnection>b__16_0(IAsyncResult asyncResult) 位置 C:\Users\ychost\Desktop\MesCable\WebUI\Models\RealTimeConnection\TCPConnection.cs:行号 217
 
---------------------------------------------------------------------------------------------------------------
 【时间】:2016-10-25 11:17:21,827
 【级别】:ERROR
 【类名】:WebUI.Models.RealTimeConnection.TCPConnection:StartConnection
 【线程ID】: 21 
 【日志内容】:连接数据服务器失败，请检查IP和端口
 【日记详细】：System.Net.Sockets.SocketException (0x80004005): 由于目标计算机积极拒绝，无法连接。 127.0.0.1:7788
   在 System.Net.Sockets.Socket.EndConnect(IAsyncResult asyncResult)
   在 WebUI.Models.RealTimeConnection.TCPConnection.<StartConnection>b__16_0(IAsyncResult asyncResult) 位置 C:\Users\ychost\Desktop\MesCable\WebUI\Models\RealTimeConnection\TCPConnection.cs:行号 217
 
---------------------------------------------------------------------------------------------------------------
 【时间】:2016-10-25 11:18:00,081
 【级别】:ERROR
 【类名】:WebUI.Models.RealTimeConnection.TCPConnection:StartConnection
 【线程ID】: 50 
 【日志内容】:连接数据服务器失败，请检查IP和端口
 【日记详细】：System.Net.Sockets.SocketException (0x80004005): 由于目标计算机积极拒绝，无法连接。 127.0.0.1:7788
   在 System.Net.Sockets.Socket.EndConnect(IAsyncResult asyncResult)
   在 WebUI.Models.RealTimeConnection.TCPConnection.<StartConnection>b__16_0(IAsyncResult asyncResult) 位置 C:\Users\ychost\Desktop\MesCable\WebUI\Models\RealTimeConnection\TCPConnection.cs:行号 217
 
---------------------------------------------------------------------------------------------------------------
 【时间】:2016-10-25 11:18:26,276
 【级别】:ERROR
 【类名】:WebUI.Models.RealTimeConnection.TCPConnection:StartConnection
 【线程ID】: 50 
 【日志内容】:连接数据服务器失败，请检查IP和端口
 【日记详细】：System.Net.Sockets.SocketException (0x80004005): 由于目标计算机积极拒绝，无法连接。 127.0.0.1:7788
   在 System.Net.Sockets.Socket.EndConnect(IAsyncResult asyncResult)
   在 WebUI.Models.RealTimeConnection.TCPConnection.<StartConnection>b__16_0(IAsyncResult asyncResult) 位置 C:\Users\ychost\Desktop\MesCable\WebUI\Models\RealTimeConnection\TCPConnection.cs:行号 217
 
---------------------------------------------------------------------------------------------------------------
 【时间】:2016-10-25 11:19:07,021
 【级别】:ERROR
 【类名】:WebUI.Models.RealTimeConnection.TCPConnection:StartConnection
 【线程ID】: 50 
 【日志内容】:连接数据服务器失败，请检查IP和端口
 【日记详细】：System.Net.Sockets.SocketException (0x80004005): 由于目标计算机积极拒绝，无法连接。 127.0.0.1:7788
   在 System.Net.Sockets.Socket.EndConnect(IAsyncResult asyncResult)
   在 WebUI.Models.RealTimeConnection.TCPConnection.<StartConnection>b__16_0(IAsyncResult asyncResult) 位置 C:\Users\ychost\Desktop\MesCable\WebUI\Models\RealTimeConnection\TCPConnection.cs:行号 217
 
---------------------------------------------------------------------------------------------------------------
 【时间】:2016-10-25 11:22:22,144
 【级别】:ERROR
 【类名】:WebUI.Models.RealTimeConnection.TCPConnection:StartConnection
 【线程ID】: 50 
 【日志内容】:连接数据服务器失败，请检查IP和端口
 【日记详细】：System.Net.Sockets.SocketException (0x80004005): 由于目标计算机积极拒绝，无法连接。 127.0.0.1:7788
   在 System.Net.Sockets.Socket.EndConnect(IAsyncResult asyncResult)
   在 WebUI.Models.RealTimeConnection.TCPConnection.<StartConnection>b__16_0(IAsyncResult asyncResult) 位置 C:\Users\ychost\Desktop\MesCable\WebUI\Models\RealTimeConnection\TCPConnection.cs:行号 217
 
---------------------------------------------------------------------------------------------------------------
 【时间】:2016-10-25 11:22:37,653
 【级别】:ERROR
 【类名】:WebUI.Models.RealTimeConnection.TCPConnection:StartConnection
 【线程ID】: 53 
 【日志内容】:连接数据服务器失败，请检查IP和端口
 【日记详细】：System.Net.Sockets.SocketException (0x80004005): 由于目标计算机积极拒绝，无法连接。 127.0.0.1:7788
   在 System.Net.Sockets.Socket.EndConnect(IAsyncResult asyncResult)
   在 WebUI.Models.RealTimeConnection.TCPConnection.<StartConnection>b__16_0(IAsyncResult asyncResult) 位置 C:\Users\ychost\Desktop\MesCable\WebUI\Models\RealTimeConnection\TCPConnection.cs:行号 217
 
---------------------------------------------------------------------------------------------------------------
 【时间】:2016-10-25 11:26:31,458
 【级别】:ERROR
 【类名】:WebUI.Models.RealTimeConnection.TCPConnection:StartConnection
 【线程ID】: 67 
 【日志内容】:连接数据服务器失败，请检查IP和端口
 【日记详细】：System.Net.Sockets.SocketException (0x80004005): 由于目标计算机积极拒绝，无法连接。 127.0.0.1:7788
   在 System.Net.Sockets.Socket.EndConnect(IAsyncResult asyncResult)
   在 WebUI.Models.RealTimeConnection.TCPConnection.<StartConnection>b__16_0(IAsyncResult asyncResult) 位置 C:\Users\ychost\Desktop\MesCable\WebUI\Models\RealTimeConnection\TCPConnection.cs:行号 217
 
---------------------------------------------------------------------------------------------------------------
 【时间】:2016-10-25 11:27:08,384
 【级别】:ERROR
 【类名】:WebUI.Models.RealTimeConnection.TCPConnection:StartConnection
 【线程ID】: 67 
 【日志内容】:连接数据服务器失败，请检查IP和端口
 【日记详细】：System.Net.Sockets.SocketException (0x80004005): 由于目标计算机积极拒绝，无法连接。 127.0.0.1:7788
   在 System.Net.Sockets.Socket.EndConnect(IAsyncResult asyncResult)
   在 WebUI.Models.RealTimeConnection.TCPConnection.<StartConnection>b__16_0(IAsyncResult asyncResult) 位置 C:\Users\ychost\Desktop\MesCable\WebUI\Models\RealTimeConnection\TCPConnection.cs:行号 217
 
---------------------------------------------------------------------------------------------------------------
 【时间】:2016-10-25 11:27:39,546
 【级别】:ERROR
 【类名】:WebUI.Models.RealTimeConnection.TCPConnection:StartConnection
 【线程ID】: 71 
 【日志内容】:连接数据服务器失败，请检查IP和端口
 【日记详细】：System.Net.Sockets.SocketException (0x80004005): 由于目标计算机积极拒绝，无法连接。 127.0.0.1:7788
   在 System.Net.Sockets.Socket.EndConnect(IAsyncResult asyncResult)
   在 WebUI.Models.RealTimeConnection.TCPConnection.<StartConnection>b__16_0(IAsyncResult asyncResult) 位置 C:\Users\ychost\Desktop\MesCable\WebUI\Models\RealTimeConnection\TCPConnection.cs:行号 217
 
---------------------------------------------------------------------------------------------------------------
 【时间】:2016-10-25 11:29:17,532
 【级别】:ERROR
 【类名】:WebUI.Models.RealTimeConnection.TCPConnection:StartConnection
 【线程ID】: 68 
 【日志内容】:连接数据服务器失败，请检查IP和端口
 【日记详细】：System.ArgumentException: 未从此类上对应的异步方法中返回 IAsyncResult 对象。
参数名: asyncResult
   在 System.Net.Sockets.Socket.EndConnect(IAsyncResult asyncResult)
   在 WebUI.Models.RealTimeConnection.TCPConnection.<StartConnection>b__16_0(IAsyncResult asyncResult) 位置 C:\Users\ychost\Desktop\MesCable\WebUI\Models\RealTimeConnection\TCPConnection.cs:行号 217
 
---------------------------------------------------------------------------------------------------------------
 【时间】:2016-10-25 11:29:17,537
 【级别】:ERROR
 【类名】:WebUI.Models.RealTimeConnection.TCPConnection:StartConnection
 【线程ID】: 82 
 【日志内容】:连接数据服务器失败，请检查IP和端口
 【日记详细】：System.Net.Sockets.SocketException (0x80004005): 由于目标计算机积极拒绝，无法连接。 127.0.0.1:7788
   在 System.Net.Sockets.Socket.EndConnect(IAsyncResult asyncResult)
   在 WebUI.Models.RealTimeConnection.TCPConnection.<StartConnection>b__16_0(IAsyncResult asyncResult) 位置 C:\Users\ychost\Desktop\MesCable\WebUI\Models\RealTimeConnection\TCPConnection.cs:行号 217
 
---------------------------------------------------------------------------------------------------------------
 【时间】:2016-10-25 11:29:29,212
 【级别】:ERROR
 【类名】:WebUI.Models.RealTimeConnection.TCPConnection:StartConnection
 【线程ID】: 68 
 【日志内容】:连接数据服务器失败，请检查IP和端口
 【日记详细】：System.Net.Sockets.SocketException (0x80004005): 由于目标计算机积极拒绝，无法连接。 127.0.0.1:7788
   在 System.Net.Sockets.Socket.EndConnect(IAsyncResult asyncResult)
   在 WebUI.Models.RealTimeConnection.TCPConnection.<StartConnection>b__16_0(IAsyncResult asyncResult) 位置 C:\Users\ychost\Desktop\MesCable\WebUI\Models\RealTimeConnection\TCPConnection.cs:行号 217
 
---------------------------------------------------------------------------------------------------------------
 【时间】:2016-10-25 11:34:32,209
 【级别】:ERROR
 【类名】:WebUI.Models.RealTimeConnection.TCPConnection:StartConnection
 【线程ID】: 38 
 【日志内容】:连接数据服务器失败，请检查IP和端口
 【日记详细】：System.Net.Sockets.SocketException (0x80004005): 由于目标计算机积极拒绝，无法连接。 127.0.0.1:7788
   在 System.Net.Sockets.Socket.EndConnect(IAsyncResult asyncResult)
   在 WebUI.Models.RealTimeConnection.TCPConnection.<StartConnection>b__16_0(IAsyncResult asyncResult) 位置 C:\Users\ychost\Desktop\MesCable\WebUI\Models\RealTimeConnection\TCPConnection.cs:行号 217
 
---------------------------------------------------------------------------------------------------------------
 【时间】:2016-10-25 11:35:21,240
 【级别】:ERROR
 【类名】:WebUI.Models.RealTimeConnection.TCPConnection:StartConnection
 【线程ID】: 31 
 【日志内容】:连接数据服务器失败，请检查IP和端口
 【日记详细】：System.Net.Sockets.SocketException (0x80004005): 由于目标计算机积极拒绝，无法连接。 127.0.0.1:7788
   在 System.Net.Sockets.Socket.EndConnect(IAsyncResult asyncResult)
   在 WebUI.Models.RealTimeConnection.TCPConnection.<StartConnection>b__16_0(IAsyncResult asyncResult) 位置 C:\Users\ychost\Desktop\MesCable\WebUI\Models\RealTimeConnection\TCPConnection.cs:行号 217
 
---------------------------------------------------------------------------------------------------------------
 【时间】:2016-10-25 11:35:54,104
 【级别】:ERROR
 【类名】:WebUI.Models.RealTimeConnection.TCPConnection:StartConnection
 【线程ID】: 88 
 【日志内容】:连接数据服务器失败，请检查IP和端口
 【日记详细】：System.Net.Sockets.SocketException (0x80004005): 由于目标计算机积极拒绝，无法连接。 127.0.0.1:7788
   在 System.Net.Sockets.Socket.EndConnect(IAsyncResult asyncResult)
   在 WebUI.Models.RealTimeConnection.TCPConnection.<StartConnection>b__16_0(IAsyncResult asyncResult) 位置 C:\Users\ychost\Desktop\MesCable\WebUI\Models\RealTimeConnection\TCPConnection.cs:行号 217
 
---------------------------------------------------------------------------------------------------------------
 【时间】:2016-10-25 11:36:17,810
 【级别】:ERROR
 【类名】:WebUI.Models.RealTimeConnection.TCPConnection:StartConnection
 【线程ID】: 88 
 【日志内容】:连接数据服务器失败，请检查IP和端口
 【日记详细】：System.Net.Sockets.SocketException (0x80004005): 由于目标计算机积极拒绝，无法连接。 127.0.0.1:7788
   在 System.Net.Sockets.Socket.EndConnect(IAsyncResult asyncResult)
   在 WebUI.Models.RealTimeConnection.TCPConnection.<StartConnection>b__16_0(IAsyncResult asyncResult) 位置 C:\Users\ychost\Desktop\MesCable\WebUI\Models\RealTimeConnection\TCPConnection.cs:行号 217
 
---------------------------------------------------------------------------------------------------------------
 【时间】:2016-10-25 11:36:50,661
 【级别】:ERROR
 【类名】:WebUI.Models.RealTimeConnection.TCPConnection:StartConnection
 【线程ID】: 87 
 【日志内容】:连接数据服务器失败，请检查IP和端口
 【日记详细】：System.Net.Sockets.SocketException (0x80004005): 由于目标计算机积极拒绝，无法连接。 127.0.0.1:7788
   在 System.Net.Sockets.Socket.EndConnect(IAsyncResult asyncResult)
   在 WebUI.Models.RealTimeConnection.TCPConnection.<StartConnection>b__16_0(IAsyncResult asyncResult) 位置 C:\Users\ychost\Desktop\MesCable\WebUI\Models\RealTimeConnection\TCPConnection.cs:行号 217
 
---------------------------------------------------------------------------------------------------------------
 【时间】:2016-10-25 11:38:13,485
 【级别】:ERROR
 【类名】:WebUI.Models.RealTimeConnection.TCPConnection:StartConnection
 【线程ID】: 40 
 【日志内容】:连接数据服务器失败，请检查IP和端口
 【日记详细】：System.Net.Sockets.SocketException (0x80004005): 由于目标计算机积极拒绝，无法连接。 127.0.0.1:7788
   在 System.Net.Sockets.Socket.EndConnect(IAsyncResult asyncResult)
   在 WebUI.Models.RealTimeConnection.TCPConnection.<StartConnection>b__16_0(IAsyncResult asyncResult) 位置 C:\Users\ychost\Desktop\MesCable\WebUI\Models\RealTimeConnection\TCPConnection.cs:行号 217
 
---------------------------------------------------------------------------------------------------------------
 【时间】:2016-10-25 11:40:33,436
 【级别】:ERROR
 【类名】:WebUI.Models.RealTimeConnection.TCPConnection:StartConnection
 【线程ID】: 78 
 【日志内容】:连接数据服务器失败，请检查IP和端口
 【日记详细】：System.Net.Sockets.SocketException (0x80004005): 由于目标计算机积极拒绝，无法连接。 127.0.0.1:7788
   在 System.Net.Sockets.Socket.EndConnect(IAsyncResult asyncResult)
   在 WebUI.Models.RealTimeConnection.TCPConnection.<StartConnection>b__16_0(IAsyncResult asyncResult) 位置 C:\Users\ychost\Desktop\MesCable\WebUI\Models\RealTimeConnection\TCPConnection.cs:行号 217
 
---------------------------------------------------------------------------------------------------------------
 【时间】:2016-10-25 11:41:41,766
 【级别】:ERROR
 【类名】:WebUI.Models.RealTimeConnection.TCPConnection:StartConnection
 【线程ID】: 78 
 【日志内容】:连接数据服务器失败，请检查IP和端口
 【日记详细】：System.Net.Sockets.SocketException (0x80004005): 由于目标计算机积极拒绝，无法连接。 127.0.0.1:7788
   在 System.Net.Sockets.Socket.EndConnect(IAsyncResult asyncResult)
   在 WebUI.Models.RealTimeConnection.TCPConnection.<StartConnection>b__16_0(IAsyncResult asyncResult) 位置 C:\Users\ychost\Desktop\MesCable\WebUI\Models\RealTimeConnection\TCPConnection.cs:行号 217
 
---------------------------------------------------------------------------------------------------------------
 【时间】:2016-10-25 11:48:20,776
 【级别】:ERROR
 【类名】:WebUI.Models.RealTimeConnection.TCPConnection:StartConnection
 【线程ID】: 111 
 【日志内容】:连接数据服务器失败，请检查IP和端口
 【日记详细】：System.Net.Sockets.SocketException (0x80004005): 由于目标计算机积极拒绝，无法连接。 127.0.0.1:7788
   在 System.Net.Sockets.Socket.EndConnect(IAsyncResult asyncResult)
   在 WebUI.Models.RealTimeConnection.TCPConnection.<StartConnection>b__16_0(IAsyncResult asyncResult) 位置 C:\Users\ychost\Desktop\MesCable\WebUI\Models\RealTimeConnection\TCPConnection.cs:行号 217
 
---------------------------------------------------------------------------------------------------------------
 【时间】:2016-10-25 11:50:13,497
 【级别】:ERROR
 【类名】:WebUI.Models.RealTimeConnection.TCPConnection:StartConnection
 【线程ID】: 111 
 【日志内容】:连接数据服务器失败，请检查IP和端口
 【日记详细】：System.Net.Sockets.SocketException (0x80004005): 由于目标计算机积极拒绝，无法连接。 127.0.0.1:7788
   在 System.Net.Sockets.Socket.EndConnect(IAsyncResult asyncResult)
   在 WebUI.Models.RealTimeConnection.TCPConnection.<StartConnection>b__16_0(IAsyncResult asyncResult) 位置 C:\Users\ychost\Desktop\MesCable\WebUI\Models\RealTimeConnection\TCPConnection.cs:行号 217
 
---------------------------------------------------------------------------------------------------------------
 【时间】:2016-10-25 11:50:33,751
 【级别】:ERROR
 【类名】:WebUI.Models.RealTimeConnection.TCPConnection:StartConnection
 【线程ID】: 125 
 【日志内容】:连接数据服务器失败，请检查IP和端口
 【日记详细】：System.Net.Sockets.SocketException (0x80004005): 由于目标计算机积极拒绝，无法连接。 127.0.0.1:7788
   在 System.Net.Sockets.Socket.EndConnect(IAsyncResult asyncResult)
   在 WebUI.Models.RealTimeConnection.TCPConnection.<StartConnection>b__16_0(IAsyncResult asyncResult) 位置 C:\Users\ychost\Desktop\MesCable\WebUI\Models\RealTimeConnection\TCPConnection.cs:行号 217
 
---------------------------------------------------------------------------------------------------------------
 【时间】:2016-10-25 11:53:02,412
 【级别】:ERROR
 【类名】:WebUI.Models.RealTimeConnection.TCPConnection:StartConnection
 【线程ID】: 130 
 【日志内容】:连接数据服务器失败，请检查IP和端口
 【日记详细】：System.Net.Sockets.SocketException (0x80004005): 由于目标计算机积极拒绝，无法连接。 127.0.0.1:7788
   在 System.Net.Sockets.Socket.EndConnect(IAsyncResult asyncResult)
   在 WebUI.Models.RealTimeConnection.TCPConnection.<StartConnection>b__16_0(IAsyncResult asyncResult) 位置 C:\Users\ychost\Desktop\MesCable\WebUI\Models\RealTimeConnection\TCPConnection.cs:行号 217
 
---------------------------------------------------------------------------------------------------------------
 【时间】:2016-10-25 11:54:14,787
 【级别】:ERROR
 【类名】:WebUI.Models.RealTimeConnection.TCPConnection:StartConnection
 【线程ID】: 108 
 【日志内容】:连接数据服务器失败，请检查IP和端口
 【日记详细】：System.Net.Sockets.SocketException (0x80004005): 由于目标计算机积极拒绝，无法连接。 127.0.0.1:7788
   在 System.Net.Sockets.Socket.EndConnect(IAsyncResult asyncResult)
   在 WebUI.Models.RealTimeConnection.TCPConnection.<StartConnection>b__16_0(IAsyncResult asyncResult) 位置 C:\Users\ychost\Desktop\MesCable\WebUI\Models\RealTimeConnection\TCPConnection.cs:行号 217
 
---------------------------------------------------------------------------------------------------------------
 【时间】:2016-10-25 11:55:05,079
 【级别】:ERROR
 【类名】:WebUI.Models.RealTimeConnection.TCPConnection:StartConnection
 【线程ID】: 108 
 【日志内容】:连接数据服务器失败，请检查IP和端口
 【日记详细】：System.Net.Sockets.SocketException (0x80004005): 由于目标计算机积极拒绝，无法连接。 127.0.0.1:7788
   在 System.Net.Sockets.Socket.EndConnect(IAsyncResult asyncResult)
   在 WebUI.Models.RealTimeConnection.TCPConnection.<StartConnection>b__16_0(IAsyncResult asyncResult) 位置 C:\Users\ychost\Desktop\MesCable\WebUI\Models\RealTimeConnection\TCPConnection.cs:行号 217
 
---------------------------------------------------------------------------------------------------------------
 【时间】:2016-10-25 11:57:02,010
 【级别】:ERROR
 【类名】:WebUI.Models.RealTimeConnection.TCPConnection:StartConnection
 【线程ID】: 98 
 【日志内容】:连接数据服务器失败，请检查IP和端口
 【日记详细】：System.Net.Sockets.SocketException (0x80004005): 由于目标计算机积极拒绝，无法连接。 127.0.0.1:7788
   在 System.Net.Sockets.Socket.EndConnect(IAsyncResult asyncResult)
   在 WebUI.Models.RealTimeConnection.TCPConnection.<StartConnection>b__16_0(IAsyncResult asyncResult) 位置 C:\Users\ychost\Desktop\MesCable\WebUI\Models\RealTimeConnection\TCPConnection.cs:行号 217
 
---------------------------------------------------------------------------------------------------------------
 【时间】:2016-10-25 11:58:34,166
 【级别】:ERROR
 【类名】:WebUI.Models.RealTimeConnection.TCPConnection:StartConnection
 【线程ID】: 97 
 【日志内容】:连接数据服务器失败，请检查IP和端口
 【日记详细】：System.Net.Sockets.SocketException (0x80004005): 由于目标计算机积极拒绝，无法连接。 127.0.0.1:7788
   在 System.Net.Sockets.Socket.EndConnect(IAsyncResult asyncResult)
   在 WebUI.Models.RealTimeConnection.TCPConnection.<StartConnection>b__16_0(IAsyncResult asyncResult) 位置 C:\Users\ychost\Desktop\MesCable\WebUI\Models\RealTimeConnection\TCPConnection.cs:行号 217
 
---------------------------------------------------------------------------------------------------------------
 【时间】:2016-10-25 11:59:07,906
 【级别】:ERROR
 【类名】:WebUI.Models.RealTimeConnection.TCPConnection:StartConnection
 【线程ID】: 97 
 【日志内容】:连接数据服务器失败，请检查IP和端口
 【日记详细】：System.Net.Sockets.SocketException (0x80004005): 由于目标计算机积极拒绝，无法连接。 127.0.0.1:7788
   在 System.Net.Sockets.Socket.EndConnect(IAsyncResult asyncResult)
   在 WebUI.Models.RealTimeConnection.TCPConnection.<StartConnection>b__16_0(IAsyncResult asyncResult) 位置 C:\Users\ychost\Desktop\MesCable\WebUI\Models\RealTimeConnection\TCPConnection.cs:行号 217
 
---------------------------------------------------------------------------------------------------------------
 【时间】:2016-10-25 11:59:07,902
 【级别】:ERROR
 【类名】:WebUI.Models.RealTimeConnection.TCPConnection:StartConnection
 【线程ID】: 102 
 【日志内容】:连接数据服务器失败，请检查IP和端口
 【日记详细】：System.ArgumentException: 未从此类上对应的异步方法中返回 IAsyncResult 对象。
参数名: asyncResult
   在 System.Net.Sockets.Socket.EndConnect(IAsyncResult asyncResult)
   在 WebUI.Models.RealTimeConnection.TCPConnection.<StartConnection>b__16_0(IAsyncResult asyncResult) 位置 C:\Users\ychost\Desktop\MesCable\WebUI\Models\RealTimeConnection\TCPConnection.cs:行号 217
 
---------------------------------------------------------------------------------------------------------------
 【时间】:2016-10-25 12:00:07,440
 【级别】:ERROR
 【类名】:WebUI.Models.RealTimeConnection.TCPConnection:StartConnection
 【线程ID】: 102 
 【日志内容】:连接数据服务器失败，请检查IP和端口
 【日记详细】：System.Net.Sockets.SocketException (0x80004005): 由于目标计算机积极拒绝，无法连接。 127.0.0.1:7788
   在 System.Net.Sockets.Socket.EndConnect(IAsyncResult asyncResult)
   在 WebUI.Models.RealTimeConnection.TCPConnection.<StartConnection>b__16_0(IAsyncResult asyncResult) 位置 C:\Users\ychost\Desktop\MesCable\WebUI\Models\RealTimeConnection\TCPConnection.cs:行号 217
 
---------------------------------------------------------------------------------------------------------------
 【时间】:2016-10-25 12:01:00,406
 【级别】:ERROR
 【类名】:WebUI.Models.RealTimeConnection.TCPConnection:StartConnection
 【线程ID】: 97 
 【日志内容】:连接数据服务器失败，请检查IP和端口
 【日记详细】：System.Net.Sockets.SocketException (0x80004005): 由于目标计算机积极拒绝，无法连接。 127.0.0.1:7788
   在 System.Net.Sockets.Socket.EndConnect(IAsyncResult asyncResult)
   在 WebUI.Models.RealTimeConnection.TCPConnection.<StartConnection>b__16_0(IAsyncResult asyncResult) 位置 C:\Users\ychost\Desktop\MesCable\WebUI\Models\RealTimeConnection\TCPConnection.cs:行号 217
 
---------------------------------------------------------------------------------------------------------------
 【时间】:2016-10-25 12:09:35,583
 【级别】:ERROR
 【类名】:WebUI.Models.RealTimeConnection.TCPConnection:StartConnection
 【线程ID】: 124 
 【日志内容】:连接数据服务器失败，请检查IP和端口
 【日记详细】：System.Net.Sockets.SocketException (0x80004005): 由于目标计算机积极拒绝，无法连接。 127.0.0.1:7788
   在 System.Net.Sockets.Socket.EndConnect(IAsyncResult asyncResult)
   在 WebUI.Models.RealTimeConnection.TCPConnection.<StartConnection>b__16_0(IAsyncResult asyncResult) 位置 C:\Users\ychost\Desktop\MesCable\WebUI\Models\RealTimeConnection\TCPConnection.cs:行号 217
 
---------------------------------------------------------------------------------------------------------------
 【时间】:2016-10-25 12:32:56,182
 【级别】:ERROR
 【类名】:WebUI.Models.RealTimeConnection.TCPConnection:StartConnection
 【线程ID】: 101 
 【日志内容】:连接数据服务器失败，请检查IP和端口
 【日记详细】：System.Net.Sockets.SocketException (0x80004005): 由于目标计算机积极拒绝，无法连接。 127.0.0.1:7788
   在 System.Net.Sockets.Socket.EndConnect(IAsyncResult asyncResult)
   在 WebUI.Models.RealTimeConnection.TCPConnection.<StartConnection>b__16_0(IAsyncResult asyncResult) 位置 C:\Users\ychost\Desktop\MesCable\WebUI\Models\RealTimeConnection\TCPConnection.cs:行号 217
 
---------------------------------------------------------------------------------------------------------------
 【时间】:2016-10-25 12:32:59,819
 【级别】:ERROR
 【类名】:WebUI.Models.RealTimeConnection.TCPConnection:StartConnection
 【线程ID】: 101 
 【日志内容】:连接数据服务器失败，请检查IP和端口
 【日记详细】：System.Net.Sockets.SocketException (0x80004005): 由于目标计算机积极拒绝，无法连接。 127.0.0.1:7788
   在 System.Net.Sockets.Socket.EndConnect(IAsyncResult asyncResult)
   在 WebUI.Models.RealTimeConnection.TCPConnection.<StartConnection>b__16_0(IAsyncResult asyncResult) 位置 C:\Users\ychost\Desktop\MesCable\WebUI\Models\RealTimeConnection\TCPConnection.cs:行号 217
 
---------------------------------------------------------------------------------------------------------------
 【时间】:2016-10-25 12:33:18,219
 【级别】:ERROR
 【类名】:WebUI.Models.RealTimeConnection.TCPConnection:StartConnection
 【线程ID】: 101 
 【日志内容】:连接数据服务器失败，请检查IP和端口
 【日记详细】：System.Net.Sockets.SocketException (0x80004005): 由于目标计算机积极拒绝，无法连接。 127.0.0.1:7788
   在 System.Net.Sockets.Socket.EndConnect(IAsyncResult asyncResult)
   在 WebUI.Models.RealTimeConnection.TCPConnection.<StartConnection>b__16_0(IAsyncResult asyncResult) 位置 C:\Users\ychost\Desktop\MesCable\WebUI\Models\RealTimeConnection\TCPConnection.cs:行号 217
 
---------------------------------------------------------------------------------------------------------------
 【时间】:2016-10-25 12:33:45,854
 【级别】:ERROR
 【类名】:WebUI.Models.RealTimeConnection.TCPConnection:StartConnection
 【线程ID】: 72 
 【日志内容】:连接数据服务器失败，请检查IP和端口
 【日记详细】：System.Net.Sockets.SocketException (0x80004005): 由于目标计算机积极拒绝，无法连接。 127.0.0.1:7788
   在 System.Net.Sockets.Socket.EndConnect(IAsyncResult asyncResult)
   在 WebUI.Models.RealTimeConnection.TCPConnection.<StartConnection>b__16_0(IAsyncResult asyncResult) 位置 C:\Users\ychost\Desktop\MesCable\WebUI\Models\RealTimeConnection\TCPConnection.cs:行号 217
 
---------------------------------------------------------------------------------------------------------------
 【时间】:2016-10-25 12:34:06,141
 【级别】:ERROR
 【类名】:WebUI.Models.RealTimeConnection.TCPConnection:StartConnection
 【线程ID】: 86 
 【日志内容】:连接数据服务器失败，请检查IP和端口
 【日记详细】：System.Net.Sockets.SocketException (0x80004005): 由于目标计算机积极拒绝，无法连接。 127.0.0.1:7788
   在 System.Net.Sockets.Socket.EndConnect(IAsyncResult asyncResult)
   在 WebUI.Models.RealTimeConnection.TCPConnection.<StartConnection>b__16_0(IAsyncResult asyncResult) 位置 C:\Users\ychost\Desktop\MesCable\WebUI\Models\RealTimeConnection\TCPConnection.cs:行号 217
 
---------------------------------------------------------------------------------------------------------------
 【时间】:2016-10-25 12:34:28,645
 【级别】:ERROR
 【类名】:WebUI.Models.RealTimeConnection.TCPConnection:StartConnection
 【线程ID】: 86 
 【日志内容】:连接数据服务器失败，请检查IP和端口
 【日记详细】：System.Net.Sockets.SocketException (0x80004005): 由于目标计算机积极拒绝，无法连接。 127.0.0.1:7788
   在 System.Net.Sockets.Socket.EndConnect(IAsyncResult asyncResult)
   在 WebUI.Models.RealTimeConnection.TCPConnection.<StartConnection>b__16_0(IAsyncResult asyncResult) 位置 C:\Users\ychost\Desktop\MesCable\WebUI\Models\RealTimeConnection\TCPConnection.cs:行号 217
 
---------------------------------------------------------------------------------------------------------------
 【时间】:2016-10-25 12:34:36,657
 【级别】:ERROR
 【类名】:WebUI.Models.RealTimeConnection.TCPConnection:StartConnection
 【线程ID】: 86 
 【日志内容】:连接数据服务器失败，请检查IP和端口
 【日记详细】：System.Net.Sockets.SocketException (0x80004005): 由于目标计算机积极拒绝，无法连接。 127.0.0.1:7788
   在 System.Net.Sockets.Socket.EndConnect(IAsyncResult asyncResult)
   在 WebUI.Models.RealTimeConnection.TCPConnection.<StartConnection>b__16_0(IAsyncResult asyncResult) 位置 C:\Users\ychost\Desktop\MesCable\WebUI\Models\RealTimeConnection\TCPConnection.cs:行号 217
 
---------------------------------------------------------------------------------------------------------------
 【时间】:2016-10-25 12:34:51,105
 【级别】:ERROR
 【类名】:WebUI.Models.RealTimeConnection.TCPConnection:StartConnection
 【线程ID】: 58 
 【日志内容】:连接数据服务器失败，请检查IP和端口
 【日记详细】：System.Net.Sockets.SocketException (0x80004005): 由于目标计算机积极拒绝，无法连接。 127.0.0.1:7788
   在 System.Net.Sockets.Socket.EndConnect(IAsyncResult asyncResult)
   在 WebUI.Models.RealTimeConnection.TCPConnection.<StartConnection>b__16_0(IAsyncResult asyncResult) 位置 C:\Users\ychost\Desktop\MesCable\WebUI\Models\RealTimeConnection\TCPConnection.cs:行号 217
 
---------------------------------------------------------------------------------------------------------------
 【时间】:2016-10-25 12:35:18,949
 【级别】:ERROR
 【类名】:WebUI.Models.RealTimeConnection.TCPConnection:StartConnection
 【线程ID】: 51 
 【日志内容】:连接数据服务器失败，请检查IP和端口
 【日记详细】：System.Net.Sockets.SocketException (0x80004005): 由于目标计算机积极拒绝，无法连接。 127.0.0.1:7788
   在 System.Net.Sockets.Socket.EndConnect(IAsyncResult asyncResult)
   在 WebUI.Models.RealTimeConnection.TCPConnection.<StartConnection>b__16_0(IAsyncResult asyncResult) 位置 C:\Users\ychost\Desktop\MesCable\WebUI\Models\RealTimeConnection\TCPConnection.cs:行号 217
 
---------------------------------------------------------------------------------------------------------------
 【时间】:2016-10-25 12:35:45,768
 【级别】:ERROR
 【类名】:WebUI.Models.RealTimeConnection.TCPConnection:StartConnection
 【线程ID】: 51 
 【日志内容】:连接数据服务器失败，请检查IP和端口
 【日记详细】：System.Net.Sockets.SocketException (0x80004005): 由于目标计算机积极拒绝，无法连接。 127.0.0.1:7788
   在 System.Net.Sockets.Socket.EndConnect(IAsyncResult asyncResult)
   在 WebUI.Models.RealTimeConnection.TCPConnection.<StartConnection>b__16_0(IAsyncResult asyncResult) 位置 C:\Users\ychost\Desktop\MesCable\WebUI\Models\RealTimeConnection\TCPConnection.cs:行号 217
 
---------------------------------------------------------------------------------------------------------------
 【时间】:2016-10-25 12:36:03,353
 【级别】:ERROR
 【类名】:WebUI.Models.RealTimeConnection.TCPConnection:StartConnection
 【线程ID】: 26 
 【日志内容】:连接数据服务器失败，请检查IP和端口
 【日记详细】：System.Net.Sockets.SocketException (0x80004005): 由于目标计算机积极拒绝，无法连接。 127.0.0.1:7788
   在 System.Net.Sockets.Socket.EndConnect(IAsyncResult asyncResult)
   在 WebUI.Models.RealTimeConnection.TCPConnection.<StartConnection>b__16_0(IAsyncResult asyncResult) 位置 C:\Users\ychost\Desktop\MesCable\WebUI\Models\RealTimeConnection\TCPConnection.cs:行号 217
 
---------------------------------------------------------------------------------------------------------------
 【时间】:2016-10-25 12:39:54,066
 【级别】:ERROR
 【类名】:WebUI.Models.RealTimeConnection.TCPConnection:StartConnection
 【线程ID】: 87 
 【日志内容】:连接数据服务器失败，请检查IP和端口
 【日记详细】：System.Net.Sockets.SocketException (0x80004005): 由于目标计算机积极拒绝，无法连接。 127.0.0.1:7788
   在 System.Net.Sockets.Socket.EndConnect(IAsyncResult asyncResult)
   在 WebUI.Models.RealTimeConnection.TCPConnection.<StartConnection>b__16_0(IAsyncResult asyncResult) 位置 C:\Users\ychost\Desktop\MesCable\WebUI\Models\RealTimeConnection\TCPConnection.cs:行号 217
 
---------------------------------------------------------------------------------------------------------------
 【时间】:2016-10-25 12:41:20,864
 【级别】:ERROR
 【类名】:WebUI.Models.RealTimeConnection.TCPConnection:StartConnection
 【线程ID】: 87 
 【日志内容】:连接数据服务器失败，请检查IP和端口
 【日记详细】：System.Net.Sockets.SocketException (0x80004005): 由于目标计算机积极拒绝，无法连接。 127.0.0.1:7788
   在 System.Net.Sockets.Socket.EndConnect(IAsyncResult asyncResult)
   在 WebUI.Models.RealTimeConnection.TCPConnection.<StartConnection>b__16_0(IAsyncResult asyncResult) 位置 C:\Users\ychost\Desktop\MesCable\WebUI\Models\RealTimeConnection\TCPConnection.cs:行号 217
 
---------------------------------------------------------------------------------------------------------------
 【时间】:2016-10-25 12:41:51,595
 【级别】:ERROR
 【类名】:WebUI.Models.RealTimeConnection.TCPConnection:StartConnection
 【线程ID】: 67 
 【日志内容】:连接数据服务器失败，请检查IP和端口
 【日记详细】：System.Net.Sockets.SocketException (0x80004005): 由于目标计算机积极拒绝，无法连接。 127.0.0.1:7788
   在 System.Net.Sockets.Socket.EndConnect(IAsyncResult asyncResult)
   在 WebUI.Models.RealTimeConnection.TCPConnection.<StartConnection>b__16_0(IAsyncResult asyncResult) 位置 C:\Users\ychost\Desktop\MesCable\WebUI\Models\RealTimeConnection\TCPConnection.cs:行号 217
 
---------------------------------------------------------------------------------------------------------------
 【时间】:2016-10-25 12:43:09,439
 【级别】:ERROR
 【类名】:WebUI.Models.RealTimeConnection.TCPConnection:StartConnection
 【线程ID】: 30 
 【日志内容】:连接数据服务器失败，请检查IP和端口
 【日记详细】：System.Net.Sockets.SocketException (0x80004005): 由于目标计算机积极拒绝，无法连接。 127.0.0.1:7788
   在 System.Net.Sockets.Socket.EndConnect(IAsyncResult asyncResult)
   在 WebUI.Models.RealTimeConnection.TCPConnection.<StartConnection>b__16_0(IAsyncResult asyncResult) 位置 C:\Users\ychost\Desktop\MesCable\WebUI\Models\RealTimeConnection\TCPConnection.cs:行号 217
 
---------------------------------------------------------------------------------------------------------------
 【时间】:2016-10-25 12:43:26,456
 【级别】:ERROR
 【类名】:WebUI.Models.RealTimeConnection.TCPConnection:StartConnection
 【线程ID】: 56 
 【日志内容】:连接数据服务器失败，请检查IP和端口
 【日记详细】：System.ArgumentException: 未从此类上对应的异步方法中返回 IAsyncResult 对象。
参数名: asyncResult
   在 System.Net.Sockets.Socket.EndConnect(IAsyncResult asyncResult)
   在 WebUI.Models.RealTimeConnection.TCPConnection.<StartConnection>b__16_0(IAsyncResult asyncResult) 位置 C:\Users\ychost\Desktop\MesCable\WebUI\Models\RealTimeConnection\TCPConnection.cs:行号 217
 
---------------------------------------------------------------------------------------------------------------
 【时间】:2016-10-25 12:43:26,456
 【级别】:ERROR
 【类名】:WebUI.Models.RealTimeConnection.TCPConnection:StartConnection
 【线程ID】: 30 
 【日志内容】:连接数据服务器失败，请检查IP和端口
 【日记详细】：System.Net.Sockets.SocketException (0x80004005): 由于目标计算机积极拒绝，无法连接。 127.0.0.1:7788
   在 System.Net.Sockets.Socket.EndConnect(IAsyncResult asyncResult)
   在 WebUI.Models.RealTimeConnection.TCPConnection.<StartConnection>b__16_0(IAsyncResult asyncResult) 位置 C:\Users\ychost\Desktop\MesCable\WebUI\Models\RealTimeConnection\TCPConnection.cs:行号 217
 
---------------------------------------------------------------------------------------------------------------
 【时间】:2016-10-25 12:44:33,771
 【级别】:ERROR
 【类名】:WebUI.Models.RealTimeConnection.TCPConnection:StartConnection
 【线程ID】: 30 
 【日志内容】:连接数据服务器失败，请检查IP和端口
 【日记详细】：System.Net.Sockets.SocketException (0x80004005): 由于目标计算机积极拒绝，无法连接。 127.0.0.1:7788
   在 System.Net.Sockets.Socket.EndConnect(IAsyncResult asyncResult)
   在 WebUI.Models.RealTimeConnection.TCPConnection.<StartConnection>b__16_0(IAsyncResult asyncResult) 位置 C:\Users\ychost\Desktop\MesCable\WebUI\Models\RealTimeConnection\TCPConnection.cs:行号 217
 
---------------------------------------------------------------------------------------------------------------
 【时间】:2016-10-25 12:45:43,498
 【级别】:ERROR
 【类名】:WebUI.Models.RealTimeConnection.TCPConnection:StartConnection
 【线程ID】: 31 
 【日志内容】:连接数据服务器失败，请检查IP和端口
 【日记详细】：System.Net.Sockets.SocketException (0x80004005): 由于目标计算机积极拒绝，无法连接。 127.0.0.1:7788
   在 System.Net.Sockets.Socket.EndConnect(IAsyncResult asyncResult)
   在 WebUI.Models.RealTimeConnection.TCPConnection.<StartConnection>b__16_0(IAsyncResult asyncResult) 位置 C:\Users\ychost\Desktop\MesCable\WebUI\Models\RealTimeConnection\TCPConnection.cs:行号 217
 
---------------------------------------------------------------------------------------------------------------
 【时间】:2016-10-25 12:46:12,143
 【级别】:ERROR
 【类名】:WebUI.Models.RealTimeConnection.TCPConnection:StartConnection
 【线程ID】: 31 
 【日志内容】:连接数据服务器失败，请检查IP和端口
 【日记详细】：System.Net.Sockets.SocketException (0x80004005): 由于目标计算机积极拒绝，无法连接。 127.0.0.1:7788
   在 System.Net.Sockets.Socket.EndConnect(IAsyncResult asyncResult)
   在 WebUI.Models.RealTimeConnection.TCPConnection.<StartConnection>b__16_0(IAsyncResult asyncResult) 位置 C:\Users\ychost\Desktop\MesCable\WebUI\Models\RealTimeConnection\TCPConnection.cs:行号 217
 
---------------------------------------------------------------------------------------------------------------
 【时间】:2016-10-25 12:48:43,517
 【级别】:ERROR
 【类名】:WebUI.Models.RealTimeConnection.TCPConnection:StartConnection
 【线程ID】: 108 
 【日志内容】:连接数据服务器失败，请检查IP和端口
 【日记详细】：System.Net.Sockets.SocketException (0x80004005): 由于目标计算机积极拒绝，无法连接。 127.0.0.1:7788
   在 System.Net.Sockets.Socket.EndConnect(IAsyncResult asyncResult)
   在 WebUI.Models.RealTimeConnection.TCPConnection.<StartConnection>b__16_0(IAsyncResult asyncResult) 位置 C:\Users\ychost\Desktop\MesCable\WebUI\Models\RealTimeConnection\TCPConnection.cs:行号 217
 
---------------------------------------------------------------------------------------------------------------
 【时间】:2016-10-25 12:49:36,882
 【级别】:ERROR
 【类名】:WebUI.Models.RealTimeConnection.TCPConnection:StartConnection
 【线程ID】: 98 
 【日志内容】:连接数据服务器失败，请检查IP和端口
 【日记详细】：System.Net.Sockets.SocketException (0x80004005): 由于目标计算机积极拒绝，无法连接。 127.0.0.1:7788
   在 System.Net.Sockets.Socket.EndConnect(IAsyncResult asyncResult)
   在 WebUI.Models.RealTimeConnection.TCPConnection.<StartConnection>b__16_0(IAsyncResult asyncResult) 位置 C:\Users\ychost\Desktop\MesCable\WebUI\Models\RealTimeConnection\TCPConnection.cs:行号 217
 
---------------------------------------------------------------------------------------------------------------
 【时间】:2016-10-25 12:50:01,537
 【级别】:ERROR
 【类名】:WebUI.Models.RealTimeConnection.TCPConnection:StartConnection
 【线程ID】: 103 
 【日志内容】:连接数据服务器失败，请检查IP和端口
 【日记详细】：System.Net.Sockets.SocketException (0x80004005): 由于目标计算机积极拒绝，无法连接。 127.0.0.1:7788
   在 System.Net.Sockets.Socket.EndConnect(IAsyncResult asyncResult)
   在 WebUI.Models.RealTimeConnection.TCPConnection.<StartConnection>b__16_0(IAsyncResult asyncResult) 位置 C:\Users\ychost\Desktop\MesCable\WebUI\Models\RealTimeConnection\TCPConnection.cs:行号 217
 
---------------------------------------------------------------------------------------------------------------
 【时间】:2016-10-25 12:50:19,166
 【级别】:ERROR
 【类名】:WebUI.Models.RealTimeConnection.TCPConnection:StartConnection
 【线程ID】: 103 
 【日志内容】:连接数据服务器失败，请检查IP和端口
 【日记详细】：System.Net.Sockets.SocketException (0x80004005): 由于目标计算机积极拒绝，无法连接。 127.0.0.1:7788
   在 System.Net.Sockets.Socket.EndConnect(IAsyncResult asyncResult)
   在 WebUI.Models.RealTimeConnection.TCPConnection.<StartConnection>b__16_0(IAsyncResult asyncResult) 位置 C:\Users\ychost\Desktop\MesCable\WebUI\Models\RealTimeConnection\TCPConnection.cs:行号 217
 
---------------------------------------------------------------------------------------------------------------
 【时间】:2016-10-25 12:51:10,363
 【级别】:ERROR
 【类名】:WebUI.Models.RealTimeConnection.TCPConnection:StartConnection
 【线程ID】: 106 
 【日志内容】:连接数据服务器失败，请检查IP和端口
 【日记详细】：System.Net.Sockets.SocketException (0x80004005): 由于目标计算机积极拒绝，无法连接。 127.0.0.1:7788
   在 System.Net.Sockets.Socket.EndConnect(IAsyncResult asyncResult)
   在 WebUI.Models.RealTimeConnection.TCPConnection.<StartConnection>b__16_0(IAsyncResult asyncResult) 位置 C:\Users\ychost\Desktop\MesCable\WebUI\Models\RealTimeConnection\TCPConnection.cs:行号 217
 
---------------------------------------------------------------------------------------------------------------
 【时间】:2016-10-25 12:53:44,921
 【级别】:ERROR
 【类名】:WebUI.Models.RealTimeConnection.TCPConnection:StartConnection
 【线程ID】: 110 
 【日志内容】:连接数据服务器失败，请检查IP和端口
 【日记详细】：System.Net.Sockets.SocketException (0x80004005): 由于目标计算机积极拒绝，无法连接。 127.0.0.1:7788
   在 System.Net.Sockets.Socket.EndConnect(IAsyncResult asyncResult)
   在 WebUI.Models.RealTimeConnection.TCPConnection.<StartConnection>b__16_0(IAsyncResult asyncResult) 位置 C:\Users\ychost\Desktop\MesCable\WebUI\Models\RealTimeConnection\TCPConnection.cs:行号 217
 
---------------------------------------------------------------------------------------------------------------
 【时间】:2016-10-25 20:52:27,086
 【级别】:ERROR
 【类名】:WebUI.Models.RealTimeConnection.TCPConnection:StartConnection
 【线程ID】: 4 
 【日志内容】:连接数据服务器失败，请检查IP和端口
 【日记详细】：System.ArgumentException: 未从此类上对应的异步方法中返回 IAsyncResult 对象。
参数名: asyncResult
   在 System.Net.Sockets.Socket.EndConnect(IAsyncResult asyncResult)
   在 WebUI.Models.RealTimeConnection.TCPConnection.<StartConnection>b__16_0(IAsyncResult asyncResult) 位置 C:\Users\ychost\Desktop\MesCable\WebUI\Models\RealTimeConnection\TCPConnection.cs:行号 217
 
---------------------------------------------------------------------------------------------------------------
 【时间】:2016-10-25 20:52:27,087
 【级别】:ERROR
 【类名】:WebUI.Models.RealTimeConnection.TCPConnection:StartConnection
 【线程ID】: 11 
 【日志内容】:连接数据服务器失败，请检查IP和端口
 【日记详细】：System.Net.Sockets.SocketException (0x80004005): 由于目标计算机积极拒绝，无法连接。 127.0.0.1:7788
   在 System.Net.Sockets.Socket.EndConnect(IAsyncResult asyncResult)
   在 WebUI.Models.RealTimeConnection.TCPConnection.<StartConnection>b__16_0(IAsyncResult asyncResult) 位置 C:\Users\ychost\Desktop\MesCable\WebUI\Models\RealTimeConnection\TCPConnection.cs:行号 217
 
---------------------------------------------------------------------------------------------------------------
 【时间】:2016-10-25 21:03:20,104
 【级别】:ERROR
 【类名】:WebUI.Models.RealTimeConnection.TCPConnection:StartConnection
 【线程ID】: 46 
 【日志内容】:连接数据服务器失败，请检查IP和端口
 【日记详细】：System.Net.Sockets.SocketException (0x80004005): 由于目标计算机积极拒绝，无法连接。 127.0.0.1:7788
   在 System.Net.Sockets.Socket.EndConnect(IAsyncResult asyncResult)
   在 WebUI.Models.RealTimeConnection.TCPConnection.<StartConnection>b__16_0(IAsyncResult asyncResult) 位置 C:\Users\ychost\Desktop\MesCable\WebUI\Models\RealTimeConnection\TCPConnection.cs:行号 217
 
---------------------------------------------------------------------------------------------------------------
 【时间】:2016-10-25 21:05:41,801
 【级别】:ERROR
 【类名】:WebUI.Models.RealTimeConnection.TCPConnection:StartConnection
 【线程ID】: 57 
 【日志内容】:连接数据服务器失败，请检查IP和端口
 【日记详细】：System.Net.Sockets.SocketException (0x80004005): 由于目标计算机积极拒绝，无法连接。 127.0.0.1:7788
   在 System.Net.Sockets.Socket.EndConnect(IAsyncResult asyncResult)
   在 WebUI.Models.RealTimeConnection.TCPConnection.<StartConnection>b__16_0(IAsyncResult asyncResult) 位置 C:\Users\ychost\Desktop\MesCable\WebUI\Models\RealTimeConnection\TCPConnection.cs:行号 217
 
---------------------------------------------------------------------------------------------------------------
 【时间】:2016-10-25 21:06:40,621
 【级别】:ERROR
 【类名】:WebUI.Models.RealTimeConnection.TCPConnection:StartConnection
 【线程ID】: 50 
 【日志内容】:连接数据服务器失败，请检查IP和端口
 【日记详细】：System.Net.Sockets.SocketException (0x80004005): 由于目标计算机积极拒绝，无法连接。 127.0.0.1:7788
   在 System.Net.Sockets.Socket.EndConnect(IAsyncResult asyncResult)
   在 WebUI.Models.RealTimeConnection.TCPConnection.<StartConnection>b__16_0(IAsyncResult asyncResult) 位置 C:\Users\ychost\Desktop\MesCable\WebUI\Models\RealTimeConnection\TCPConnection.cs:行号 217
 
---------------------------------------------------------------------------------------------------------------
 【时间】:2016-10-25 21:07:23,130
 【级别】:ERROR
 【类名】:WebUI.Models.RealTimeConnection.TCPConnection:StartConnection
 【线程ID】: 58 
 【日志内容】:连接数据服务器失败，请检查IP和端口
 【日记详细】：System.Net.Sockets.SocketException (0x80004005): 由于目标计算机积极拒绝，无法连接。 127.0.0.1:7788
   在 System.Net.Sockets.Socket.EndConnect(IAsyncResult asyncResult)
   在 WebUI.Models.RealTimeConnection.TCPConnection.<StartConnection>b__16_0(IAsyncResult asyncResult) 位置 C:\Users\ychost\Desktop\MesCable\WebUI\Models\RealTimeConnection\TCPConnection.cs:行号 217
 
---------------------------------------------------------------------------------------------------------------
 【时间】:2016-10-25 22:01:46,802
 【级别】:ERROR
 【类名】:WebUI.Models.RealTimeConnection.TCPConnection:StartConnection
 【线程ID】: 5 
 【日志内容】:连接数据服务器失败，请检查IP和端口
 【日记详细】：System.ArgumentException: 未从此类上对应的异步方法中返回 IAsyncResult 对象。
参数名: asyncResult
   在 System.Net.Sockets.Socket.EndConnect(IAsyncResult asyncResult)
   在 WebUI.Models.RealTimeConnection.TCPConnection.<StartConnection>b__16_0(IAsyncResult asyncResult) 位置 C:\Users\ychost\Desktop\MesCable\WebUI\Models\RealTimeConnection\TCPConnection.cs:行号 217
 
---------------------------------------------------------------------------------------------------------------
 【时间】:2016-10-25 22:01:46,963
 【级别】:ERROR
 【类名】:WebUI.Models.RealTimeConnection.TCPConnection:StartConnection
 【线程ID】: 5 
 【日志内容】:连接数据服务器失败，请检查IP和端口
 【日记详细】：System.Net.Sockets.SocketException (0x80004005): 由于目标计算机积极拒绝，无法连接。 127.0.0.1:7788
   在 System.Net.Sockets.Socket.EndConnect(IAsyncResult asyncResult)
   在 WebUI.Models.RealTimeConnection.TCPConnection.<StartConnection>b__16_0(IAsyncResult asyncResult) 位置 C:\Users\ychost\Desktop\MesCable\WebUI\Models\RealTimeConnection\TCPConnection.cs:行号 217
 
---------------------------------------------------------------------------------------------------------------
 【时间】:2016-10-25 22:43:09,068
 【级别】:ERROR
 【类名】:WebUI.Models.RealTimeConnection.TCPConnection:StartConnection
 【线程ID】: 58 
 【日志内容】:连接数据服务器失败，请检查IP和端口
 【日记详细】：System.Net.Sockets.SocketException (0x80004005): 由于目标计算机积极拒绝，无法连接。 127.0.0.1:7788
   在 System.Net.Sockets.Socket.EndConnect(IAsyncResult asyncResult)
   在 WebUI.Models.RealTimeConnection.TCPConnection.<StartConnection>b__16_0(IAsyncResult asyncResult) 位置 C:\Users\ychost\Desktop\MesCable\WebUI\Models\RealTimeConnection\TCPConnection.cs:行号 217
 
---------------------------------------------------------------------------------------------------------------
