 【时间】:2016-10-20 14:46:46,943
 【级别】:ERROR
 【类名】:WebUI.Models.RealTimeConnection.TCPConnection:StartConnection
 【线程ID】: 22 
 【日志内容】:连接数据服务器失败，请检查IP和端口
 【日记详细】：System.ArgumentException: 未从此类上对应的异步方法中返回 IAsyncResult 对象。
参数名: asyncResult
   在 System.Net.Sockets.Socket.EndConnect(IAsyncResult asyncResult)
   在 WebUI.Models.RealTimeConnection.TCPConnection.<StartConnection>b__16_0(IAsyncResult asyncResult) 位置 C:\Users\ychost\Desktop\MesCable\WebUI\Models\RealTimeConnection\TCPConnection.cs:行号 217
 
---------------------------------------------------------------------------------------------------------------
 【时间】:2016-10-20 14:46:46,949
 【级别】:ERROR
 【类名】:WebUI.Models.RealTimeConnection.TCPConnection:StartConnection
 【线程ID】: 13 
 【日志内容】:连接数据服务器失败，请检查IP和端口
 【日记详细】：System.Net.Sockets.SocketException (0x80004005): 由于目标计算机积极拒绝，无法连接。 127.0.0.1:7788
   在 System.Net.Sockets.Socket.EndConnect(IAsyncResult asyncResult)
   在 WebUI.Models.RealTimeConnection.TCPConnection.<StartConnection>b__16_0(IAsyncResult asyncResult) 位置 C:\Users\ychost\Desktop\MesCable\WebUI\Models\RealTimeConnection\TCPConnection.cs:行号 217
 
---------------------------------------------------------------------------------------------------------------
 【时间】:2016-10-20 15:09:41,046
 【级别】:ERROR
 【类名】:WebUI.Models.RealTimeConnection.TCPConnection:StartConnection
 【线程ID】: 9 
 【日志内容】:连接数据服务器失败，请检查IP和端口
 【日记详细】：System.Net.Sockets.SocketException (0x80004005): 由于目标计算机积极拒绝，无法连接。 127.0.0.1:7788
   在 System.Net.Sockets.Socket.EndConnect(IAsyncResult asyncResult)
   在 WebUI.Models.RealTimeConnection.TCPConnection.<StartConnection>b__16_0(IAsyncResult asyncResult) 位置 C:\Users\ychost\Desktop\MesCable\WebUI\Models\RealTimeConnection\TCPConnection.cs:行号 217
 
---------------------------------------------------------------------------------------------------------------
 【时间】:2016-10-20 15:10:41,085
 【级别】:ERROR
 【类名】:WebUI.Models.RealTimeConnection.TCPConnection:StartConnection
 【线程ID】: 9 
 【日志内容】:连接数据服务器失败，请检查IP和端口
 【日记详细】：System.Net.Sockets.SocketException (0x80004005): 由于目标计算机积极拒绝，无法连接。 127.0.0.1:7788
   在 System.Net.Sockets.Socket.EndConnect(IAsyncResult asyncResult)
   在 WebUI.Models.RealTimeConnection.TCPConnection.<StartConnection>b__16_0(IAsyncResult asyncResult) 位置 C:\Users\ychost\Desktop\MesCable\WebUI\Models\RealTimeConnection\TCPConnection.cs:行号 217
 
---------------------------------------------------------------------------------------------------------------
 【时间】:2016-10-20 15:42:54,547
 【级别】:ERROR
 【类名】:WebUI.Models.RealTimeConnection.TCPConnection:StartConnection
 【线程ID】: 17 
 【日志内容】:连接数据服务器失败，请检查IP和端口
 【日记详细】：System.ArgumentException: 未从此类上对应的异步方法中返回 IAsyncResult 对象。
参数名: asyncResult
   在 System.Net.Sockets.Socket.EndConnect(IAsyncResult asyncResult)
   在 WebUI.Models.RealTimeConnection.TCPConnection.<StartConnection>b__16_0(IAsyncResult asyncResult) 位置 C:\Users\ychost\Desktop\MesCable\WebUI\Models\RealTimeConnection\TCPConnection.cs:行号 217
 
---------------------------------------------------------------------------------------------------------------
 【时间】:2016-10-20 15:42:54,549
 【级别】:ERROR
 【类名】:WebUI.Models.RealTimeConnection.TCPConnection:StartConnection
 【线程ID】: 16 
 【日志内容】:连接数据服务器失败，请检查IP和端口
 【日记详细】：System.Net.Sockets.SocketException (0x80004005): 由于目标计算机积极拒绝，无法连接。 127.0.0.1:7788
   在 System.Net.Sockets.Socket.EndConnect(IAsyncResult asyncResult)
   在 WebUI.Models.RealTimeConnection.TCPConnection.<StartConnection>b__16_0(IAsyncResult asyncResult) 位置 C:\Users\ychost\Desktop\MesCable\WebUI\Models\RealTimeConnection\TCPConnection.cs:行号 217
 
---------------------------------------------------------------------------------------------------------------
 【时间】:2016-10-20 15:46:09,283
 【级别】:ERROR
 【类名】:WebUI.Models.RealTimeConnection.TCPConnection:StartConnection
 【线程ID】: 26 
 【日志内容】:连接数据服务器失败，请检查IP和端口
 【日记详细】：System.Net.Sockets.SocketException (0x80004005): 由于目标计算机积极拒绝，无法连接。 127.0.0.1:7788
   在 System.Net.Sockets.Socket.EndConnect(IAsyncResult asyncResult)
   在 WebUI.Models.RealTimeConnection.TCPConnection.<StartConnection>b__16_0(IAsyncResult asyncResult) 位置 C:\Users\ychost\Desktop\MesCable\WebUI\Models\RealTimeConnection\TCPConnection.cs:行号 217
 
---------------------------------------------------------------------------------------------------------------
 【时间】:2016-10-20 15:46:37,452
 【级别】:ERROR
 【类名】:WebUI.Models.RealTimeConnection.TCPConnection:StartConnection
 【线程ID】: 26 
 【日志内容】:连接数据服务器失败，请检查IP和端口
 【日记详细】：System.Net.Sockets.SocketException (0x80004005): 由于目标计算机积极拒绝，无法连接。 127.0.0.1:7788
   在 System.Net.Sockets.Socket.EndConnect(IAsyncResult asyncResult)
   在 WebUI.Models.RealTimeConnection.TCPConnection.<StartConnection>b__16_0(IAsyncResult asyncResult) 位置 C:\Users\ychost\Desktop\MesCable\WebUI\Models\RealTimeConnection\TCPConnection.cs:行号 217
 
---------------------------------------------------------------------------------------------------------------
 【时间】:2016-10-20 15:48:18,616
 【级别】:ERROR
 【类名】:WebUI.Models.RealTimeConnection.TCPConnection:StartConnection
 【线程ID】: 36 
 【日志内容】:连接数据服务器失败，请检查IP和端口
 【日记详细】：System.Net.Sockets.SocketException (0x80004005): 由于目标计算机积极拒绝，无法连接。 127.0.0.1:7788
   在 System.Net.Sockets.Socket.EndConnect(IAsyncResult asyncResult)
   在 WebUI.Models.RealTimeConnection.TCPConnection.<StartConnection>b__16_0(IAsyncResult asyncResult) 位置 C:\Users\ychost\Desktop\MesCable\WebUI\Models\RealTimeConnection\TCPConnection.cs:行号 217
 
---------------------------------------------------------------------------------------------------------------
 【时间】:2016-10-20 16:05:05,745
 【级别】:ERROR
 【类名】:WebUI.Models.RealTimeConnection.TCPConnection:StartConnection
 【线程ID】: 28 
 【日志内容】:连接数据服务器失败，请检查IP和端口
 【日记详细】：System.Net.Sockets.SocketException (0x80004005): 由于目标计算机积极拒绝，无法连接。 127.0.0.1:7788
   在 System.Net.Sockets.Socket.EndConnect(IAsyncResult asyncResult)
   在 WebUI.Models.RealTimeConnection.TCPConnection.<StartConnection>b__16_0(IAsyncResult asyncResult) 位置 C:\Users\ychost\Desktop\MesCable\WebUI\Models\RealTimeConnection\TCPConnection.cs:行号 217
 
---------------------------------------------------------------------------------------------------------------
 【时间】:2016-10-20 16:05:37,913
 【级别】:ERROR
 【类名】:WebUI.Models.RealTimeConnection.TCPConnection:StartConnection
 【线程ID】: 25 
 【日志内容】:连接数据服务器失败，请检查IP和端口
 【日记详细】：System.Net.Sockets.SocketException (0x80004005): 由于目标计算机积极拒绝，无法连接。 127.0.0.1:7788
   在 System.Net.Sockets.Socket.EndConnect(IAsyncResult asyncResult)
   在 WebUI.Models.RealTimeConnection.TCPConnection.<StartConnection>b__16_0(IAsyncResult asyncResult) 位置 C:\Users\ychost\Desktop\MesCable\WebUI\Models\RealTimeConnection\TCPConnection.cs:行号 217
 
---------------------------------------------------------------------------------------------------------------
 【时间】:2016-10-20 16:05:47,295
 【级别】:ERROR
 【类名】:WebUI.Models.RealTimeConnection.TCPConnection:StartConnection
 【线程ID】: 24 
 【日志内容】:连接数据服务器失败，请检查IP和端口
 【日记详细】：System.Net.Sockets.SocketException (0x80004005): 由于目标计算机积极拒绝，无法连接。 127.0.0.1:7788
   在 System.Net.Sockets.Socket.EndConnect(IAsyncResult asyncResult)
   在 WebUI.Models.RealTimeConnection.TCPConnection.<StartConnection>b__16_0(IAsyncResult asyncResult) 位置 C:\Users\ychost\Desktop\MesCable\WebUI\Models\RealTimeConnection\TCPConnection.cs:行号 217
 
---------------------------------------------------------------------------------------------------------------
 【时间】:2016-10-20 16:06:10,702
 【级别】:ERROR
 【类名】:WebUI.Models.RealTimeConnection.TCPConnection:StartConnection
 【线程ID】: 50 
 【日志内容】:连接数据服务器失败，请检查IP和端口
 【日记详细】：System.Net.Sockets.SocketException (0x80004005): 由于目标计算机积极拒绝，无法连接。 127.0.0.1:7788
   在 System.Net.Sockets.Socket.EndConnect(IAsyncResult asyncResult)
   在 WebUI.Models.RealTimeConnection.TCPConnection.<StartConnection>b__16_0(IAsyncResult asyncResult) 位置 C:\Users\ychost\Desktop\MesCable\WebUI\Models\RealTimeConnection\TCPConnection.cs:行号 217
 
---------------------------------------------------------------------------------------------------------------
 【时间】:2016-10-20 16:07:13,949
 【级别】:ERROR
 【类名】:WebUI.Models.RealTimeConnection.TCPConnection:StartConnection
 【线程ID】: 50 
 【日志内容】:连接数据服务器失败，请检查IP和端口
 【日记详细】：System.Net.Sockets.SocketException (0x80004005): 由于目标计算机积极拒绝，无法连接。 127.0.0.1:7788
   在 System.Net.Sockets.Socket.EndConnect(IAsyncResult asyncResult)
   在 WebUI.Models.RealTimeConnection.TCPConnection.<StartConnection>b__16_0(IAsyncResult asyncResult) 位置 C:\Users\ychost\Desktop\MesCable\WebUI\Models\RealTimeConnection\TCPConnection.cs:行号 217
 
---------------------------------------------------------------------------------------------------------------
 【时间】:2016-10-20 16:11:56,674
 【级别】:ERROR
 【类名】:WebUI.Models.RealTimeConnection.TCPConnection:StartConnection
 【线程ID】: 59 
 【日志内容】:连接数据服务器失败，请检查IP和端口
 【日记详细】：System.ArgumentException: 未从此类上对应的异步方法中返回 IAsyncResult 对象。
参数名: asyncResult
   在 System.Net.Sockets.Socket.EndConnect(IAsyncResult asyncResult)
   在 WebUI.Models.RealTimeConnection.TCPConnection.<StartConnection>b__16_0(IAsyncResult asyncResult) 位置 C:\Users\ychost\Desktop\MesCable\WebUI\Models\RealTimeConnection\TCPConnection.cs:行号 217
 
---------------------------------------------------------------------------------------------------------------
 【时间】:2016-10-20 16:11:56,698
 【级别】:ERROR
 【类名】:WebUI.Models.RealTimeConnection.TCPConnection:StartConnection
 【线程ID】: 57 
 【日志内容】:连接数据服务器失败，请检查IP和端口
 【日记详细】：System.Net.Sockets.SocketException (0x80004005): 由于目标计算机积极拒绝，无法连接。 127.0.0.1:7788
   在 System.Net.Sockets.Socket.EndConnect(IAsyncResult asyncResult)
   在 WebUI.Models.RealTimeConnection.TCPConnection.<StartConnection>b__16_0(IAsyncResult asyncResult) 位置 C:\Users\ychost\Desktop\MesCable\WebUI\Models\RealTimeConnection\TCPConnection.cs:行号 217
 
---------------------------------------------------------------------------------------------------------------
 【时间】:2016-10-20 16:12:21,155
 【级别】:ERROR
 【类名】:WebUI.Models.RealTimeConnection.TCPConnection:StartConnection
 【线程ID】: 59 
 【日志内容】:连接数据服务器失败，请检查IP和端口
 【日记详细】：System.Net.Sockets.SocketException (0x80004005): 由于目标计算机积极拒绝，无法连接。 127.0.0.1:7788
   在 System.Net.Sockets.Socket.EndConnect(IAsyncResult asyncResult)
   在 WebUI.Models.RealTimeConnection.TCPConnection.<StartConnection>b__16_0(IAsyncResult asyncResult) 位置 C:\Users\ychost\Desktop\MesCable\WebUI\Models\RealTimeConnection\TCPConnection.cs:行号 217
 
---------------------------------------------------------------------------------------------------------------
 【时间】:2016-10-20 16:13:14,619
 【级别】:ERROR
 【类名】:WebUI.Models.RealTimeConnection.TCPConnection:StartConnection
 【线程ID】: 39 
 【日志内容】:连接数据服务器失败，请检查IP和端口
 【日记详细】：System.Net.Sockets.SocketException (0x80004005): 由于目标计算机积极拒绝，无法连接。 127.0.0.1:7788
   在 System.Net.Sockets.Socket.EndConnect(IAsyncResult asyncResult)
   在 WebUI.Models.RealTimeConnection.TCPConnection.<StartConnection>b__16_0(IAsyncResult asyncResult) 位置 C:\Users\ychost\Desktop\MesCable\WebUI\Models\RealTimeConnection\TCPConnection.cs:行号 217
 
---------------------------------------------------------------------------------------------------------------
 【时间】:2016-10-20 16:13:41,096
 【级别】:ERROR
 【类名】:WebUI.Models.RealTimeConnection.TCPConnection:StartConnection
 【线程ID】: 14 
 【日志内容】:连接数据服务器失败，请检查IP和端口
 【日记详细】：System.Net.Sockets.SocketException (0x80004005): 由于目标计算机积极拒绝，无法连接。 127.0.0.1:7788
   在 System.Net.Sockets.Socket.EndConnect(IAsyncResult asyncResult)
   在 WebUI.Models.RealTimeConnection.TCPConnection.<StartConnection>b__16_0(IAsyncResult asyncResult) 位置 C:\Users\ychost\Desktop\MesCable\WebUI\Models\RealTimeConnection\TCPConnection.cs:行号 217
 
---------------------------------------------------------------------------------------------------------------
 【时间】:2016-10-20 16:13:54,790
 【级别】:ERROR
 【类名】:WebUI.Models.RealTimeConnection.TCPConnection:StartConnection
 【线程ID】: 6 
 【日志内容】:连接数据服务器失败，请检查IP和端口
 【日记详细】：System.Net.Sockets.SocketException (0x80004005): 由于目标计算机积极拒绝，无法连接。 127.0.0.1:7788
   在 System.Net.Sockets.Socket.EndConnect(IAsyncResult asyncResult)
   在 WebUI.Models.RealTimeConnection.TCPConnection.<StartConnection>b__16_0(IAsyncResult asyncResult) 位置 C:\Users\ychost\Desktop\MesCable\WebUI\Models\RealTimeConnection\TCPConnection.cs:行号 217
 
---------------------------------------------------------------------------------------------------------------
 【时间】:2016-10-20 16:18:10,232
 【级别】:ERROR
 【类名】:WebUI.Models.RealTimeConnection.TCPConnection:StartConnection
 【线程ID】: 19 
 【日志内容】:连接数据服务器失败，请检查IP和端口
 【日记详细】：System.Net.Sockets.SocketException (0x80004005): 由于目标计算机积极拒绝，无法连接。 127.0.0.1:7788
   在 System.Net.Sockets.Socket.EndConnect(IAsyncResult asyncResult)
   在 WebUI.Models.RealTimeConnection.TCPConnection.<StartConnection>b__16_0(IAsyncResult asyncResult) 位置 C:\Users\ychost\Desktop\MesCable\WebUI\Models\RealTimeConnection\TCPConnection.cs:行号 217
 
---------------------------------------------------------------------------------------------------------------
 【时间】:2016-10-20 16:30:31,677
 【级别】:ERROR
 【类名】:WebUI.Models.RealTimeConnection.TCPConnection:StartConnection
 【线程ID】: 56 
 【日志内容】:连接数据服务器失败，请检查IP和端口
 【日记详细】：System.Net.Sockets.SocketException (0x80004005): 由于目标计算机积极拒绝，无法连接。 127.0.0.1:7788
   在 System.Net.Sockets.Socket.EndConnect(IAsyncResult asyncResult)
   在 WebUI.Models.RealTimeConnection.TCPConnection.<StartConnection>b__16_0(IAsyncResult asyncResult) 位置 C:\Users\ychost\Desktop\MesCable\WebUI\Models\RealTimeConnection\TCPConnection.cs:行号 217
 
---------------------------------------------------------------------------------------------------------------
 【时间】:2016-10-20 16:31:02,015
 【级别】:ERROR
 【类名】:WebUI.Models.RealTimeConnection.TCPConnection:StartConnection
 【线程ID】: 56 
 【日志内容】:连接数据服务器失败，请检查IP和端口
 【日记详细】：System.Net.Sockets.SocketException (0x80004005): 由于目标计算机积极拒绝，无法连接。 127.0.0.1:7788
   在 System.Net.Sockets.Socket.EndConnect(IAsyncResult asyncResult)
   在 WebUI.Models.RealTimeConnection.TCPConnection.<StartConnection>b__16_0(IAsyncResult asyncResult) 位置 C:\Users\ychost\Desktop\MesCable\WebUI\Models\RealTimeConnection\TCPConnection.cs:行号 217
 
---------------------------------------------------------------------------------------------------------------
 【时间】:2016-10-20 16:31:16,252
 【级别】:ERROR
 【类名】:WebUI.Models.RealTimeConnection.TCPConnection:StartConnection
 【线程ID】: 56 
 【日志内容】:连接数据服务器失败，请检查IP和端口
 【日记详细】：System.Net.Sockets.SocketException (0x80004005): 由于目标计算机积极拒绝，无法连接。 127.0.0.1:7788
   在 System.Net.Sockets.Socket.EndConnect(IAsyncResult asyncResult)
   在 WebUI.Models.RealTimeConnection.TCPConnection.<StartConnection>b__16_0(IAsyncResult asyncResult) 位置 C:\Users\ychost\Desktop\MesCable\WebUI\Models\RealTimeConnection\TCPConnection.cs:行号 217
 
---------------------------------------------------------------------------------------------------------------
 【时间】:2016-10-20 16:31:32,221
 【级别】:ERROR
 【类名】:WebUI.Models.RealTimeConnection.TCPConnection:StartConnection
 【线程ID】: 56 
 【日志内容】:连接数据服务器失败，请检查IP和端口
 【日记详细】：System.Net.Sockets.SocketException (0x80004005): 由于目标计算机积极拒绝，无法连接。 127.0.0.1:7788
   在 System.Net.Sockets.Socket.EndConnect(IAsyncResult asyncResult)
   在 WebUI.Models.RealTimeConnection.TCPConnection.<StartConnection>b__16_0(IAsyncResult asyncResult) 位置 C:\Users\ychost\Desktop\MesCable\WebUI\Models\RealTimeConnection\TCPConnection.cs:行号 217
 
---------------------------------------------------------------------------------------------------------------
 【时间】:2016-10-20 16:31:56,453
 【级别】:ERROR
 【类名】:WebUI.Models.RealTimeConnection.TCPConnection:StartConnection
 【线程ID】: 29 
 【日志内容】:连接数据服务器失败，请检查IP和端口
 【日记详细】：System.Net.Sockets.SocketException (0x80004005): 由于目标计算机积极拒绝，无法连接。 127.0.0.1:7788
   在 System.Net.Sockets.Socket.EndConnect(IAsyncResult asyncResult)
   在 WebUI.Models.RealTimeConnection.TCPConnection.<StartConnection>b__16_0(IAsyncResult asyncResult) 位置 C:\Users\ychost\Desktop\MesCable\WebUI\Models\RealTimeConnection\TCPConnection.cs:行号 217
 
---------------------------------------------------------------------------------------------------------------
 【时间】:2016-10-20 16:34:07,466
 【级别】:ERROR
 【类名】:WebUI.Models.RealTimeConnection.TCPConnection:StartConnection
 【线程ID】: 12 
 【日志内容】:连接数据服务器失败，请检查IP和端口
 【日记详细】：System.Net.Sockets.SocketException (0x80004005): 由于目标计算机积极拒绝，无法连接。 127.0.0.1:7788
   在 System.Net.Sockets.Socket.EndConnect(IAsyncResult asyncResult)
   在 WebUI.Models.RealTimeConnection.TCPConnection.<StartConnection>b__16_0(IAsyncResult asyncResult) 位置 C:\Users\ychost\Desktop\MesCable\WebUI\Models\RealTimeConnection\TCPConnection.cs:行号 217
 
---------------------------------------------------------------------------------------------------------------
 【时间】:2016-10-20 16:36:21,987
 【级别】:ERROR
 【类名】:WebUI.Models.RealTimeConnection.TCPConnection:StartConnection
 【线程ID】: 39 
 【日志内容】:连接数据服务器失败，请检查IP和端口
 【日记详细】：System.Net.Sockets.SocketException (0x80004005): 由于目标计算机积极拒绝，无法连接。 127.0.0.1:7788
   在 System.Net.Sockets.Socket.EndConnect(IAsyncResult asyncResult)
   在 WebUI.Models.RealTimeConnection.TCPConnection.<StartConnection>b__16_0(IAsyncResult asyncResult) 位置 C:\Users\ychost\Desktop\MesCable\WebUI\Models\RealTimeConnection\TCPConnection.cs:行号 217
 
---------------------------------------------------------------------------------------------------------------
 【时间】:2016-10-20 16:40:40,914
 【级别】:ERROR
 【类名】:WebUI.Models.RealTimeConnection.TCPConnection:StartConnection
 【线程ID】: 30 
 【日志内容】:连接数据服务器失败，请检查IP和端口
 【日记详细】：System.Net.Sockets.SocketException (0x80004005): 由于目标计算机积极拒绝，无法连接。 127.0.0.1:7788
   在 System.Net.Sockets.Socket.EndConnect(IAsyncResult asyncResult)
   在 WebUI.Models.RealTimeConnection.TCPConnection.<StartConnection>b__16_0(IAsyncResult asyncResult) 位置 C:\Users\ychost\Desktop\MesCable\WebUI\Models\RealTimeConnection\TCPConnection.cs:行号 217
 
---------------------------------------------------------------------------------------------------------------
 【时间】:2016-10-20 16:46:22,489
 【级别】:ERROR
 【类名】:WebUI.Models.RealTimeConnection.TCPConnection:StartConnection
 【线程ID】: 61 
 【日志内容】:连接数据服务器失败，请检查IP和端口
 【日记详细】：System.Net.Sockets.SocketException (0x80004005): 由于目标计算机积极拒绝，无法连接。 127.0.0.1:7788
   在 System.Net.Sockets.Socket.EndConnect(IAsyncResult asyncResult)
   在 WebUI.Models.RealTimeConnection.TCPConnection.<StartConnection>b__16_0(IAsyncResult asyncResult) 位置 C:\Users\ychost\Desktop\MesCable\WebUI\Models\RealTimeConnection\TCPConnection.cs:行号 217
 
---------------------------------------------------------------------------------------------------------------
 【时间】:2016-10-20 16:47:20,183
 【级别】:ERROR
 【类名】:WebUI.Models.RealTimeConnection.TCPConnection:StartConnection
 【线程ID】: 61 
 【日志内容】:连接数据服务器失败，请检查IP和端口
 【日记详细】：System.Net.Sockets.SocketException (0x80004005): 由于目标计算机积极拒绝，无法连接。 127.0.0.1:7788
   在 System.Net.Sockets.Socket.EndConnect(IAsyncResult asyncResult)
   在 WebUI.Models.RealTimeConnection.TCPConnection.<StartConnection>b__16_0(IAsyncResult asyncResult) 位置 C:\Users\ychost\Desktop\MesCable\WebUI\Models\RealTimeConnection\TCPConnection.cs:行号 217
 
---------------------------------------------------------------------------------------------------------------
 【时间】:2016-10-20 16:47:20,183
 【级别】:ERROR
 【类名】:WebUI.Models.RealTimeConnection.TCPConnection:StartConnection
 【线程ID】: 68 
 【日志内容】:连接数据服务器失败，请检查IP和端口
 【日记详细】：System.ArgumentException: 未从此类上对应的异步方法中返回 IAsyncResult 对象。
参数名: asyncResult
   在 System.Net.Sockets.Socket.EndConnect(IAsyncResult asyncResult)
   在 WebUI.Models.RealTimeConnection.TCPConnection.<StartConnection>b__16_0(IAsyncResult asyncResult) 位置 C:\Users\ychost\Desktop\MesCable\WebUI\Models\RealTimeConnection\TCPConnection.cs:行号 217
 
---------------------------------------------------------------------------------------------------------------
 【时间】:2016-10-20 16:47:33,899
 【级别】:ERROR
 【类名】:WebUI.Models.RealTimeConnection.TCPConnection:StartConnection
 【线程ID】: 61 
 【日志内容】:连接数据服务器失败，请检查IP和端口
 【日记详细】：System.Net.Sockets.SocketException (0x80004005): 由于目标计算机积极拒绝，无法连接。 127.0.0.1:7788
   在 System.Net.Sockets.Socket.EndConnect(IAsyncResult asyncResult)
   在 WebUI.Models.RealTimeConnection.TCPConnection.<StartConnection>b__16_0(IAsyncResult asyncResult) 位置 C:\Users\ychost\Desktop\MesCable\WebUI\Models\RealTimeConnection\TCPConnection.cs:行号 217
 
---------------------------------------------------------------------------------------------------------------
 【时间】:2016-10-20 16:50:37,740
 【级别】:ERROR
 【类名】:WebUI.Models.RealTimeConnection.TCPConnection:StartConnection
 【线程ID】: 25 
 【日志内容】:连接数据服务器失败，请检查IP和端口
 【日记详细】：System.Net.Sockets.SocketException (0x80004005): 由于目标计算机积极拒绝，无法连接。 127.0.0.1:7788
   在 System.Net.Sockets.Socket.EndConnect(IAsyncResult asyncResult)
   在 WebUI.Models.RealTimeConnection.TCPConnection.<StartConnection>b__16_0(IAsyncResult asyncResult) 位置 C:\Users\ychost\Desktop\MesCable\WebUI\Models\RealTimeConnection\TCPConnection.cs:行号 217
 
---------------------------------------------------------------------------------------------------------------
 【时间】:2016-10-20 16:52:27,141
 【级别】:ERROR
 【类名】:WebUI.Models.RealTimeConnection.TCPConnection:StartConnection
 【线程ID】: 58 
 【日志内容】:连接数据服务器失败，请检查IP和端口
 【日记详细】：System.Net.Sockets.SocketException (0x80004005): 由于目标计算机积极拒绝，无法连接。 127.0.0.1:7788
   在 System.Net.Sockets.Socket.EndConnect(IAsyncResult asyncResult)
   在 WebUI.Models.RealTimeConnection.TCPConnection.<StartConnection>b__16_0(IAsyncResult asyncResult) 位置 C:\Users\ychost\Desktop\MesCable\WebUI\Models\RealTimeConnection\TCPConnection.cs:行号 217
 
---------------------------------------------------------------------------------------------------------------
 【时间】:2016-10-20 16:56:27,914
 【级别】:ERROR
 【类名】:WebUI.Models.RealTimeConnection.TCPConnection:StartConnection
 【线程ID】: 68 
 【日志内容】:连接数据服务器失败，请检查IP和端口
 【日记详细】：System.Net.Sockets.SocketException (0x80004005): 由于目标计算机积极拒绝，无法连接。 127.0.0.1:7788
   在 System.Net.Sockets.Socket.EndConnect(IAsyncResult asyncResult)
   在 WebUI.Models.RealTimeConnection.TCPConnection.<StartConnection>b__16_0(IAsyncResult asyncResult) 位置 C:\Users\ychost\Desktop\MesCable\WebUI\Models\RealTimeConnection\TCPConnection.cs:行号 217
 
---------------------------------------------------------------------------------------------------------------
 【时间】:2016-10-20 16:56:35,552
 【级别】:ERROR
 【类名】:WebUI.Models.RealTimeConnection.TCPConnection:StartConnection
 【线程ID】: 68 
 【日志内容】:连接数据服务器失败，请检查IP和端口
 【日记详细】：System.Net.Sockets.SocketException (0x80004005): 由于目标计算机积极拒绝，无法连接。 127.0.0.1:7788
   在 System.Net.Sockets.Socket.EndConnect(IAsyncResult asyncResult)
   在 WebUI.Models.RealTimeConnection.TCPConnection.<StartConnection>b__16_0(IAsyncResult asyncResult) 位置 C:\Users\ychost\Desktop\MesCable\WebUI\Models\RealTimeConnection\TCPConnection.cs:行号 217
 
---------------------------------------------------------------------------------------------------------------
 【时间】:2016-10-20 16:57:08,739
 【级别】:ERROR
 【类名】:WebUI.Models.RealTimeConnection.TCPConnection:StartConnection
 【线程ID】: 63 
 【日志内容】:连接数据服务器失败，请检查IP和端口
 【日记详细】：System.Net.Sockets.SocketException (0x80004005): 由于目标计算机积极拒绝，无法连接。 127.0.0.1:7788
   在 System.Net.Sockets.Socket.EndConnect(IAsyncResult asyncResult)
   在 WebUI.Models.RealTimeConnection.TCPConnection.<StartConnection>b__16_0(IAsyncResult asyncResult) 位置 C:\Users\ychost\Desktop\MesCable\WebUI\Models\RealTimeConnection\TCPConnection.cs:行号 217
 
---------------------------------------------------------------------------------------------------------------
 【时间】:2016-10-20 16:58:42,342
 【级别】:ERROR
 【类名】:WebUI.Models.RealTimeConnection.TCPConnection:StartConnection
 【线程ID】: 60 
 【日志内容】:连接数据服务器失败，请检查IP和端口
 【日记详细】：System.Net.Sockets.SocketException (0x80004005): 由于目标计算机积极拒绝，无法连接。 127.0.0.1:7788
   在 System.Net.Sockets.Socket.EndConnect(IAsyncResult asyncResult)
   在 WebUI.Models.RealTimeConnection.TCPConnection.<StartConnection>b__16_0(IAsyncResult asyncResult) 位置 C:\Users\ychost\Desktop\MesCable\WebUI\Models\RealTimeConnection\TCPConnection.cs:行号 217
 
---------------------------------------------------------------------------------------------------------------
 【时间】:2016-10-20 18:20:07,236
 【级别】:ERROR
 【类名】:WebUI.Models.RealTimeConnection.TCPConnection:StartConnection
 【线程ID】: 7 
 【日志内容】:连接数据服务器失败，请检查IP和端口
 【日记详细】：System.Net.Sockets.SocketException (0x80004005): 由于目标计算机积极拒绝，无法连接。 127.0.0.1:7788
   在 System.Net.Sockets.Socket.EndConnect(IAsyncResult asyncResult)
   在 WebUI.Models.RealTimeConnection.TCPConnection.<StartConnection>b__16_0(IAsyncResult asyncResult) 位置 C:\Users\ychost\Desktop\MesCable\WebUI\Models\RealTimeConnection\TCPConnection.cs:行号 217
 
---------------------------------------------------------------------------------------------------------------
 【时间】:2016-10-20 18:26:20,977
 【级别】:ERROR
 【类名】:WebUI.Models.RealTimeConnection.TCPConnection:StartConnection
 【线程ID】: 47 
 【日志内容】:连接数据服务器失败，请检查IP和端口
 【日记详细】：System.Net.Sockets.SocketException (0x80004005): 由于目标计算机积极拒绝，无法连接。 127.0.0.1:7788
   在 System.Net.Sockets.Socket.EndConnect(IAsyncResult asyncResult)
   在 WebUI.Models.RealTimeConnection.TCPConnection.<StartConnection>b__16_0(IAsyncResult asyncResult) 位置 C:\Users\ychost\Desktop\MesCable\WebUI\Models\RealTimeConnection\TCPConnection.cs:行号 217
 
---------------------------------------------------------------------------------------------------------------
 【时间】:2016-10-20 18:26:29,879
 【级别】:ERROR
 【类名】:WebUI.Models.RealTimeConnection.TCPConnection:StartConnection
 【线程ID】: 32 
 【日志内容】:连接数据服务器失败，请检查IP和端口
 【日记详细】：System.Net.Sockets.SocketException (0x80004005): 由于目标计算机积极拒绝，无法连接。 127.0.0.1:7788
   在 System.Net.Sockets.Socket.EndConnect(IAsyncResult asyncResult)
   在 WebUI.Models.RealTimeConnection.TCPConnection.<StartConnection>b__16_0(IAsyncResult asyncResult) 位置 C:\Users\ychost\Desktop\MesCable\WebUI\Models\RealTimeConnection\TCPConnection.cs:行号 217
 
---------------------------------------------------------------------------------------------------------------
 【时间】:2016-10-20 18:26:37,146
 【级别】:ERROR
 【类名】:WebUI.Models.RealTimeConnection.TCPConnection:StartConnection
 【线程ID】: 47 
 【日志内容】:连接数据服务器失败，请检查IP和端口
 【日记详细】：System.Net.Sockets.SocketException (0x80004005): 由于目标计算机积极拒绝，无法连接。 127.0.0.1:7788
   在 System.Net.Sockets.Socket.EndConnect(IAsyncResult asyncResult)
   在 WebUI.Models.RealTimeConnection.TCPConnection.<StartConnection>b__16_0(IAsyncResult asyncResult) 位置 C:\Users\ychost\Desktop\MesCable\WebUI\Models\RealTimeConnection\TCPConnection.cs:行号 217
 
---------------------------------------------------------------------------------------------------------------
 【时间】:2016-10-20 18:26:42,760
 【级别】:ERROR
 【类名】:WebUI.Models.RealTimeConnection.TCPConnection:StartConnection
 【线程ID】: 47 
 【日志内容】:连接数据服务器失败，请检查IP和端口
 【日记详细】：System.Net.Sockets.SocketException (0x80004005): 由于目标计算机积极拒绝，无法连接。 127.0.0.1:7788
   在 System.Net.Sockets.Socket.EndConnect(IAsyncResult asyncResult)
   在 WebUI.Models.RealTimeConnection.TCPConnection.<StartConnection>b__16_0(IAsyncResult asyncResult) 位置 C:\Users\ychost\Desktop\MesCable\WebUI\Models\RealTimeConnection\TCPConnection.cs:行号 217
 
---------------------------------------------------------------------------------------------------------------
 【时间】:2016-10-20 18:29:47,556
 【级别】:ERROR
 【类名】:WebUI.Models.RealTimeConnection.TCPConnection:StartConnection
 【线程ID】: 44 
 【日志内容】:连接数据服务器失败，请检查IP和端口
 【日记详细】：System.Net.Sockets.SocketException (0x80004005): 由于目标计算机积极拒绝，无法连接。 127.0.0.1:7788
   在 System.Net.Sockets.Socket.EndConnect(IAsyncResult asyncResult)
   在 WebUI.Models.RealTimeConnection.TCPConnection.<StartConnection>b__16_0(IAsyncResult asyncResult) 位置 C:\Users\ychost\Desktop\MesCable\WebUI\Models\RealTimeConnection\TCPConnection.cs:行号 217
 
---------------------------------------------------------------------------------------------------------------
 【时间】:2016-10-20 18:29:58,269
 【级别】:ERROR
 【类名】:WebUI.Models.RealTimeConnection.TCPConnection:StartConnection
 【线程ID】: 83 
 【日志内容】:连接数据服务器失败，请检查IP和端口
 【日记详细】：System.ArgumentException: 未从此类上对应的异步方法中返回 IAsyncResult 对象。
参数名: asyncResult
   在 System.Net.Sockets.Socket.EndConnect(IAsyncResult asyncResult)
   在 WebUI.Models.RealTimeConnection.TCPConnection.<StartConnection>b__16_0(IAsyncResult asyncResult) 位置 C:\Users\ychost\Desktop\MesCable\WebUI\Models\RealTimeConnection\TCPConnection.cs:行号 217
 
---------------------------------------------------------------------------------------------------------------
 【时间】:2016-10-20 18:29:58,269
 【级别】:ERROR
 【类名】:WebUI.Models.RealTimeConnection.TCPConnection:StartConnection
 【线程ID】: 8 
 【日志内容】:连接数据服务器失败，请检查IP和端口
 【日记详细】：System.Net.Sockets.SocketException (0x80004005): 由于目标计算机积极拒绝，无法连接。 127.0.0.1:7788
   在 System.Net.Sockets.Socket.EndConnect(IAsyncResult asyncResult)
   在 WebUI.Models.RealTimeConnection.TCPConnection.<StartConnection>b__16_0(IAsyncResult asyncResult) 位置 C:\Users\ychost\Desktop\MesCable\WebUI\Models\RealTimeConnection\TCPConnection.cs:行号 217
 
---------------------------------------------------------------------------------------------------------------
 【时间】:2016-10-20 18:30:02,197
 【级别】:ERROR
 【类名】:WebUI.Models.RealTimeConnection.TCPConnection:StartConnection
 【线程ID】: 44 
 【日志内容】:连接数据服务器失败，请检查IP和端口
 【日记详细】：System.Net.Sockets.SocketException (0x80004005): 由于目标计算机积极拒绝，无法连接。 127.0.0.1:7788
   在 System.Net.Sockets.Socket.EndConnect(IAsyncResult asyncResult)
   在 WebUI.Models.RealTimeConnection.TCPConnection.<StartConnection>b__16_0(IAsyncResult asyncResult) 位置 C:\Users\ychost\Desktop\MesCable\WebUI\Models\RealTimeConnection\TCPConnection.cs:行号 217
 
---------------------------------------------------------------------------------------------------------------
 【时间】:2016-10-20 18:30:28,131
 【级别】:ERROR
 【类名】:WebUI.Models.RealTimeConnection.TCPConnection:StartConnection
 【线程ID】: 85 
 【日志内容】:连接数据服务器失败，请检查IP和端口
 【日记详细】：System.Net.Sockets.SocketException (0x80004005): 由于目标计算机积极拒绝，无法连接。 127.0.0.1:7788
   在 System.Net.Sockets.Socket.EndConnect(IAsyncResult asyncResult)
   在 WebUI.Models.RealTimeConnection.TCPConnection.<StartConnection>b__16_0(IAsyncResult asyncResult) 位置 C:\Users\ychost\Desktop\MesCable\WebUI\Models\RealTimeConnection\TCPConnection.cs:行号 217
 
---------------------------------------------------------------------------------------------------------------
 【时间】:2016-10-20 18:30:54,612
 【级别】:ERROR
 【类名】:WebUI.Models.RealTimeConnection.TCPConnection:StartConnection
 【线程ID】: 76 
 【日志内容】:连接数据服务器失败，请检查IP和端口
 【日记详细】：System.Net.Sockets.SocketException (0x80004005): 由于目标计算机积极拒绝，无法连接。 127.0.0.1:7788
   在 System.Net.Sockets.Socket.EndConnect(IAsyncResult asyncResult)
   在 WebUI.Models.RealTimeConnection.TCPConnection.<StartConnection>b__16_0(IAsyncResult asyncResult) 位置 C:\Users\ychost\Desktop\MesCable\WebUI\Models\RealTimeConnection\TCPConnection.cs:行号 217
 
---------------------------------------------------------------------------------------------------------------
 【时间】:2016-10-20 18:31:16,170
 【级别】:ERROR
 【类名】:WebUI.Models.RealTimeConnection.TCPConnection:StartConnection
 【线程ID】: 28 
 【日志内容】:连接数据服务器失败，请检查IP和端口
 【日记详细】：System.Net.Sockets.SocketException (0x80004005): 由于目标计算机积极拒绝，无法连接。 127.0.0.1:7788
   在 System.Net.Sockets.Socket.EndConnect(IAsyncResult asyncResult)
   在 WebUI.Models.RealTimeConnection.TCPConnection.<StartConnection>b__16_0(IAsyncResult asyncResult) 位置 C:\Users\ychost\Desktop\MesCable\WebUI\Models\RealTimeConnection\TCPConnection.cs:行号 217
 
---------------------------------------------------------------------------------------------------------------
 【时间】:2016-10-20 18:31:45,197
 【级别】:ERROR
 【类名】:WebUI.Models.RealTimeConnection.TCPConnection:StartConnection
 【线程ID】: 48 
 【日志内容】:连接数据服务器失败，请检查IP和端口
 【日记详细】：System.Net.Sockets.SocketException (0x80004005): 由于目标计算机积极拒绝，无法连接。 127.0.0.1:7788
   在 System.Net.Sockets.Socket.EndConnect(IAsyncResult asyncResult)
   在 WebUI.Models.RealTimeConnection.TCPConnection.<StartConnection>b__16_0(IAsyncResult asyncResult) 位置 C:\Users\ychost\Desktop\MesCable\WebUI\Models\RealTimeConnection\TCPConnection.cs:行号 217
 
---------------------------------------------------------------------------------------------------------------
 【时间】:2016-10-20 18:33:26,148
 【级别】:ERROR
 【类名】:WebUI.Models.RealTimeConnection.TCPConnection:StartConnection
 【线程ID】: 73 
 【日志内容】:连接数据服务器失败，请检查IP和端口
 【日记详细】：System.Net.Sockets.SocketException (0x80004005): 由于目标计算机积极拒绝，无法连接。 127.0.0.1:7788
   在 System.Net.Sockets.Socket.EndConnect(IAsyncResult asyncResult)
   在 WebUI.Models.RealTimeConnection.TCPConnection.<StartConnection>b__16_0(IAsyncResult asyncResult) 位置 C:\Users\ychost\Desktop\MesCable\WebUI\Models\RealTimeConnection\TCPConnection.cs:行号 217
 
---------------------------------------------------------------------------------------------------------------
 【时间】:2016-10-20 18:33:42,780
 【级别】:ERROR
 【类名】:WebUI.Models.RealTimeConnection.TCPConnection:StartConnection
 【线程ID】: 73 
 【日志内容】:连接数据服务器失败，请检查IP和端口
 【日记详细】：System.Net.Sockets.SocketException (0x80004005): 由于目标计算机积极拒绝，无法连接。 127.0.0.1:7788
   在 System.Net.Sockets.Socket.EndConnect(IAsyncResult asyncResult)
   在 WebUI.Models.RealTimeConnection.TCPConnection.<StartConnection>b__16_0(IAsyncResult asyncResult) 位置 C:\Users\ychost\Desktop\MesCable\WebUI\Models\RealTimeConnection\TCPConnection.cs:行号 217
 
---------------------------------------------------------------------------------------------------------------
 【时间】:2016-10-20 18:34:05,460
 【级别】:ERROR
 【类名】:WebUI.Models.RealTimeConnection.TCPConnection:StartConnection
 【线程ID】: 47 
 【日志内容】:连接数据服务器失败，请检查IP和端口
 【日记详细】：System.Net.Sockets.SocketException (0x80004005): 由于目标计算机积极拒绝，无法连接。 127.0.0.1:7788
   在 System.Net.Sockets.Socket.EndConnect(IAsyncResult asyncResult)
   在 WebUI.Models.RealTimeConnection.TCPConnection.<StartConnection>b__16_0(IAsyncResult asyncResult) 位置 C:\Users\ychost\Desktop\MesCable\WebUI\Models\RealTimeConnection\TCPConnection.cs:行号 217
 
---------------------------------------------------------------------------------------------------------------
 【时间】:2016-10-20 18:36:33,320
 【级别】:ERROR
 【类名】:WebUI.Models.RealTimeConnection.TCPConnection:StartConnection
 【线程ID】: 75 
 【日志内容】:连接数据服务器失败，请检查IP和端口
 【日记详细】：System.Net.Sockets.SocketException (0x80004005): 由于目标计算机积极拒绝，无法连接。 127.0.0.1:7788
   在 System.Net.Sockets.Socket.EndConnect(IAsyncResult asyncResult)
   在 WebUI.Models.RealTimeConnection.TCPConnection.<StartConnection>b__16_0(IAsyncResult asyncResult) 位置 C:\Users\ychost\Desktop\MesCable\WebUI\Models\RealTimeConnection\TCPConnection.cs:行号 217
 
---------------------------------------------------------------------------------------------------------------
 【时间】:2016-10-20 18:37:20,297
 【级别】:ERROR
 【类名】:WebUI.Models.RealTimeConnection.TCPConnection:StartConnection
 【线程ID】: 72 
 【日志内容】:连接数据服务器失败，请检查IP和端口
 【日记详细】：System.Net.Sockets.SocketException (0x80004005): 由于目标计算机积极拒绝，无法连接。 127.0.0.1:7788
   在 System.Net.Sockets.Socket.EndConnect(IAsyncResult asyncResult)
   在 WebUI.Models.RealTimeConnection.TCPConnection.<StartConnection>b__16_0(IAsyncResult asyncResult) 位置 C:\Users\ychost\Desktop\MesCable\WebUI\Models\RealTimeConnection\TCPConnection.cs:行号 217
 
---------------------------------------------------------------------------------------------------------------
 【时间】:2016-10-20 18:37:45,973
 【级别】:ERROR
 【类名】:WebUI.Models.RealTimeConnection.TCPConnection:StartConnection
 【线程ID】: 20 
 【日志内容】:连接数据服务器失败，请检查IP和端口
 【日记详细】：System.Net.Sockets.SocketException (0x80004005): 由于目标计算机积极拒绝，无法连接。 127.0.0.1:7788
   在 System.Net.Sockets.Socket.EndConnect(IAsyncResult asyncResult)
   在 WebUI.Models.RealTimeConnection.TCPConnection.<StartConnection>b__16_0(IAsyncResult asyncResult) 位置 C:\Users\ychost\Desktop\MesCable\WebUI\Models\RealTimeConnection\TCPConnection.cs:行号 217
 
---------------------------------------------------------------------------------------------------------------
 【时间】:2016-10-20 18:39:00,702
 【级别】:ERROR
 【类名】:WebUI.Models.RealTimeConnection.TCPConnection:StartConnection
 【线程ID】: 74 
 【日志内容】:连接数据服务器失败，请检查IP和端口
 【日记详细】：System.Net.Sockets.SocketException (0x80004005): 由于目标计算机积极拒绝，无法连接。 127.0.0.1:7788
   在 System.Net.Sockets.Socket.EndConnect(IAsyncResult asyncResult)
   在 WebUI.Models.RealTimeConnection.TCPConnection.<StartConnection>b__16_0(IAsyncResult asyncResult) 位置 C:\Users\ychost\Desktop\MesCable\WebUI\Models\RealTimeConnection\TCPConnection.cs:行号 217
 
---------------------------------------------------------------------------------------------------------------
 【时间】:2016-10-20 18:39:31,928
 【级别】:ERROR
 【类名】:WebUI.Models.RealTimeConnection.TCPConnection:StartConnection
 【线程ID】: 74 
 【日志内容】:连接数据服务器失败，请检查IP和端口
 【日记详细】：System.Net.Sockets.SocketException (0x80004005): 由于目标计算机积极拒绝，无法连接。 127.0.0.1:7788
   在 System.Net.Sockets.Socket.EndConnect(IAsyncResult asyncResult)
   在 WebUI.Models.RealTimeConnection.TCPConnection.<StartConnection>b__16_0(IAsyncResult asyncResult) 位置 C:\Users\ychost\Desktop\MesCable\WebUI\Models\RealTimeConnection\TCPConnection.cs:行号 217
 
---------------------------------------------------------------------------------------------------------------
 【时间】:2016-10-20 18:44:33,701
 【级别】:ERROR
 【类名】:WebUI.Models.RealTimeConnection.TCPConnection:StartConnection
 【线程ID】: 73 
 【日志内容】:连接数据服务器失败，请检查IP和端口
 【日记详细】：System.Net.Sockets.SocketException (0x80004005): 由于目标计算机积极拒绝，无法连接。 127.0.0.1:7788
   在 System.Net.Sockets.Socket.EndConnect(IAsyncResult asyncResult)
   在 WebUI.Models.RealTimeConnection.TCPConnection.<StartConnection>b__16_0(IAsyncResult asyncResult) 位置 C:\Users\ychost\Desktop\MesCable\WebUI\Models\RealTimeConnection\TCPConnection.cs:行号 217
 
---------------------------------------------------------------------------------------------------------------
 【时间】:2016-10-20 18:45:05,725
 【级别】:ERROR
 【类名】:WebUI.Models.RealTimeConnection.TCPConnection:StartConnection
 【线程ID】: 86 
 【日志内容】:连接数据服务器失败，请检查IP和端口
 【日记详细】：System.Net.Sockets.SocketException (0x80004005): 由于目标计算机积极拒绝，无法连接。 127.0.0.1:7788
   在 System.Net.Sockets.Socket.EndConnect(IAsyncResult asyncResult)
   在 WebUI.Models.RealTimeConnection.TCPConnection.<StartConnection>b__16_0(IAsyncResult asyncResult) 位置 C:\Users\ychost\Desktop\MesCable\WebUI\Models\RealTimeConnection\TCPConnection.cs:行号 217
 
---------------------------------------------------------------------------------------------------------------
 【时间】:2016-10-20 18:51:46,801
 【级别】:ERROR
 【类名】:WebUI.Models.RealTimeConnection.TCPConnection:StartConnection
 【线程ID】: 86 
 【日志内容】:连接数据服务器失败，请检查IP和端口
 【日记详细】：System.Net.Sockets.SocketException (0x80004005): 由于目标计算机积极拒绝，无法连接。 127.0.0.1:7788
   在 System.Net.Sockets.Socket.EndConnect(IAsyncResult asyncResult)
   在 WebUI.Models.RealTimeConnection.TCPConnection.<StartConnection>b__16_0(IAsyncResult asyncResult) 位置 C:\Users\ychost\Desktop\MesCable\WebUI\Models\RealTimeConnection\TCPConnection.cs:行号 217
 
---------------------------------------------------------------------------------------------------------------
 【时间】:2016-10-20 18:52:14,354
 【级别】:ERROR
 【类名】:WebUI.Models.RealTimeConnection.TCPConnection:StartConnection
 【线程ID】: 69 
 【日志内容】:连接数据服务器失败，请检查IP和端口
 【日记详细】：System.ArgumentException: 未从此类上对应的异步方法中返回 IAsyncResult 对象。
参数名: asyncResult
   在 System.Net.Sockets.Socket.EndConnect(IAsyncResult asyncResult)
   在 WebUI.Models.RealTimeConnection.TCPConnection.<StartConnection>b__16_0(IAsyncResult asyncResult) 位置 C:\Users\ychost\Desktop\MesCable\WebUI\Models\RealTimeConnection\TCPConnection.cs:行号 217
 
---------------------------------------------------------------------------------------------------------------
 【时间】:2016-10-20 18:52:14,354
 【级别】:ERROR
 【类名】:WebUI.Models.RealTimeConnection.TCPConnection:StartConnection
 【线程ID】: 38 
 【日志内容】:连接数据服务器失败，请检查IP和端口
 【日记详细】：System.Net.Sockets.SocketException (0x80004005): 由于目标计算机积极拒绝，无法连接。 127.0.0.1:7788
   在 System.Net.Sockets.Socket.EndConnect(IAsyncResult asyncResult)
   在 WebUI.Models.RealTimeConnection.TCPConnection.<StartConnection>b__16_0(IAsyncResult asyncResult) 位置 C:\Users\ychost\Desktop\MesCable\WebUI\Models\RealTimeConnection\TCPConnection.cs:行号 217
 
---------------------------------------------------------------------------------------------------------------
 【时间】:2016-10-20 18:52:18,551
 【级别】:ERROR
 【类名】:WebUI.Models.RealTimeConnection.TCPConnection:StartConnection
 【线程ID】: 69 
 【日志内容】:连接数据服务器失败，请检查IP和端口
 【日记详细】：System.Net.Sockets.SocketException (0x80004005): 由于目标计算机积极拒绝，无法连接。 127.0.0.1:7788
   在 System.Net.Sockets.Socket.EndConnect(IAsyncResult asyncResult)
   在 WebUI.Models.RealTimeConnection.TCPConnection.<StartConnection>b__16_0(IAsyncResult asyncResult) 位置 C:\Users\ychost\Desktop\MesCable\WebUI\Models\RealTimeConnection\TCPConnection.cs:行号 217
 
---------------------------------------------------------------------------------------------------------------
 【时间】:2016-10-20 18:55:43,131
 【级别】:ERROR
 【类名】:WebUI.Models.RealTimeConnection.TCPConnection:StartConnection
 【线程ID】: 84 
 【日志内容】:连接数据服务器失败，请检查IP和端口
 【日记详细】：System.Net.Sockets.SocketException (0x80004005): 由于目标计算机积极拒绝，无法连接。 127.0.0.1:7788
   在 System.Net.Sockets.Socket.EndConnect(IAsyncResult asyncResult)
   在 WebUI.Models.RealTimeConnection.TCPConnection.<StartConnection>b__16_0(IAsyncResult asyncResult) 位置 C:\Users\ychost\Desktop\MesCable\WebUI\Models\RealTimeConnection\TCPConnection.cs:行号 217
 
---------------------------------------------------------------------------------------------------------------
 【时间】:2016-10-20 18:57:11,887
 【级别】:ERROR
 【类名】:WebUI.Models.RealTimeConnection.TCPConnection:StartConnection
 【线程ID】: 47 
 【日志内容】:连接数据服务器失败，请检查IP和端口
 【日记详细】：System.Net.Sockets.SocketException (0x80004005): 由于目标计算机积极拒绝，无法连接。 127.0.0.1:7788
   在 System.Net.Sockets.Socket.EndConnect(IAsyncResult asyncResult)
   在 WebUI.Models.RealTimeConnection.TCPConnection.<StartConnection>b__16_0(IAsyncResult asyncResult) 位置 C:\Users\ychost\Desktop\MesCable\WebUI\Models\RealTimeConnection\TCPConnection.cs:行号 217
 
---------------------------------------------------------------------------------------------------------------
 【时间】:2016-10-20 18:58:02,556
 【级别】:ERROR
 【类名】:WebUI.Models.RealTimeConnection.TCPConnection:StartConnection
 【线程ID】: 47 
 【日志内容】:连接数据服务器失败，请检查IP和端口
 【日记详细】：System.Net.Sockets.SocketException (0x80004005): 由于目标计算机积极拒绝，无法连接。 127.0.0.1:7788
   在 System.Net.Sockets.Socket.EndConnect(IAsyncResult asyncResult)
   在 WebUI.Models.RealTimeConnection.TCPConnection.<StartConnection>b__16_0(IAsyncResult asyncResult) 位置 C:\Users\ychost\Desktop\MesCable\WebUI\Models\RealTimeConnection\TCPConnection.cs:行号 217
 
---------------------------------------------------------------------------------------------------------------
 【时间】:2016-10-20 19:00:00,817
 【级别】:ERROR
 【类名】:WebUI.Models.RealTimeConnection.TCPConnection:StartConnection
 【线程ID】: 73 
 【日志内容】:连接数据服务器失败，请检查IP和端口
 【日记详细】：System.Net.Sockets.SocketException (0x80004005): 由于目标计算机积极拒绝，无法连接。 127.0.0.1:7788
   在 System.Net.Sockets.Socket.EndConnect(IAsyncResult asyncResult)
   在 WebUI.Models.RealTimeConnection.TCPConnection.<StartConnection>b__16_0(IAsyncResult asyncResult) 位置 C:\Users\ychost\Desktop\MesCable\WebUI\Models\RealTimeConnection\TCPConnection.cs:行号 217
 
---------------------------------------------------------------------------------------------------------------
 【时间】:2016-10-20 19:00:36,712
 【级别】:ERROR
 【类名】:WebUI.Models.RealTimeConnection.TCPConnection:StartConnection
 【线程ID】: 73 
 【日志内容】:连接数据服务器失败，请检查IP和端口
 【日记详细】：System.Net.Sockets.SocketException (0x80004005): 由于目标计算机积极拒绝，无法连接。 127.0.0.1:7788
   在 System.Net.Sockets.Socket.EndConnect(IAsyncResult asyncResult)
   在 WebUI.Models.RealTimeConnection.TCPConnection.<StartConnection>b__16_0(IAsyncResult asyncResult) 位置 C:\Users\ychost\Desktop\MesCable\WebUI\Models\RealTimeConnection\TCPConnection.cs:行号 217
 
---------------------------------------------------------------------------------------------------------------
 【时间】:2016-10-20 19:03:50,386
 【级别】:ERROR
 【类名】:WebUI.Models.RealTimeConnection.TCPConnection:StartConnection
 【线程ID】: 49 
 【日志内容】:连接数据服务器失败，请检查IP和端口
 【日记详细】：System.Net.Sockets.SocketException (0x80004005): 由于目标计算机积极拒绝，无法连接。 127.0.0.1:7788
   在 System.Net.Sockets.Socket.EndConnect(IAsyncResult asyncResult)
   在 WebUI.Models.RealTimeConnection.TCPConnection.<StartConnection>b__16_0(IAsyncResult asyncResult) 位置 C:\Users\ychost\Desktop\MesCable\WebUI\Models\RealTimeConnection\TCPConnection.cs:行号 217
 
---------------------------------------------------------------------------------------------------------------
 【时间】:2016-10-20 19:06:02,108
 【级别】:ERROR
 【类名】:WebUI.Models.RealTimeConnection.TCPConnection:StartConnection
 【线程ID】: 80 
 【日志内容】:连接数据服务器失败，请检查IP和端口
 【日记详细】：System.Net.Sockets.SocketException (0x80004005): 由于目标计算机积极拒绝，无法连接。 127.0.0.1:7788
   在 System.Net.Sockets.Socket.EndConnect(IAsyncResult asyncResult)
   在 WebUI.Models.RealTimeConnection.TCPConnection.<StartConnection>b__16_0(IAsyncResult asyncResult) 位置 C:\Users\ychost\Desktop\MesCable\WebUI\Models\RealTimeConnection\TCPConnection.cs:行号 217
 
---------------------------------------------------------------------------------------------------------------
 【时间】:2016-10-20 19:08:12,752
 【级别】:ERROR
 【类名】:WebUI.Models.RealTimeConnection.TCPConnection:StartConnection
 【线程ID】: 32 
 【日志内容】:连接数据服务器失败，请检查IP和端口
 【日记详细】：System.Net.Sockets.SocketException (0x80004005): 由于目标计算机积极拒绝，无法连接。 127.0.0.1:7788
   在 System.Net.Sockets.Socket.EndConnect(IAsyncResult asyncResult)
   在 WebUI.Models.RealTimeConnection.TCPConnection.<StartConnection>b__16_0(IAsyncResult asyncResult) 位置 C:\Users\ychost\Desktop\MesCable\WebUI\Models\RealTimeConnection\TCPConnection.cs:行号 217
 
---------------------------------------------------------------------------------------------------------------
 【时间】:2016-10-20 19:10:34,670
 【级别】:ERROR
 【类名】:WebUI.Models.RealTimeConnection.TCPConnection:StartConnection
 【线程ID】: 42 
 【日志内容】:连接数据服务器失败，请检查IP和端口
 【日记详细】：System.Net.Sockets.SocketException (0x80004005): 由于目标计算机积极拒绝，无法连接。 127.0.0.1:7788
   在 System.Net.Sockets.Socket.EndConnect(IAsyncResult asyncResult)
   在 WebUI.Models.RealTimeConnection.TCPConnection.<StartConnection>b__16_0(IAsyncResult asyncResult) 位置 C:\Users\ychost\Desktop\MesCable\WebUI\Models\RealTimeConnection\TCPConnection.cs:行号 217
 
---------------------------------------------------------------------------------------------------------------
 【时间】:2016-10-20 19:13:45,016
 【级别】:ERROR
 【类名】:WebUI.Models.RealTimeConnection.TCPConnection:StartConnection
 【线程ID】: 36 
 【日志内容】:连接数据服务器失败，请检查IP和端口
 【日记详细】：System.Net.Sockets.SocketException (0x80004005): 由于目标计算机积极拒绝，无法连接。 127.0.0.1:7788
   在 System.Net.Sockets.Socket.EndConnect(IAsyncResult asyncResult)
   在 WebUI.Models.RealTimeConnection.TCPConnection.<StartConnection>b__16_0(IAsyncResult asyncResult) 位置 C:\Users\ychost\Desktop\MesCable\WebUI\Models\RealTimeConnection\TCPConnection.cs:行号 217
 
---------------------------------------------------------------------------------------------------------------
 【时间】:2016-10-20 19:16:01,244
 【级别】:ERROR
 【类名】:WebUI.Models.RealTimeConnection.TCPConnection:StartConnection
 【线程ID】: 49 
 【日志内容】:连接数据服务器失败，请检查IP和端口
 【日记详细】：System.Net.Sockets.SocketException (0x80004005): 由于目标计算机积极拒绝，无法连接。 127.0.0.1:7788
   在 System.Net.Sockets.Socket.EndConnect(IAsyncResult asyncResult)
   在 WebUI.Models.RealTimeConnection.TCPConnection.<StartConnection>b__16_0(IAsyncResult asyncResult) 位置 C:\Users\ychost\Desktop\MesCable\WebUI\Models\RealTimeConnection\TCPConnection.cs:行号 217
 
---------------------------------------------------------------------------------------------------------------
 【时间】:2016-10-20 19:28:01,253
 【级别】:ERROR
 【类名】:WebUI.Models.RealTimeConnection.TCPConnection:StartConnection
 【线程ID】: 25 
 【日志内容】:连接数据服务器失败，请检查IP和端口
 【日记详细】：System.Net.Sockets.SocketException (0x80004005): 由于目标计算机积极拒绝，无法连接。 127.0.0.1:7788
   在 System.Net.Sockets.Socket.EndConnect(IAsyncResult asyncResult)
   在 WebUI.Models.RealTimeConnection.TCPConnection.<StartConnection>b__16_0(IAsyncResult asyncResult) 位置 C:\Users\ychost\Desktop\MesCable\WebUI\Models\RealTimeConnection\TCPConnection.cs:行号 217
 
---------------------------------------------------------------------------------------------------------------
 【时间】:2016-10-20 19:28:38,381
 【级别】:ERROR
 【类名】:WebUI.Models.RealTimeConnection.TCPConnection:StartConnection
 【线程ID】: 25 
 【日志内容】:连接数据服务器失败，请检查IP和端口
 【日记详细】：System.Net.Sockets.SocketException (0x80004005): 由于目标计算机积极拒绝，无法连接。 127.0.0.1:7788
   在 System.Net.Sockets.Socket.EndConnect(IAsyncResult asyncResult)
   在 WebUI.Models.RealTimeConnection.TCPConnection.<StartConnection>b__16_0(IAsyncResult asyncResult) 位置 C:\Users\ychost\Desktop\MesCable\WebUI\Models\RealTimeConnection\TCPConnection.cs:行号 217
 
---------------------------------------------------------------------------------------------------------------
 【时间】:2016-10-20 19:28:47,124
 【级别】:ERROR
 【类名】:WebUI.Models.RealTimeConnection.TCPConnection:StartConnection
 【线程ID】: 60 
 【日志内容】:连接数据服务器失败，请检查IP和端口
 【日记详细】：System.Net.Sockets.SocketException (0x80004005): 由于目标计算机积极拒绝，无法连接。 127.0.0.1:7788
   在 System.Net.Sockets.Socket.EndConnect(IAsyncResult asyncResult)
   在 WebUI.Models.RealTimeConnection.TCPConnection.<StartConnection>b__16_0(IAsyncResult asyncResult) 位置 C:\Users\ychost\Desktop\MesCable\WebUI\Models\RealTimeConnection\TCPConnection.cs:行号 217
 
---------------------------------------------------------------------------------------------------------------
 【时间】:2016-10-20 19:29:02,771
 【级别】:ERROR
 【类名】:WebUI.Models.RealTimeConnection.TCPConnection:StartConnection
 【线程ID】: 30 
 【日志内容】:连接数据服务器失败，请检查IP和端口
 【日记详细】：System.ArgumentException: 未从此类上对应的异步方法中返回 IAsyncResult 对象。
参数名: asyncResult
   在 System.Net.Sockets.Socket.EndConnect(IAsyncResult asyncResult)
   在 WebUI.Models.RealTimeConnection.TCPConnection.<StartConnection>b__16_0(IAsyncResult asyncResult) 位置 C:\Users\ychost\Desktop\MesCable\WebUI\Models\RealTimeConnection\TCPConnection.cs:行号 217
 
---------------------------------------------------------------------------------------------------------------
 【时间】:2016-10-20 19:29:02,781
 【级别】:ERROR
 【类名】:WebUI.Models.RealTimeConnection.TCPConnection:StartConnection
 【线程ID】: 60 
 【日志内容】:连接数据服务器失败，请检查IP和端口
 【日记详细】：System.Net.Sockets.SocketException (0x80004005): 由于目标计算机积极拒绝，无法连接。 127.0.0.1:7788
   在 System.Net.Sockets.Socket.EndConnect(IAsyncResult asyncResult)
   在 WebUI.Models.RealTimeConnection.TCPConnection.<StartConnection>b__16_0(IAsyncResult asyncResult) 位置 C:\Users\ychost\Desktop\MesCable\WebUI\Models\RealTimeConnection\TCPConnection.cs:行号 217
 
---------------------------------------------------------------------------------------------------------------
 【时间】:2016-10-20 19:29:06,670
 【级别】:ERROR
 【类名】:WebUI.Models.RealTimeConnection.TCPConnection:StartConnection
 【线程ID】: 60 
 【日志内容】:连接数据服务器失败，请检查IP和端口
 【日记详细】：System.Net.Sockets.SocketException (0x80004005): 由于目标计算机积极拒绝，无法连接。 127.0.0.1:7788
   在 System.Net.Sockets.Socket.EndConnect(IAsyncResult asyncResult)
   在 WebUI.Models.RealTimeConnection.TCPConnection.<StartConnection>b__16_0(IAsyncResult asyncResult) 位置 C:\Users\ychost\Desktop\MesCable\WebUI\Models\RealTimeConnection\TCPConnection.cs:行号 217
 
---------------------------------------------------------------------------------------------------------------
 【时间】:2016-10-20 19:47:22,071
 【级别】:ERROR
 【类名】:WebUI.Models.RealTimeConnection.TCPConnection:StartConnection
 【线程ID】: 18 
 【日志内容】:连接数据服务器失败，请检查IP和端口
 【日记详细】：System.Net.Sockets.SocketException (0x80004005): 由于目标计算机积极拒绝，无法连接。 127.0.0.1:7788
   在 System.Net.Sockets.Socket.EndConnect(IAsyncResult asyncResult)
   在 WebUI.Models.RealTimeConnection.TCPConnection.<StartConnection>b__16_0(IAsyncResult asyncResult) 位置 C:\Users\ychost\Desktop\MesCable\WebUI\Models\RealTimeConnection\TCPConnection.cs:行号 217
 
---------------------------------------------------------------------------------------------------------------
 【时间】:2016-10-20 19:47:22,073
 【级别】:ERROR
 【类名】:WebUI.Models.RealTimeConnection.TCPConnection:StartConnection
 【线程ID】: 19 
 【日志内容】:连接数据服务器失败，请检查IP和端口
 【日记详细】：System.ArgumentException: 未从此类上对应的异步方法中返回 IAsyncResult 对象。
参数名: asyncResult
   在 System.Net.Sockets.Socket.EndConnect(IAsyncResult asyncResult)
   在 WebUI.Models.RealTimeConnection.TCPConnection.<StartConnection>b__16_0(IAsyncResult asyncResult) 位置 C:\Users\ychost\Desktop\MesCable\WebUI\Models\RealTimeConnection\TCPConnection.cs:行号 217
 
---------------------------------------------------------------------------------------------------------------
 【时间】:2016-10-20 19:48:31,573
 【级别】:ERROR
 【类名】:WebUI.Models.RealTimeConnection.TCPConnection:StartConnection
 【线程ID】: 21 
 【日志内容】:连接数据服务器失败，请检查IP和端口
 【日记详细】：System.Net.Sockets.SocketException (0x80004005): 由于目标计算机积极拒绝，无法连接。 127.0.0.1:7788
   在 System.Net.Sockets.Socket.EndConnect(IAsyncResult asyncResult)
   在 WebUI.Models.RealTimeConnection.TCPConnection.<StartConnection>b__16_0(IAsyncResult asyncResult) 位置 C:\Users\ychost\Desktop\MesCable\WebUI\Models\RealTimeConnection\TCPConnection.cs:行号 217
 
---------------------------------------------------------------------------------------------------------------
 【时间】:2016-10-20 19:49:02,501
 【级别】:ERROR
 【类名】:WebUI.Models.RealTimeConnection.TCPConnection:StartConnection
 【线程ID】: 21 
 【日志内容】:连接数据服务器失败，请检查IP和端口
 【日记详细】：System.Net.Sockets.SocketException (0x80004005): 由于目标计算机积极拒绝，无法连接。 127.0.0.1:7788
   在 System.Net.Sockets.Socket.EndConnect(IAsyncResult asyncResult)
   在 WebUI.Models.RealTimeConnection.TCPConnection.<StartConnection>b__16_0(IAsyncResult asyncResult) 位置 C:\Users\ychost\Desktop\MesCable\WebUI\Models\RealTimeConnection\TCPConnection.cs:行号 217
 
---------------------------------------------------------------------------------------------------------------
 【时间】:2016-10-20 19:49:20,677
 【级别】:ERROR
 【类名】:WebUI.Models.RealTimeConnection.TCPConnection:StartConnection
 【线程ID】: 21 
 【日志内容】:连接数据服务器失败，请检查IP和端口
 【日记详细】：System.Net.Sockets.SocketException (0x80004005): 由于目标计算机积极拒绝，无法连接。 127.0.0.1:7788
   在 System.Net.Sockets.Socket.EndConnect(IAsyncResult asyncResult)
   在 WebUI.Models.RealTimeConnection.TCPConnection.<StartConnection>b__16_0(IAsyncResult asyncResult) 位置 C:\Users\ychost\Desktop\MesCable\WebUI\Models\RealTimeConnection\TCPConnection.cs:行号 217
 
---------------------------------------------------------------------------------------------------------------
 【时间】:2016-10-20 19:51:02,725
 【级别】:ERROR
 【类名】:WebUI.Models.RealTimeConnection.TCPConnection:StartConnection
 【线程ID】: 36 
 【日志内容】:连接数据服务器失败，请检查IP和端口
 【日记详细】：System.Net.Sockets.SocketException (0x80004005): 由于目标计算机积极拒绝，无法连接。 127.0.0.1:7788
   在 System.Net.Sockets.Socket.EndConnect(IAsyncResult asyncResult)
   在 WebUI.Models.RealTimeConnection.TCPConnection.<StartConnection>b__16_0(IAsyncResult asyncResult) 位置 C:\Users\ychost\Desktop\MesCable\WebUI\Models\RealTimeConnection\TCPConnection.cs:行号 217
 
---------------------------------------------------------------------------------------------------------------
 【时间】:2016-10-20 19:51:32,057
 【级别】:ERROR
 【类名】:WebUI.Models.RealTimeConnection.TCPConnection:StartConnection
 【线程ID】: 36 
 【日志内容】:连接数据服务器失败，请检查IP和端口
 【日记详细】：System.Net.Sockets.SocketException (0x80004005): 由于目标计算机积极拒绝，无法连接。 127.0.0.1:7788
   在 System.Net.Sockets.Socket.EndConnect(IAsyncResult asyncResult)
   在 WebUI.Models.RealTimeConnection.TCPConnection.<StartConnection>b__16_0(IAsyncResult asyncResult) 位置 C:\Users\ychost\Desktop\MesCable\WebUI\Models\RealTimeConnection\TCPConnection.cs:行号 217
 
---------------------------------------------------------------------------------------------------------------
 【时间】:2016-10-20 19:51:41,802
 【级别】:ERROR
 【类名】:WebUI.Models.RealTimeConnection.TCPConnection:StartConnection
 【线程ID】: 12 
 【日志内容】:连接数据服务器失败，请检查IP和端口
 【日记详细】：System.Net.Sockets.SocketException (0x80004005): 由于目标计算机积极拒绝，无法连接。 127.0.0.1:7788
   在 System.Net.Sockets.Socket.EndConnect(IAsyncResult asyncResult)
   在 WebUI.Models.RealTimeConnection.TCPConnection.<StartConnection>b__16_0(IAsyncResult asyncResult) 位置 C:\Users\ychost\Desktop\MesCable\WebUI\Models\RealTimeConnection\TCPConnection.cs:行号 217
 
---------------------------------------------------------------------------------------------------------------
 【时间】:2016-10-20 19:52:13,625
 【级别】:ERROR
 【类名】:WebUI.Models.RealTimeConnection.TCPConnection:StartConnection
 【线程ID】: 44 
 【日志内容】:连接数据服务器失败，请检查IP和端口
 【日记详细】：System.Net.Sockets.SocketException (0x80004005): 由于目标计算机积极拒绝，无法连接。 127.0.0.1:7788
   在 System.Net.Sockets.Socket.EndConnect(IAsyncResult asyncResult)
   在 WebUI.Models.RealTimeConnection.TCPConnection.<StartConnection>b__16_0(IAsyncResult asyncResult) 位置 C:\Users\ychost\Desktop\MesCable\WebUI\Models\RealTimeConnection\TCPConnection.cs:行号 217
 
---------------------------------------------------------------------------------------------------------------
 【时间】:2016-10-20 19:52:21,421
 【级别】:ERROR
 【类名】:WebUI.Models.RealTimeConnection.TCPConnection:StartConnection
 【线程ID】: 44 
 【日志内容】:连接数据服务器失败，请检查IP和端口
 【日记详细】：System.Net.Sockets.SocketException (0x80004005): 由于目标计算机积极拒绝，无法连接。 127.0.0.1:7788
   在 System.Net.Sockets.Socket.EndConnect(IAsyncResult asyncResult)
   在 WebUI.Models.RealTimeConnection.TCPConnection.<StartConnection>b__16_0(IAsyncResult asyncResult) 位置 C:\Users\ychost\Desktop\MesCable\WebUI\Models\RealTimeConnection\TCPConnection.cs:行号 217
 
---------------------------------------------------------------------------------------------------------------
 【时间】:2016-10-20 19:55:00,001
 【级别】:ERROR
 【类名】:WebUI.Models.RealTimeConnection.TCPConnection:StartConnection
 【线程ID】: 48 
 【日志内容】:连接数据服务器失败，请检查IP和端口
 【日记详细】：System.Net.Sockets.SocketException (0x80004005): 由于目标计算机积极拒绝，无法连接。 127.0.0.1:7788
   在 System.Net.Sockets.Socket.EndConnect(IAsyncResult asyncResult)
   在 WebUI.Models.RealTimeConnection.TCPConnection.<StartConnection>b__16_0(IAsyncResult asyncResult) 位置 C:\Users\ychost\Desktop\MesCable\WebUI\Models\RealTimeConnection\TCPConnection.cs:行号 217
 
---------------------------------------------------------------------------------------------------------------
 【时间】:2016-10-20 19:55:32,831
 【级别】:ERROR
 【类名】:WebUI.Models.RealTimeConnection.TCPConnection:StartConnection
 【线程ID】: 48 
 【日志内容】:连接数据服务器失败，请检查IP和端口
 【日记详细】：System.Net.Sockets.SocketException (0x80004005): 由于目标计算机积极拒绝，无法连接。 127.0.0.1:7788
   在 System.Net.Sockets.Socket.EndConnect(IAsyncResult asyncResult)
   在 WebUI.Models.RealTimeConnection.TCPConnection.<StartConnection>b__16_0(IAsyncResult asyncResult) 位置 C:\Users\ychost\Desktop\MesCable\WebUI\Models\RealTimeConnection\TCPConnection.cs:行号 217
 
---------------------------------------------------------------------------------------------------------------
 【时间】:2016-10-20 20:01:15,293
 【级别】:ERROR
 【类名】:WebUI.Models.RealTimeConnection.TCPConnection:StartConnection
 【线程ID】: 33 
 【日志内容】:连接数据服务器失败，请检查IP和端口
 【日记详细】：System.ArgumentException: 未从此类上对应的异步方法中返回 IAsyncResult 对象。
参数名: asyncResult
   在 System.Net.Sockets.Socket.EndConnect(IAsyncResult asyncResult)
   在 WebUI.Models.RealTimeConnection.TCPConnection.<StartConnection>b__16_0(IAsyncResult asyncResult) 位置 C:\Users\ychost\Desktop\MesCable\WebUI\Models\RealTimeConnection\TCPConnection.cs:行号 217
 
---------------------------------------------------------------------------------------------------------------
 【时间】:2016-10-20 20:01:15,302
 【级别】:ERROR
 【类名】:WebUI.Models.RealTimeConnection.TCPConnection:StartConnection
 【线程ID】: 48 
 【日志内容】:连接数据服务器失败，请检查IP和端口
 【日记详细】：System.Net.Sockets.SocketException (0x80004005): 由于目标计算机积极拒绝，无法连接。 127.0.0.1:7788
   在 System.Net.Sockets.Socket.EndConnect(IAsyncResult asyncResult)
   在 WebUI.Models.RealTimeConnection.TCPConnection.<StartConnection>b__16_0(IAsyncResult asyncResult) 位置 C:\Users\ychost\Desktop\MesCable\WebUI\Models\RealTimeConnection\TCPConnection.cs:行号 217
 
---------------------------------------------------------------------------------------------------------------
 【时间】:2016-10-20 20:06:43,004
 【级别】:ERROR
 【类名】:WebUI.Models.RealTimeConnection.TCPConnection:StartConnection
 【线程ID】: 18 
 【日志内容】:连接数据服务器失败，请检查IP和端口
 【日记详细】：System.ArgumentException: 未从此类上对应的异步方法中返回 IAsyncResult 对象。
参数名: asyncResult
   在 System.Net.Sockets.Socket.EndConnect(IAsyncResult asyncResult)
   在 WebUI.Models.RealTimeConnection.TCPConnection.<StartConnection>b__16_0(IAsyncResult asyncResult) 位置 C:\Users\ychost\Desktop\MesCable\WebUI\Models\RealTimeConnection\TCPConnection.cs:行号 217
 
---------------------------------------------------------------------------------------------------------------
 【时间】:2016-10-20 20:06:43,004
 【级别】:ERROR
 【类名】:WebUI.Models.RealTimeConnection.TCPConnection:StartConnection
 【线程ID】: 17 
 【日志内容】:连接数据服务器失败，请检查IP和端口
 【日记详细】：System.Net.Sockets.SocketException (0x80004005): 由于目标计算机积极拒绝，无法连接。 127.0.0.1:7788
   在 System.Net.Sockets.Socket.EndConnect(IAsyncResult asyncResult)
   在 WebUI.Models.RealTimeConnection.TCPConnection.<StartConnection>b__16_0(IAsyncResult asyncResult) 位置 C:\Users\ychost\Desktop\MesCable\WebUI\Models\RealTimeConnection\TCPConnection.cs:行号 217
 
---------------------------------------------------------------------------------------------------------------
 【时间】:2016-10-20 20:07:50,663
 【级别】:ERROR
 【类名】:WebUI.Models.RealTimeConnection.TCPConnection:StartConnection
 【线程ID】: 20 
 【日志内容】:连接数据服务器失败，请检查IP和端口
 【日记详细】：System.Net.Sockets.SocketException (0x80004005): 由于目标计算机积极拒绝，无法连接。 127.0.0.1:7788
   在 System.Net.Sockets.Socket.EndConnect(IAsyncResult asyncResult)
   在 WebUI.Models.RealTimeConnection.TCPConnection.<StartConnection>b__16_0(IAsyncResult asyncResult) 位置 C:\Users\ychost\Desktop\MesCable\WebUI\Models\RealTimeConnection\TCPConnection.cs:行号 217
 
---------------------------------------------------------------------------------------------------------------
 【时间】:2016-10-20 20:08:08,171
 【级别】:ERROR
 【类名】:WebUI.Models.RealTimeConnection.TCPConnection:StartConnection
 【线程ID】: 20 
 【日志内容】:连接数据服务器失败，请检查IP和端口
 【日记详细】：System.Net.Sockets.SocketException (0x80004005): 由于目标计算机积极拒绝，无法连接。 127.0.0.1:7788
   在 System.Net.Sockets.Socket.EndConnect(IAsyncResult asyncResult)
   在 WebUI.Models.RealTimeConnection.TCPConnection.<StartConnection>b__16_0(IAsyncResult asyncResult) 位置 C:\Users\ychost\Desktop\MesCable\WebUI\Models\RealTimeConnection\TCPConnection.cs:行号 217
 
---------------------------------------------------------------------------------------------------------------
 【时间】:2016-10-20 20:08:11,647
 【级别】:ERROR
 【类名】:WebUI.Models.RealTimeConnection.TCPConnection:StartConnection
 【线程ID】: 20 
 【日志内容】:连接数据服务器失败，请检查IP和端口
 【日记详细】：System.Net.Sockets.SocketException (0x80004005): 由于目标计算机积极拒绝，无法连接。 127.0.0.1:7788
   在 System.Net.Sockets.Socket.EndConnect(IAsyncResult asyncResult)
   在 WebUI.Models.RealTimeConnection.TCPConnection.<StartConnection>b__16_0(IAsyncResult asyncResult) 位置 C:\Users\ychost\Desktop\MesCable\WebUI\Models\RealTimeConnection\TCPConnection.cs:行号 217
 
---------------------------------------------------------------------------------------------------------------
 【时间】:2016-10-20 20:08:19,804
 【级别】:ERROR
 【类名】:WebUI.Models.RealTimeConnection.TCPConnection:StartConnection
 【线程ID】: 20 
 【日志内容】:连接数据服务器失败，请检查IP和端口
 【日记详细】：System.Net.Sockets.SocketException (0x80004005): 由于目标计算机积极拒绝，无法连接。 127.0.0.1:7788
   在 System.Net.Sockets.Socket.EndConnect(IAsyncResult asyncResult)
   在 WebUI.Models.RealTimeConnection.TCPConnection.<StartConnection>b__16_0(IAsyncResult asyncResult) 位置 C:\Users\ychost\Desktop\MesCable\WebUI\Models\RealTimeConnection\TCPConnection.cs:行号 217
 
---------------------------------------------------------------------------------------------------------------
 【时间】:2016-10-20 20:08:40,616
 【级别】:ERROR
 【类名】:WebUI.Models.RealTimeConnection.TCPConnection:StartConnection
 【线程ID】: 29 
 【日志内容】:连接数据服务器失败，请检查IP和端口
 【日记详细】：System.Net.Sockets.SocketException (0x80004005): 由于目标计算机积极拒绝，无法连接。 127.0.0.1:7788
   在 System.Net.Sockets.Socket.EndConnect(IAsyncResult asyncResult)
   在 WebUI.Models.RealTimeConnection.TCPConnection.<StartConnection>b__16_0(IAsyncResult asyncResult) 位置 C:\Users\ychost\Desktop\MesCable\WebUI\Models\RealTimeConnection\TCPConnection.cs:行号 217
 
---------------------------------------------------------------------------------------------------------------
 【时间】:2016-10-20 20:09:39,665
 【级别】:ERROR
 【类名】:WebUI.Models.RealTimeConnection.TCPConnection:StartConnection
 【线程ID】: 29 
 【日志内容】:连接数据服务器失败，请检查IP和端口
 【日记详细】：System.Net.Sockets.SocketException (0x80004005): 由于目标计算机积极拒绝，无法连接。 127.0.0.1:7788
   在 System.Net.Sockets.Socket.EndConnect(IAsyncResult asyncResult)
   在 WebUI.Models.RealTimeConnection.TCPConnection.<StartConnection>b__16_0(IAsyncResult asyncResult) 位置 C:\Users\ychost\Desktop\MesCable\WebUI\Models\RealTimeConnection\TCPConnection.cs:行号 217
 
---------------------------------------------------------------------------------------------------------------
 【时间】:2016-10-20 20:11:00,859
 【级别】:ERROR
 【类名】:WebUI.Models.RealTimeConnection.TCPConnection:StartConnection
 【线程ID】: 41 
 【日志内容】:连接数据服务器失败，请检查IP和端口
 【日记详细】：System.Net.Sockets.SocketException (0x80004005): 由于目标计算机积极拒绝，无法连接。 127.0.0.1:7788
   在 System.Net.Sockets.Socket.EndConnect(IAsyncResult asyncResult)
   在 WebUI.Models.RealTimeConnection.TCPConnection.<StartConnection>b__16_0(IAsyncResult asyncResult) 位置 C:\Users\ychost\Desktop\MesCable\WebUI\Models\RealTimeConnection\TCPConnection.cs:行号 217
 
---------------------------------------------------------------------------------------------------------------
 【时间】:2016-10-20 20:11:37,837
 【级别】:ERROR
 【类名】:WebUI.Models.RealTimeConnection.TCPConnection:StartConnection
 【线程ID】: 41 
 【日志内容】:连接数据服务器失败，请检查IP和端口
 【日记详细】：System.Net.Sockets.SocketException (0x80004005): 由于目标计算机积极拒绝，无法连接。 127.0.0.1:7788
   在 System.Net.Sockets.Socket.EndConnect(IAsyncResult asyncResult)
   在 WebUI.Models.RealTimeConnection.TCPConnection.<StartConnection>b__16_0(IAsyncResult asyncResult) 位置 C:\Users\ychost\Desktop\MesCable\WebUI\Models\RealTimeConnection\TCPConnection.cs:行号 217
 
---------------------------------------------------------------------------------------------------------------
 【时间】:2016-10-20 20:12:39,877
 【级别】:ERROR
 【类名】:WebUI.Models.RealTimeConnection.TCPConnection:StartConnection
 【线程ID】: 33 
 【日志内容】:连接数据服务器失败，请检查IP和端口
 【日记详细】：System.Net.Sockets.SocketException (0x80004005): 由于目标计算机积极拒绝，无法连接。 127.0.0.1:7788
   在 System.Net.Sockets.Socket.EndConnect(IAsyncResult asyncResult)
   在 WebUI.Models.RealTimeConnection.TCPConnection.<StartConnection>b__16_0(IAsyncResult asyncResult) 位置 C:\Users\ychost\Desktop\MesCable\WebUI\Models\RealTimeConnection\TCPConnection.cs:行号 217
 
---------------------------------------------------------------------------------------------------------------
 【时间】:2016-10-20 20:12:55,469
 【级别】:ERROR
 【类名】:WebUI.Models.RealTimeConnection.TCPConnection:StartConnection
 【线程ID】: 5 
 【日志内容】:连接数据服务器失败，请检查IP和端口
 【日记详细】：System.Net.Sockets.SocketException (0x80004005): 由于目标计算机积极拒绝，无法连接。 127.0.0.1:7788
   在 System.Net.Sockets.Socket.EndConnect(IAsyncResult asyncResult)
   在 WebUI.Models.RealTimeConnection.TCPConnection.<StartConnection>b__16_0(IAsyncResult asyncResult) 位置 C:\Users\ychost\Desktop\MesCable\WebUI\Models\RealTimeConnection\TCPConnection.cs:行号 217
 
---------------------------------------------------------------------------------------------------------------
 【时间】:2016-10-20 20:13:22,100
 【级别】:ERROR
 【类名】:WebUI.Models.RealTimeConnection.TCPConnection:StartConnection
 【线程ID】: 5 
 【日志内容】:连接数据服务器失败，请检查IP和端口
 【日记详细】：System.Net.Sockets.SocketException (0x80004005): 由于目标计算机积极拒绝，无法连接。 127.0.0.1:7788
   在 System.Net.Sockets.Socket.EndConnect(IAsyncResult asyncResult)
   在 WebUI.Models.RealTimeConnection.TCPConnection.<StartConnection>b__16_0(IAsyncResult asyncResult) 位置 C:\Users\ychost\Desktop\MesCable\WebUI\Models\RealTimeConnection\TCPConnection.cs:行号 217
 
---------------------------------------------------------------------------------------------------------------
 【时间】:2016-10-20 20:14:18,323
 【级别】:ERROR
 【类名】:WebUI.Models.RealTimeConnection.TCPConnection:StartConnection
 【线程ID】: 5 
 【日志内容】:连接数据服务器失败，请检查IP和端口
 【日记详细】：System.Net.Sockets.SocketException (0x80004005): 由于目标计算机积极拒绝，无法连接。 127.0.0.1:7788
   在 System.Net.Sockets.Socket.EndConnect(IAsyncResult asyncResult)
   在 WebUI.Models.RealTimeConnection.TCPConnection.<StartConnection>b__16_0(IAsyncResult asyncResult) 位置 C:\Users\ychost\Desktop\MesCable\WebUI\Models\RealTimeConnection\TCPConnection.cs:行号 217
 
---------------------------------------------------------------------------------------------------------------
 【时间】:2016-10-20 20:14:44,665
 【级别】:ERROR
 【类名】:WebUI.Models.RealTimeConnection.TCPConnection:StartConnection
 【线程ID】: 63 
 【日志内容】:连接数据服务器失败，请检查IP和端口
 【日记详细】：System.Net.Sockets.SocketException (0x80004005): 由于目标计算机积极拒绝，无法连接。 127.0.0.1:7788
   在 System.Net.Sockets.Socket.EndConnect(IAsyncResult asyncResult)
   在 WebUI.Models.RealTimeConnection.TCPConnection.<StartConnection>b__16_0(IAsyncResult asyncResult) 位置 C:\Users\ychost\Desktop\MesCable\WebUI\Models\RealTimeConnection\TCPConnection.cs:行号 217
 
---------------------------------------------------------------------------------------------------------------
 【时间】:2016-10-20 20:14:57,924
 【级别】:ERROR
 【类名】:WebUI.Models.RealTimeConnection.TCPConnection:StartConnection
 【线程ID】: 5 
 【日志内容】:连接数据服务器失败，请检查IP和端口
 【日记详细】：System.Net.Sockets.SocketException (0x80004005): 由于目标计算机积极拒绝，无法连接。 127.0.0.1:7788
   在 System.Net.Sockets.Socket.EndConnect(IAsyncResult asyncResult)
   在 WebUI.Models.RealTimeConnection.TCPConnection.<StartConnection>b__16_0(IAsyncResult asyncResult) 位置 C:\Users\ychost\Desktop\MesCable\WebUI\Models\RealTimeConnection\TCPConnection.cs:行号 217
 
---------------------------------------------------------------------------------------------------------------
 【时间】:2016-10-20 20:15:17,024
 【级别】:ERROR
 【类名】:WebUI.Models.RealTimeConnection.TCPConnection:StartConnection
 【线程ID】: 62 
 【日志内容】:连接数据服务器失败，请检查IP和端口
 【日记详细】：System.Net.Sockets.SocketException (0x80004005): 由于目标计算机积极拒绝，无法连接。 127.0.0.1:7788
   在 System.Net.Sockets.Socket.EndConnect(IAsyncResult asyncResult)
   在 WebUI.Models.RealTimeConnection.TCPConnection.<StartConnection>b__16_0(IAsyncResult asyncResult) 位置 C:\Users\ychost\Desktop\MesCable\WebUI\Models\RealTimeConnection\TCPConnection.cs:行号 217
 
---------------------------------------------------------------------------------------------------------------
 【时间】:2016-10-20 20:15:42,020
 【级别】:ERROR
 【类名】:WebUI.Models.RealTimeConnection.TCPConnection:StartConnection
 【线程ID】: 62 
 【日志内容】:连接数据服务器失败，请检查IP和端口
 【日记详细】：System.Net.Sockets.SocketException (0x80004005): 由于目标计算机积极拒绝，无法连接。 127.0.0.1:7788
   在 System.Net.Sockets.Socket.EndConnect(IAsyncResult asyncResult)
   在 WebUI.Models.RealTimeConnection.TCPConnection.<StartConnection>b__16_0(IAsyncResult asyncResult) 位置 C:\Users\ychost\Desktop\MesCable\WebUI\Models\RealTimeConnection\TCPConnection.cs:行号 217
 
---------------------------------------------------------------------------------------------------------------
 【时间】:2016-10-20 20:16:05,836
 【级别】:ERROR
 【类名】:WebUI.Models.RealTimeConnection.TCPConnection:StartConnection
 【线程ID】: 46 
 【日志内容】:连接数据服务器失败，请检查IP和端口
 【日记详细】：System.Net.Sockets.SocketException (0x80004005): 由于目标计算机积极拒绝，无法连接。 127.0.0.1:7788
   在 System.Net.Sockets.Socket.EndConnect(IAsyncResult asyncResult)
   在 WebUI.Models.RealTimeConnection.TCPConnection.<StartConnection>b__16_0(IAsyncResult asyncResult) 位置 C:\Users\ychost\Desktop\MesCable\WebUI\Models\RealTimeConnection\TCPConnection.cs:行号 217
 
---------------------------------------------------------------------------------------------------------------
 【时间】:2016-10-20 20:20:35,799
 【级别】:ERROR
 【类名】:WebUI.Models.RealTimeConnection.TCPConnection:StartConnection
 【线程ID】: 17 
 【日志内容】:连接数据服务器失败，请检查IP和端口
 【日记详细】：System.ArgumentException: 未从此类上对应的异步方法中返回 IAsyncResult 对象。
参数名: asyncResult
   在 System.Net.Sockets.Socket.EndConnect(IAsyncResult asyncResult)
   在 WebUI.Models.RealTimeConnection.TCPConnection.<StartConnection>b__16_0(IAsyncResult asyncResult) 位置 C:\Users\ychost\Desktop\MesCable\WebUI\Models\RealTimeConnection\TCPConnection.cs:行号 217
 
---------------------------------------------------------------------------------------------------------------
 【时间】:2016-10-20 20:20:35,799
 【级别】:ERROR
 【类名】:WebUI.Models.RealTimeConnection.TCPConnection:StartConnection
 【线程ID】: 39 
 【日志内容】:连接数据服务器失败，请检查IP和端口
 【日记详细】：System.Net.Sockets.SocketException (0x80004005): 由于目标计算机积极拒绝，无法连接。 127.0.0.1:7788
   在 System.Net.Sockets.Socket.EndConnect(IAsyncResult asyncResult)
   在 WebUI.Models.RealTimeConnection.TCPConnection.<StartConnection>b__16_0(IAsyncResult asyncResult) 位置 C:\Users\ychost\Desktop\MesCable\WebUI\Models\RealTimeConnection\TCPConnection.cs:行号 217
 
---------------------------------------------------------------------------------------------------------------
 【时间】:2016-10-20 20:20:40,091
 【级别】:ERROR
 【类名】:WebUI.Models.RealTimeConnection.TCPConnection:StartConnection
 【线程ID】: 11 
 【日志内容】:连接数据服务器失败，请检查IP和端口
 【日记详细】：System.Net.Sockets.SocketException (0x80004005): 由于目标计算机积极拒绝，无法连接。 127.0.0.1:7788
   在 System.Net.Sockets.Socket.EndConnect(IAsyncResult asyncResult)
   在 WebUI.Models.RealTimeConnection.TCPConnection.<StartConnection>b__16_0(IAsyncResult asyncResult) 位置 C:\Users\ychost\Desktop\MesCable\WebUI\Models\RealTimeConnection\TCPConnection.cs:行号 217
 
---------------------------------------------------------------------------------------------------------------
 【时间】:2016-10-20 20:23:13,942
 【级别】:ERROR
 【类名】:WebUI.Models.RealTimeConnection.TCPConnection:StartConnection
 【线程ID】: 36 
 【日志内容】:连接数据服务器失败，请检查IP和端口
 【日记详细】：System.Net.Sockets.SocketException (0x80004005): 由于目标计算机积极拒绝，无法连接。 127.0.0.1:7788
   在 System.Net.Sockets.Socket.EndConnect(IAsyncResult asyncResult)
   在 WebUI.Models.RealTimeConnection.TCPConnection.<StartConnection>b__16_0(IAsyncResult asyncResult) 位置 C:\Users\ychost\Desktop\MesCable\WebUI\Models\RealTimeConnection\TCPConnection.cs:行号 217
 
---------------------------------------------------------------------------------------------------------------
 【时间】:2016-10-20 20:23:37,053
 【级别】:ERROR
 【类名】:WebUI.Models.RealTimeConnection.TCPConnection:StartConnection
 【线程ID】: 10 
 【日志内容】:连接数据服务器失败，请检查IP和端口
 【日记详细】：System.Net.Sockets.SocketException (0x80004005): 由于目标计算机积极拒绝，无法连接。 127.0.0.1:7788
   在 System.Net.Sockets.Socket.EndConnect(IAsyncResult asyncResult)
   在 WebUI.Models.RealTimeConnection.TCPConnection.<StartConnection>b__16_0(IAsyncResult asyncResult) 位置 C:\Users\ychost\Desktop\MesCable\WebUI\Models\RealTimeConnection\TCPConnection.cs:行号 217
 
---------------------------------------------------------------------------------------------------------------
 【时间】:2016-10-20 20:24:12,524
 【级别】:ERROR
 【类名】:WebUI.Models.RealTimeConnection.TCPConnection:StartConnection
 【线程ID】: 10 
 【日志内容】:连接数据服务器失败，请检查IP和端口
 【日记详细】：System.Net.Sockets.SocketException (0x80004005): 由于目标计算机积极拒绝，无法连接。 127.0.0.1:7788
   在 System.Net.Sockets.Socket.EndConnect(IAsyncResult asyncResult)
   在 WebUI.Models.RealTimeConnection.TCPConnection.<StartConnection>b__16_0(IAsyncResult asyncResult) 位置 C:\Users\ychost\Desktop\MesCable\WebUI\Models\RealTimeConnection\TCPConnection.cs:行号 217
 
---------------------------------------------------------------------------------------------------------------
 【时间】:2016-10-20 20:24:27,808
 【级别】:ERROR
 【类名】:WebUI.Models.RealTimeConnection.TCPConnection:StartConnection
 【线程ID】: 25 
 【日志内容】:连接数据服务器失败，请检查IP和端口
 【日记详细】：System.Net.Sockets.SocketException (0x80004005): 由于目标计算机积极拒绝，无法连接。 127.0.0.1:7788
   在 System.Net.Sockets.Socket.EndConnect(IAsyncResult asyncResult)
   在 WebUI.Models.RealTimeConnection.TCPConnection.<StartConnection>b__16_0(IAsyncResult asyncResult) 位置 C:\Users\ychost\Desktop\MesCable\WebUI\Models\RealTimeConnection\TCPConnection.cs:行号 217
 
---------------------------------------------------------------------------------------------------------------
 【时间】:2016-10-20 20:25:30,559
 【级别】:ERROR
 【类名】:WebUI.Models.RealTimeConnection.TCPConnection:StartConnection
 【线程ID】: 14 
 【日志内容】:连接数据服务器失败，请检查IP和端口
 【日记详细】：System.Net.Sockets.SocketException (0x80004005): 由于目标计算机积极拒绝，无法连接。 127.0.0.1:7788
   在 System.Net.Sockets.Socket.EndConnect(IAsyncResult asyncResult)
   在 WebUI.Models.RealTimeConnection.TCPConnection.<StartConnection>b__16_0(IAsyncResult asyncResult) 位置 C:\Users\ychost\Desktop\MesCable\WebUI\Models\RealTimeConnection\TCPConnection.cs:行号 217
 
---------------------------------------------------------------------------------------------------------------
 【时间】:2016-10-20 20:26:07,771
 【级别】:ERROR
 【类名】:WebUI.Models.RealTimeConnection.TCPConnection:StartConnection
 【线程ID】: 14 
 【日志内容】:连接数据服务器失败，请检查IP和端口
 【日记详细】：System.Net.Sockets.SocketException (0x80004005): 由于目标计算机积极拒绝，无法连接。 127.0.0.1:7788
   在 System.Net.Sockets.Socket.EndConnect(IAsyncResult asyncResult)
   在 WebUI.Models.RealTimeConnection.TCPConnection.<StartConnection>b__16_0(IAsyncResult asyncResult) 位置 C:\Users\ychost\Desktop\MesCable\WebUI\Models\RealTimeConnection\TCPConnection.cs:行号 217
 
---------------------------------------------------------------------------------------------------------------
 【时间】:2016-10-20 20:26:21,945
 【级别】:ERROR
 【类名】:WebUI.Models.RealTimeConnection.TCPConnection:StartConnection
 【线程ID】: 46 
 【日志内容】:连接数据服务器失败，请检查IP和端口
 【日记详细】：System.Net.Sockets.SocketException (0x80004005): 由于目标计算机积极拒绝，无法连接。 127.0.0.1:7788
   在 System.Net.Sockets.Socket.EndConnect(IAsyncResult asyncResult)
   在 WebUI.Models.RealTimeConnection.TCPConnection.<StartConnection>b__16_0(IAsyncResult asyncResult) 位置 C:\Users\ychost\Desktop\MesCable\WebUI\Models\RealTimeConnection\TCPConnection.cs:行号 217
 
---------------------------------------------------------------------------------------------------------------
 【时间】:2016-10-20 20:26:34,421
 【级别】:ERROR
 【类名】:WebUI.Models.RealTimeConnection.TCPConnection:StartConnection
 【线程ID】: 46 
 【日志内容】:连接数据服务器失败，请检查IP和端口
 【日记详细】：System.Net.Sockets.SocketException (0x80004005): 由于目标计算机积极拒绝，无法连接。 127.0.0.1:7788
   在 System.Net.Sockets.Socket.EndConnect(IAsyncResult asyncResult)
   在 WebUI.Models.RealTimeConnection.TCPConnection.<StartConnection>b__16_0(IAsyncResult asyncResult) 位置 C:\Users\ychost\Desktop\MesCable\WebUI\Models\RealTimeConnection\TCPConnection.cs:行号 217
 
---------------------------------------------------------------------------------------------------------------
 【时间】:2016-10-20 21:50:20,196
 【级别】:ERROR
 【类名】:WebUI.Models.RealTimeConnection.TCPConnection:StartConnection
 【线程ID】: 18 
 【日志内容】:连接数据服务器失败，请检查IP和端口
 【日记详细】：System.ArgumentException: 未从此类上对应的异步方法中返回 IAsyncResult 对象。
参数名: asyncResult
   在 System.Net.Sockets.Socket.EndConnect(IAsyncResult asyncResult)
   在 WebUI.Models.RealTimeConnection.TCPConnection.<StartConnection>b__16_0(IAsyncResult asyncResult) 位置 C:\Users\ychost\Desktop\MesCable\WebUI\Models\RealTimeConnection\TCPConnection.cs:行号 217
 
---------------------------------------------------------------------------------------------------------------
 【时间】:2016-10-20 21:50:20,201
 【级别】:ERROR
 【类名】:WebUI.Models.RealTimeConnection.TCPConnection:StartConnection
 【线程ID】: 17 
 【日志内容】:连接数据服务器失败，请检查IP和端口
 【日记详细】：System.Net.Sockets.SocketException (0x80004005): 由于目标计算机积极拒绝，无法连接。 127.0.0.1:7788
   在 System.Net.Sockets.Socket.EndConnect(IAsyncResult asyncResult)
   在 WebUI.Models.RealTimeConnection.TCPConnection.<StartConnection>b__16_0(IAsyncResult asyncResult) 位置 C:\Users\ychost\Desktop\MesCable\WebUI\Models\RealTimeConnection\TCPConnection.cs:行号 217
 
---------------------------------------------------------------------------------------------------------------
 【时间】:2016-10-20 21:51:18,592
 【级别】:ERROR
 【类名】:WebUI.Models.RealTimeConnection.TCPConnection:StartConnection
 【线程ID】: 11 
 【日志内容】:连接数据服务器失败，请检查IP和端口
 【日记详细】：System.Net.Sockets.SocketException (0x80004005): 由于目标计算机积极拒绝，无法连接。 127.0.0.1:7788
   在 System.Net.Sockets.Socket.EndConnect(IAsyncResult asyncResult)
   在 WebUI.Models.RealTimeConnection.TCPConnection.<StartConnection>b__16_0(IAsyncResult asyncResult) 位置 C:\Users\ychost\Desktop\MesCable\WebUI\Models\RealTimeConnection\TCPConnection.cs:行号 217
 
---------------------------------------------------------------------------------------------------------------
 【时间】:2016-10-20 21:51:18,596
 【级别】:ERROR
 【类名】:WebUI.Models.RealTimeConnection.TCPConnection:StartConnection
 【线程ID】: 12 
 【日志内容】:连接数据服务器失败，请检查IP和端口
 【日记详细】：System.ArgumentException: 未从此类上对应的异步方法中返回 IAsyncResult 对象。
参数名: asyncResult
   在 System.Net.Sockets.Socket.EndConnect(IAsyncResult asyncResult)
   在 WebUI.Models.RealTimeConnection.TCPConnection.<StartConnection>b__16_0(IAsyncResult asyncResult) 位置 C:\Users\ychost\Desktop\MesCable\WebUI\Models\RealTimeConnection\TCPConnection.cs:行号 217
 
---------------------------------------------------------------------------------------------------------------
 【时间】:2016-10-20 22:08:36,353
 【级别】:ERROR
 【类名】:WebUI.Models.RealTimeConnection.TCPConnection:StartConnection
 【线程ID】: 15 
 【日志内容】:连接数据服务器失败，请检查IP和端口
 【日记详细】：System.Net.Sockets.SocketException (0x80004005): 由于目标计算机积极拒绝，无法连接。 127.0.0.1:7788
   在 System.Net.Sockets.Socket.EndConnect(IAsyncResult asyncResult)
   在 WebUI.Models.RealTimeConnection.TCPConnection.<StartConnection>b__16_0(IAsyncResult asyncResult) 位置 C:\Users\ychost\Desktop\MesCable\WebUI\Models\RealTimeConnection\TCPConnection.cs:行号 217
 
---------------------------------------------------------------------------------------------------------------
 【时间】:2016-10-20 22:08:36,360
 【级别】:ERROR
 【类名】:WebUI.Models.RealTimeConnection.TCPConnection:StartConnection
 【线程ID】: 16 
 【日志内容】:连接数据服务器失败，请检查IP和端口
 【日记详细】：System.ArgumentException: 未从此类上对应的异步方法中返回 IAsyncResult 对象。
参数名: asyncResult
   在 System.Net.Sockets.Socket.EndConnect(IAsyncResult asyncResult)
   在 WebUI.Models.RealTimeConnection.TCPConnection.<StartConnection>b__16_0(IAsyncResult asyncResult) 位置 C:\Users\ychost\Desktop\MesCable\WebUI\Models\RealTimeConnection\TCPConnection.cs:行号 217
 
---------------------------------------------------------------------------------------------------------------
 【时间】:2016-10-20 22:09:02,383
 【级别】:ERROR
 【类名】:WebUI.Models.RealTimeConnection.TCPConnection:StartConnection
 【线程ID】: 16 
 【日志内容】:连接数据服务器失败，请检查IP和端口
 【日记详细】：System.Net.Sockets.SocketException (0x80004005): 由于目标计算机积极拒绝，无法连接。 127.0.0.1:7788
   在 System.Net.Sockets.Socket.EndConnect(IAsyncResult asyncResult)
   在 WebUI.Models.RealTimeConnection.TCPConnection.<StartConnection>b__16_0(IAsyncResult asyncResult) 位置 C:\Users\ychost\Desktop\MesCable\WebUI\Models\RealTimeConnection\TCPConnection.cs:行号 217
 
---------------------------------------------------------------------------------------------------------------
 【时间】:2016-10-20 22:10:58,117
 【级别】:ERROR
 【类名】:WebUI.Models.RealTimeConnection.TCPConnection:StartConnection
 【线程ID】: 20 
 【日志内容】:连接数据服务器失败，请检查IP和端口
 【日记详细】：System.Net.Sockets.SocketException (0x80004005): 由于目标计算机积极拒绝，无法连接。 127.0.0.1:7788
   在 System.Net.Sockets.Socket.EndConnect(IAsyncResult asyncResult)
   在 WebUI.Models.RealTimeConnection.TCPConnection.<StartConnection>b__16_0(IAsyncResult asyncResult) 位置 C:\Users\ychost\Desktop\MesCable\WebUI\Models\RealTimeConnection\TCPConnection.cs:行号 217
 
---------------------------------------------------------------------------------------------------------------
 【时间】:2016-10-20 22:11:41,904
 【级别】:ERROR
 【类名】:WebUI.Models.RealTimeConnection.TCPConnection:StartConnection
 【线程ID】: 29 
 【日志内容】:连接数据服务器失败，请检查IP和端口
 【日记详细】：System.Net.Sockets.SocketException (0x80004005): 由于目标计算机积极拒绝，无法连接。 127.0.0.1:7788
   在 System.Net.Sockets.Socket.EndConnect(IAsyncResult asyncResult)
   在 WebUI.Models.RealTimeConnection.TCPConnection.<StartConnection>b__16_0(IAsyncResult asyncResult) 位置 C:\Users\ychost\Desktop\MesCable\WebUI\Models\RealTimeConnection\TCPConnection.cs:行号 217
 
---------------------------------------------------------------------------------------------------------------
 【时间】:2016-10-20 22:12:28,497
 【级别】:ERROR
 【类名】:WebUI.Models.RealTimeConnection.TCPConnection:StartConnection
 【线程ID】: 33 
 【日志内容】:连接数据服务器失败，请检查IP和端口
 【日记详细】：System.Net.Sockets.SocketException (0x80004005): 由于目标计算机积极拒绝，无法连接。 127.0.0.1:7788
   在 System.Net.Sockets.Socket.EndConnect(IAsyncResult asyncResult)
   在 WebUI.Models.RealTimeConnection.TCPConnection.<StartConnection>b__16_0(IAsyncResult asyncResult) 位置 C:\Users\ychost\Desktop\MesCable\WebUI\Models\RealTimeConnection\TCPConnection.cs:行号 217
 
---------------------------------------------------------------------------------------------------------------
 【时间】:2016-10-20 22:14:10,740
 【级别】:ERROR
 【类名】:WebUI.Models.RealTimeConnection.TCPConnection:StartConnection
 【线程ID】: 28 
 【日志内容】:连接数据服务器失败，请检查IP和端口
 【日记详细】：System.Net.Sockets.SocketException (0x80004005): 由于目标计算机积极拒绝，无法连接。 127.0.0.1:7788
   在 System.Net.Sockets.Socket.EndConnect(IAsyncResult asyncResult)
   在 WebUI.Models.RealTimeConnection.TCPConnection.<StartConnection>b__16_0(IAsyncResult asyncResult) 位置 C:\Users\ychost\Desktop\MesCable\WebUI\Models\RealTimeConnection\TCPConnection.cs:行号 217
 
---------------------------------------------------------------------------------------------------------------
 【时间】:2016-10-20 22:14:29,767
 【级别】:ERROR
 【类名】:WebUI.Models.RealTimeConnection.TCPConnection:StartConnection
 【线程ID】: 28 
 【日志内容】:连接数据服务器失败，请检查IP和端口
 【日记详细】：System.Net.Sockets.SocketException (0x80004005): 由于目标计算机积极拒绝，无法连接。 127.0.0.1:7788
   在 System.Net.Sockets.Socket.EndConnect(IAsyncResult asyncResult)
   在 WebUI.Models.RealTimeConnection.TCPConnection.<StartConnection>b__16_0(IAsyncResult asyncResult) 位置 C:\Users\ychost\Desktop\MesCable\WebUI\Models\RealTimeConnection\TCPConnection.cs:行号 217
 
---------------------------------------------------------------------------------------------------------------
 【时间】:2016-10-20 22:15:06,294
 【级别】:ERROR
 【类名】:WebUI.Models.RealTimeConnection.TCPConnection:StartConnection
 【线程ID】: 28 
 【日志内容】:连接数据服务器失败，请检查IP和端口
 【日记详细】：System.Net.Sockets.SocketException (0x80004005): 由于目标计算机积极拒绝，无法连接。 127.0.0.1:7788
   在 System.Net.Sockets.Socket.EndConnect(IAsyncResult asyncResult)
   在 WebUI.Models.RealTimeConnection.TCPConnection.<StartConnection>b__16_0(IAsyncResult asyncResult) 位置 C:\Users\ychost\Desktop\MesCable\WebUI\Models\RealTimeConnection\TCPConnection.cs:行号 217
 
---------------------------------------------------------------------------------------------------------------
 【时间】:2016-10-20 22:15:29,405
 【级别】:ERROR
 【类名】:WebUI.Models.RealTimeConnection.TCPConnection:StartConnection
 【线程ID】: 28 
 【日志内容】:连接数据服务器失败，请检查IP和端口
 【日记详细】：System.Net.Sockets.SocketException (0x80004005): 由于目标计算机积极拒绝，无法连接。 127.0.0.1:7788
   在 System.Net.Sockets.Socket.EndConnect(IAsyncResult asyncResult)
   在 WebUI.Models.RealTimeConnection.TCPConnection.<StartConnection>b__16_0(IAsyncResult asyncResult) 位置 C:\Users\ychost\Desktop\MesCable\WebUI\Models\RealTimeConnection\TCPConnection.cs:行号 217
 
---------------------------------------------------------------------------------------------------------------
 【时间】:2016-10-20 22:16:39,550
 【级别】:ERROR
 【类名】:WebUI.Models.RealTimeConnection.TCPConnection:StartConnection
 【线程ID】: 53 
 【日志内容】:连接数据服务器失败，请检查IP和端口
 【日记详细】：System.Net.Sockets.SocketException (0x80004005): 由于目标计算机积极拒绝，无法连接。 127.0.0.1:7788
   在 System.Net.Sockets.Socket.EndConnect(IAsyncResult asyncResult)
   在 WebUI.Models.RealTimeConnection.TCPConnection.<StartConnection>b__16_0(IAsyncResult asyncResult) 位置 C:\Users\ychost\Desktop\MesCable\WebUI\Models\RealTimeConnection\TCPConnection.cs:行号 217
 
---------------------------------------------------------------------------------------------------------------
 【时间】:2016-10-20 22:17:13,375
 【级别】:ERROR
 【类名】:WebUI.Models.RealTimeConnection.TCPConnection:StartConnection
 【线程ID】: 58 
 【日志内容】:连接数据服务器失败，请检查IP和端口
 【日记详细】：System.Net.Sockets.SocketException (0x80004005): 由于目标计算机积极拒绝，无法连接。 127.0.0.1:7788
   在 System.Net.Sockets.Socket.EndConnect(IAsyncResult asyncResult)
   在 WebUI.Models.RealTimeConnection.TCPConnection.<StartConnection>b__16_0(IAsyncResult asyncResult) 位置 C:\Users\ychost\Desktop\MesCable\WebUI\Models\RealTimeConnection\TCPConnection.cs:行号 217
 
---------------------------------------------------------------------------------------------------------------
 【时间】:2016-10-20 22:17:33,338
 【级别】:ERROR
 【类名】:WebUI.Models.RealTimeConnection.TCPConnection:StartConnection
 【线程ID】: 58 
 【日志内容】:连接数据服务器失败，请检查IP和端口
 【日记详细】：System.Net.Sockets.SocketException (0x80004005): 由于目标计算机积极拒绝，无法连接。 127.0.0.1:7788
   在 System.Net.Sockets.Socket.EndConnect(IAsyncResult asyncResult)
   在 WebUI.Models.RealTimeConnection.TCPConnection.<StartConnection>b__16_0(IAsyncResult asyncResult) 位置 C:\Users\ychost\Desktop\MesCable\WebUI\Models\RealTimeConnection\TCPConnection.cs:行号 217
 
---------------------------------------------------------------------------------------------------------------
 【时间】:2016-10-20 22:20:26,456
 【级别】:ERROR
 【类名】:WebUI.Models.RealTimeConnection.TCPConnection:StartConnection
 【线程ID】: 67 
 【日志内容】:连接数据服务器失败，请检查IP和端口
 【日记详细】：System.Net.Sockets.SocketException (0x80004005): 由于目标计算机积极拒绝，无法连接。 127.0.0.1:7788
   在 System.Net.Sockets.Socket.EndConnect(IAsyncResult asyncResult)
   在 WebUI.Models.RealTimeConnection.TCPConnection.<StartConnection>b__16_0(IAsyncResult asyncResult) 位置 C:\Users\ychost\Desktop\MesCable\WebUI\Models\RealTimeConnection\TCPConnection.cs:行号 217
 
---------------------------------------------------------------------------------------------------------------
 【时间】:2016-10-20 22:21:39,255
 【级别】:ERROR
 【类名】:WebUI.Models.RealTimeConnection.TCPConnection:StartConnection
 【线程ID】: 65 
 【日志内容】:连接数据服务器失败，请检查IP和端口
 【日记详细】：System.Net.Sockets.SocketException (0x80004005): 由于目标计算机积极拒绝，无法连接。 127.0.0.1:7788
   在 System.Net.Sockets.Socket.EndConnect(IAsyncResult asyncResult)
   在 WebUI.Models.RealTimeConnection.TCPConnection.<StartConnection>b__16_0(IAsyncResult asyncResult) 位置 C:\Users\ychost\Desktop\MesCable\WebUI\Models\RealTimeConnection\TCPConnection.cs:行号 217
 
---------------------------------------------------------------------------------------------------------------
 【时间】:2016-10-20 22:22:22,002
 【级别】:ERROR
 【类名】:WebUI.Models.RealTimeConnection.TCPConnection:StartConnection
 【线程ID】: 75 
 【日志内容】:连接数据服务器失败，请检查IP和端口
 【日记详细】：System.Net.Sockets.SocketException (0x80004005): 由于目标计算机积极拒绝，无法连接。 127.0.0.1:7788
   在 System.Net.Sockets.Socket.EndConnect(IAsyncResult asyncResult)
   在 WebUI.Models.RealTimeConnection.TCPConnection.<StartConnection>b__16_0(IAsyncResult asyncResult) 位置 C:\Users\ychost\Desktop\MesCable\WebUI\Models\RealTimeConnection\TCPConnection.cs:行号 217
 
---------------------------------------------------------------------------------------------------------------
 【时间】:2016-10-20 22:24:26,539
 【级别】:ERROR
 【类名】:WebUI.Models.RealTimeConnection.TCPConnection:StartConnection
 【线程ID】: 66 
 【日志内容】:连接数据服务器失败，请检查IP和端口
 【日记详细】：System.Net.Sockets.SocketException (0x80004005): 由于目标计算机积极拒绝，无法连接。 127.0.0.1:7788
   在 System.Net.Sockets.Socket.EndConnect(IAsyncResult asyncResult)
   在 WebUI.Models.RealTimeConnection.TCPConnection.<StartConnection>b__16_0(IAsyncResult asyncResult) 位置 C:\Users\ychost\Desktop\MesCable\WebUI\Models\RealTimeConnection\TCPConnection.cs:行号 217
 
---------------------------------------------------------------------------------------------------------------
