 【时间】:2016-09-16 11:41:36,202
 【级别】:ERROR
 【类名】:WebUI.Controllers.OnlineDataController:MachineLayout
 【线程ID】: 7 
 【日志内容】:机台信息为空
 【日记详细】： 
---------------------------------------------------------------------------------------------------------------
 【时间】:2016-09-16 11:41:41,717
 【级别】:ERROR
 【类名】:WebUI.Controllers.OnlineDataController:MachineLayout
 【线程ID】: 7 
 【日志内容】:机台信息为空
 【日记详细】： 
---------------------------------------------------------------------------------------------------------------
 【时间】:2016-09-16 11:46:27,460
 【级别】:ERROR
 【类名】:WebUI.Controllers.OnlineDataController:MachineLayout
 【线程ID】: 7 
 【日志内容】:机台信息为空
 【日记详细】： 
---------------------------------------------------------------------------------------------------------------
 【时间】:2016-09-16 11:46:31,977
 【级别】:ERROR
 【类名】:WebUI.Controllers.OnlineDataController:MachineLayout
 【线程ID】: 7 
 【日志内容】:机台信息为空
 【日记详细】： 
---------------------------------------------------------------------------------------------------------------
 【时间】:2016-09-16 11:47:01,948
 【级别】:ERROR
 【类名】:WebUI.Controllers.OnlineDataController:MachineLayout
 【线程ID】: 7 
 【日志内容】:机台信息为空
 【日记详细】： 
---------------------------------------------------------------------------------------------------------------
 【时间】:2016-09-16 13:34:21,601
 【级别】:ERROR
 【类名】:WebUI.Controllers.OnlineDataController:MachineLayout
 【线程ID】: 20 
 【日志内容】:机台信息为空
 【日记详细】： 
---------------------------------------------------------------------------------------------------------------
 【时间】:2016-09-16 13:34:44,914
 【级别】:ERROR
 【类名】:WebUI.Controllers.OnlineDataController:MachineLayout
 【线程ID】: 15 
 【日志内容】:机台信息为空
 【日记详细】： 
---------------------------------------------------------------------------------------------------------------
 【时间】:2016-09-16 13:38:06,658
 【级别】:ERROR
 【类名】:WebUI.Controllers.OnlineDataController:MachineLayout
 【线程ID】: 16 
 【日志内容】:机台信息为空
 【日记详细】： 
---------------------------------------------------------------------------------------------------------------
 【时间】:2016-09-16 13:38:19,430
 【级别】:ERROR
 【类名】:WebUI.Controllers.OnlineDataController:MachineLayout
 【线程ID】: 15 
 【日志内容】:机台信息为空
 【日记详细】： 
---------------------------------------------------------------------------------------------------------------
 【时间】:2016-09-16 13:38:30,915
 【级别】:ERROR
 【类名】:WebUI.Controllers.OnlineDataController:MachineLayout
 【线程ID】: 15 
 【日志内容】:机台信息为空
 【日记详细】： 
---------------------------------------------------------------------------------------------------------------
 【时间】:2016-09-16 14:09:34,683
 【级别】:ERROR
 【类名】:WebUI.Controllers.OnlineDataController:MachineLayout
 【线程ID】: 26 
 【日志内容】:机台信息为空
 【日记详细】： 
---------------------------------------------------------------------------------------------------------------
 【时间】:2016-09-16 14:14:29,113
 【级别】:ERROR
 【类名】:WebUI.Controllers.OnlineDataController:MachineLayout
 【线程ID】: 7 
 【日志内容】:机台信息为空
 【日记详细】： 
---------------------------------------------------------------------------------------------------------------
 【时间】:2016-09-16 14:16:18,591
 【级别】:ERROR
 【类名】:WebUI.Controllers.OnlineDataController:MachineLayout
 【线程ID】: 7 
 【日志内容】:机台信息为空
 【日记详细】： 
---------------------------------------------------------------------------------------------------------------
 【时间】:2016-09-16 14:20:35,614
 【级别】:ERROR
 【类名】:WebUI.Controllers.OnlineDataController:MachineLayout
 【线程ID】: 7 
 【日志内容】:机台信息为空
 【日记详细】： 
---------------------------------------------------------------------------------------------------------------
 【时间】:2016-09-16 14:20:54,522
 【级别】:ERROR
 【类名】:WebUI.Controllers.OnlineDataController:MachineLayout
 【线程ID】: 9 
 【日志内容】:机台信息为空
 【日记详细】： 
---------------------------------------------------------------------------------------------------------------
 【时间】:2016-09-16 21:50:44,655
 【级别】:ERROR
 【类名】:WebUI.Controllers.OnlineDataController:GetSensorDataAction
 【线程ID】: 7 
 【日志内容】:查找传感器数据失败
 【日记详细】：System.InvalidCastException: 无法将类型为“<TakeIterator>d__24`1[MesWeb.Model.T_CollectedDataParameters]”的对象强制转换为类型“System.Collections.Generic.List`1[MesWeb.Model.T_CollectedDataParameters]”。
   在 WebUI.Controllers.OnlineDataController.GetSensorDataAction(Int32 Id) 位置 C:\Users\ychost\Desktop\MesCable\WebUI\Controllers\OnlineDataController.cs:行号 104
 
---------------------------------------------------------------------------------------------------------------
