 【时间】:2016-09-13 00:07:13,288
 【级别】:FATAL
 【类名】:WebUI.Controllers.AdminController:Index
 【线程ID】: 25532 
 【文件地址】:C:\Users\ychost\Desktop\MesCable\WebUI\Utils\LogHelper.cs 第64行
 【日志内容】:fatal
 【日记详细】： 
---------------------------------------------------------------------------------------------------------------
 【时间】:2016-09-13 00:15:35,625
 【级别】:FATAL
 【类名】:WebUI.Controllers.AdminController:Index
 【线程ID】: 26996 
 【文件地址】:C:\Users\ychost\Desktop\MesCable\WebUI\Controllers\AdminController.cs 第39行
 【日志内容】:fatal
 【日记详细】： 
---------------------------------------------------------------------------------------------------------------
 【时间】:2016-09-13 00:31:29,194
 【级别】:FATAL
 【类名】:WebUI.Controllers.AdminController:Index
 【线程ID】: 35652 
 【日志内容】:fatal
 【日记详细】： 
---------------------------------------------------------------------------------------------------------------
