 【时间】:2016-09-21 22:12:50,562
 【级别】:FATAL
 【类名】:WebUI.Controllers.ProjectAdminController:AddExtraSensorAction
 【线程ID】: 7 
 【日志内容】:往数据库写入数据失败
 【日记详细】：System.Data.SqlClient.SqlException (0x80131904): The INSERT statement conflicted with the FOREIGN KEY constraint "FK_T_Machine_T_SensorModule". The conflict occurred in database "Mes", table "dbo.T_Machine", column 'MachineID'.
The statement has been terminated.
   在 System.Data.SqlClient.SqlConnection.OnError(SqlException exception, Boolean breakConnection, Action`1 wrapCloseInAction)
   在 System.Data.SqlClient.SqlInternalConnection.OnError(SqlException exception, Boolean breakConnection, Action`1 wrapCloseInAction)
   在 System.Data.SqlClient.TdsParser.ThrowExceptionAndWarning(TdsParserStateObject stateObj, Boolean callerHasConnectionLock, Boolean asyncClose)
   在 System.Data.SqlClient.TdsParser.TryRun(RunBehavior runBehavior, SqlCommand cmdHandler, SqlDataReader dataStream, BulkCopySimpleResultSet bulkCopyHandler, TdsParserStateObject stateObj, Boolean& dataReady)
   在 System.Data.SqlClient.SqlCommand.FinishExecuteReader(SqlDataReader ds, RunBehavior runBehavior, String resetOptionsString, Boolean isInternal, Boolean forDescribeParameterEncryption)
   在 System.Data.SqlClient.SqlCommand.RunExecuteReaderTds(CommandBehavior cmdBehavior, RunBehavior runBehavior, Boolean returnStream, Boolean async, Int32 timeout, Task& task, Boolean asyncWrite, Boolean inRetry, SqlDataReader ds, Boolean describeParameterEncryptionRequest)
   在 System.Data.SqlClient.SqlCommand.RunExecuteReader(CommandBehavior cmdBehavior, RunBehavior runBehavior, Boolean returnStream, String method, TaskCompletionSource`1 completion, Int32 timeout, Task& task, Boolean& usedCache, Boolean asyncWrite, Boolean inRetry)
   在 System.Data.SqlClient.SqlCommand.InternalExecuteNonQuery(TaskCompletionSource`1 completion, String methodName, Boolean sendToPipe, Int32 timeout, Boolean& usedCache, Boolean asyncWrite, Boolean inRetry)
   在 System.Data.SqlClient.SqlCommand.ExecuteNonQuery()
   在 MES.DBUtility.DbHelperSQL.RunProcedure(String storedProcName, IDataParameter[] parameters, Int32& rowsAffected) 位置 C:\Users\ychost\Desktop\MesCable\DBUtility\DbHelperSQL.cs:行号 990
   在 MesWeb.SQLServerDAL.T_SensorModule.Add(T_SensorModule model) 位置 C:\Users\ychost\Desktop\MesCable\SQLServerDAL\T_SensorModule.cs:行号 69
   在 MesWeb.BLL.T_SensorModule.Add(T_SensorModule model) 位置 C:\Users\ychost\Desktop\MesCable\BLL\T_SensorModule.cs:行号 42
   在 WebUI.Controllers.ProjectAdminController.AddExtraSensorAction(VM_AddSensorAdmin sensorAdmin) 位置 C:\Users\ychost\Desktop\MesCable\WebUI\Controllers\ProjectAdminController.cs:行号 549
ClientConnectionId:9ff9e7a0-e56b-4acd-9780-7eb967de0f44
Error Number:547,State:0,Class:16
 
---------------------------------------------------------------------------------------------------------------
 【时间】:2016-09-21 22:14:04,432
 【级别】:FATAL
 【类名】:WebUI.Controllers.ProjectAdminController:AddExtraSensorAction
 【线程ID】: 7 
 【日志内容】:往数据库写入数据失败
 【日记详细】：System.Data.SqlClient.SqlException (0x80131904): The INSERT statement conflicted with the FOREIGN KEY constraint "FK_T_Machine_T_SensorModule". The conflict occurred in database "Mes", table "dbo.T_Machine", column 'MachineID'.
The statement has been terminated.
   在 System.Data.SqlClient.SqlConnection.OnError(SqlException exception, Boolean breakConnection, Action`1 wrapCloseInAction)
   在 System.Data.SqlClient.SqlInternalConnection.OnError(SqlException exception, Boolean breakConnection, Action`1 wrapCloseInAction)
   在 System.Data.SqlClient.TdsParser.ThrowExceptionAndWarning(TdsParserStateObject stateObj, Boolean callerHasConnectionLock, Boolean asyncClose)
   在 System.Data.SqlClient.TdsParser.TryRun(RunBehavior runBehavior, SqlCommand cmdHandler, SqlDataReader dataStream, BulkCopySimpleResultSet bulkCopyHandler, TdsParserStateObject stateObj, Boolean& dataReady)
   在 System.Data.SqlClient.SqlCommand.FinishExecuteReader(SqlDataReader ds, RunBehavior runBehavior, String resetOptionsString, Boolean isInternal, Boolean forDescribeParameterEncryption)
   在 System.Data.SqlClient.SqlCommand.RunExecuteReaderTds(CommandBehavior cmdBehavior, RunBehavior runBehavior, Boolean returnStream, Boolean async, Int32 timeout, Task& task, Boolean asyncWrite, Boolean inRetry, SqlDataReader ds, Boolean describeParameterEncryptionRequest)
   在 System.Data.SqlClient.SqlCommand.RunExecuteReader(CommandBehavior cmdBehavior, RunBehavior runBehavior, Boolean returnStream, String method, TaskCompletionSource`1 completion, Int32 timeout, Task& task, Boolean& usedCache, Boolean asyncWrite, Boolean inRetry)
   在 System.Data.SqlClient.SqlCommand.InternalExecuteNonQuery(TaskCompletionSource`1 completion, String methodName, Boolean sendToPipe, Int32 timeout, Boolean& usedCache, Boolean asyncWrite, Boolean inRetry)
   在 System.Data.SqlClient.SqlCommand.ExecuteNonQuery()
   在 MES.DBUtility.DbHelperSQL.RunProcedure(String storedProcName, IDataParameter[] parameters, Int32& rowsAffected) 位置 C:\Users\ychost\Desktop\MesCable\DBUtility\DbHelperSQL.cs:行号 990
   在 MesWeb.SQLServerDAL.T_SensorModule.Add(T_SensorModule model) 位置 C:\Users\ychost\Desktop\MesCable\SQLServerDAL\T_SensorModule.cs:行号 69
   在 MesWeb.BLL.T_SensorModule.Add(T_SensorModule model) 位置 C:\Users\ychost\Desktop\MesCable\BLL\T_SensorModule.cs:行号 42
   在 WebUI.Controllers.ProjectAdminController.AddExtraSensorAction(VM_AddSensorAdmin sensorAdmin) 位置 C:\Users\ychost\Desktop\MesCable\WebUI\Controllers\ProjectAdminController.cs:行号 549
ClientConnectionId:9ff9e7a0-e56b-4acd-9780-7eb967de0f44
Error Number:547,State:0,Class:16
 
---------------------------------------------------------------------------------------------------------------
 【时间】:2016-09-21 22:16:32,698
 【级别】:FATAL
 【类名】:WebUI.Controllers.ProjectAdminController:AddExtraSensorAction
 【线程ID】: 7 
 【日志内容】:往数据库写入数据失败
 【日记详细】：System.Data.SqlClient.SqlException (0x80131904): The INSERT statement conflicted with the FOREIGN KEY constraint "FK_T_Machine_T_SensorModule". The conflict occurred in database "Mes", table "dbo.T_Machine", column 'MachineID'.
The statement has been terminated.
   在 System.Data.SqlClient.SqlConnection.OnError(SqlException exception, Boolean breakConnection, Action`1 wrapCloseInAction)
   在 System.Data.SqlClient.SqlInternalConnection.OnError(SqlException exception, Boolean breakConnection, Action`1 wrapCloseInAction)
   在 System.Data.SqlClient.TdsParser.ThrowExceptionAndWarning(TdsParserStateObject stateObj, Boolean callerHasConnectionLock, Boolean asyncClose)
   在 System.Data.SqlClient.TdsParser.TryRun(RunBehavior runBehavior, SqlCommand cmdHandler, SqlDataReader dataStream, BulkCopySimpleResultSet bulkCopyHandler, TdsParserStateObject stateObj, Boolean& dataReady)
   在 System.Data.SqlClient.SqlCommand.FinishExecuteReader(SqlDataReader ds, RunBehavior runBehavior, String resetOptionsString, Boolean isInternal, Boolean forDescribeParameterEncryption)
   在 System.Data.SqlClient.SqlCommand.RunExecuteReaderTds(CommandBehavior cmdBehavior, RunBehavior runBehavior, Boolean returnStream, Boolean async, Int32 timeout, Task& task, Boolean asyncWrite, Boolean inRetry, SqlDataReader ds, Boolean describeParameterEncryptionRequest)
   在 System.Data.SqlClient.SqlCommand.RunExecuteReader(CommandBehavior cmdBehavior, RunBehavior runBehavior, Boolean returnStream, String method, TaskCompletionSource`1 completion, Int32 timeout, Task& task, Boolean& usedCache, Boolean asyncWrite, Boolean inRetry)
   在 System.Data.SqlClient.SqlCommand.InternalExecuteNonQuery(TaskCompletionSource`1 completion, String methodName, Boolean sendToPipe, Int32 timeout, Boolean& usedCache, Boolean asyncWrite, Boolean inRetry)
   在 System.Data.SqlClient.SqlCommand.ExecuteNonQuery()
   在 MES.DBUtility.DbHelperSQL.RunProcedure(String storedProcName, IDataParameter[] parameters, Int32& rowsAffected) 位置 C:\Users\ychost\Desktop\MesCable\DBUtility\DbHelperSQL.cs:行号 990
   在 MesWeb.SQLServerDAL.T_SensorModule.Add(T_SensorModule model) 位置 C:\Users\ychost\Desktop\MesCable\SQLServerDAL\T_SensorModule.cs:行号 69
   在 MesWeb.BLL.T_SensorModule.Add(T_SensorModule model) 位置 C:\Users\ychost\Desktop\MesCable\BLL\T_SensorModule.cs:行号 42
   在 WebUI.Controllers.ProjectAdminController.AddExtraSensorAction(VM_AddSensorAdmin sensorAdmin) 位置 C:\Users\ychost\Desktop\MesCable\WebUI\Controllers\ProjectAdminController.cs:行号 549
ClientConnectionId:9ff9e7a0-e56b-4acd-9780-7eb967de0f44
Error Number:547,State:0,Class:16
 
---------------------------------------------------------------------------------------------------------------
