 【时间】:2016-09-17 20:23:12,229
 【级别】:WARN
 【类名】:WebUI.Controllers.ProjectAdminController:AddSensorAction
 【线程ID】: 7 
 【日志内容】:添加机台名称不能为空
 【日记详细】： 
---------------------------------------------------------------------------------------------------------------
 【时间】:2016-09-17 20:23:37,479
 【级别】:WARN
 【类名】:WebUI.Controllers.ProjectAdminController:AddSensorAction
 【线程ID】: 13 
 【日志内容】:添加机台名称不能为空
 【日记详细】： 
---------------------------------------------------------------------------------------------------------------
 【时间】:2016-09-17 20:25:08,029
 【级别】:WARN
 【类名】:WebUI.Controllers.ProjectAdminController:AddSensorAction
 【线程ID】: 10 
 【日志内容】:添加机台名称不能为空
 【日记详细】： 
---------------------------------------------------------------------------------------------------------------
 【时间】:2016-09-17 21:13:06,645
 【级别】:WARN
 【类名】:WebUI.Controllers.ProjectAdminController:AddSensorAction
 【线程ID】: 5 
 【日志内容】:字段校验失败
 【日记详细】： 
---------------------------------------------------------------------------------------------------------------
