 【时间】:2016-09-28 16:59:13,285
 【级别】:FATAL
 【类名】:WebUI.Controllers.ProjectAdminController:AddMachineLayoutAction
 【线程ID】: 40 
 【日志内容】:数据库发生错误!
 【日记详细】：System.Data.SqlTypes.SqlTypeException: SqlDateTime 溢出。必须介于 1/1/1753 12:00:00 AM 和 12/31/9999 11:59:59 PM 之间。
   在 System.Data.SqlClient.TdsParser.TdsExecuteRPC(SqlCommand cmd, _SqlRPC[] rpcArray, Int32 timeout, Boolean inSchema, SqlNotificationRequest notificationRequest, TdsParserStateObject stateObj, Boolean isCommandProc, Boolean sync, TaskCompletionSource`1 completion, Int32 startRpc, Int32 startParam)
   在 System.Data.SqlClient.SqlCommand.RunExecuteReaderTds(CommandBehavior cmdBehavior, RunBehavior runBehavior, Boolean returnStream, Boolean async, Int32 timeout, Task& task, Boolean asyncWrite, Boolean inRetry, SqlDataReader ds, Boolean describeParameterEncryptionRequest)
   在 System.Data.SqlClient.SqlCommand.RunExecuteReader(CommandBehavior cmdBehavior, RunBehavior runBehavior, Boolean returnStream, String method, TaskCompletionSource`1 completion, Int32 timeout, Task& task, Boolean& usedCache, Boolean asyncWrite, Boolean inRetry)
   在 System.Data.SqlClient.SqlCommand.InternalExecuteNonQuery(TaskCompletionSource`1 completion, String methodName, Boolean sendToPipe, Int32 timeout, Boolean& usedCache, Boolean asyncWrite, Boolean inRetry)
   在 System.Data.SqlClient.SqlCommand.ExecuteNonQuery()
   在 MES.DBUtility.DbHelperSQL.RunProcedure(String storedProcName, IDataParameter[] parameters, Int32& rowsAffected) 位置 C:\Users\ychost\Desktop\MesCable\DBUtility\DbHelperSQL.cs:行号 990
   在 MesWeb.SQLServerDAL.T_Machine.Add(T_Machine model) 位置 C:\Users\ychost\Desktop\MesCable\SQLServerDAL\T_Machine.cs:行号 81
   在 MesWeb.BLL.T_Machine.Add(T_Machine model) 位置 C:\Users\ychost\Desktop\MesCable\BLL\T_Machine.cs:行号 42
   在 WebUI.Controllers.ProjectAdminController.AddMachineLayoutAction(VM_AddMachineAdmin machineAdmin) 位置 C:\Users\ychost\Desktop\MesCable\WebUI\Controllers\ProjectAdminController.cs:行号 413
 
---------------------------------------------------------------------------------------------------------------
 【时间】:2016-09-28 16:59:22,699
 【级别】:FATAL
 【类名】:WebUI.Controllers.ProjectAdminController:AddMachineLayoutAction
 【线程ID】: 12 
 【日志内容】:数据库发生错误!
 【日记详细】：System.Data.SqlTypes.SqlTypeException: SqlDateTime 溢出。必须介于 1/1/1753 12:00:00 AM 和 12/31/9999 11:59:59 PM 之间。
   在 System.Data.SqlClient.TdsParser.TdsExecuteRPC(SqlCommand cmd, _SqlRPC[] rpcArray, Int32 timeout, Boolean inSchema, SqlNotificationRequest notificationRequest, TdsParserStateObject stateObj, Boolean isCommandProc, Boolean sync, TaskCompletionSource`1 completion, Int32 startRpc, Int32 startParam)
   在 System.Data.SqlClient.SqlCommand.RunExecuteReaderTds(CommandBehavior cmdBehavior, RunBehavior runBehavior, Boolean returnStream, Boolean async, Int32 timeout, Task& task, Boolean asyncWrite, Boolean inRetry, SqlDataReader ds, Boolean describeParameterEncryptionRequest)
   在 System.Data.SqlClient.SqlCommand.RunExecuteReader(CommandBehavior cmdBehavior, RunBehavior runBehavior, Boolean returnStream, String method, TaskCompletionSource`1 completion, Int32 timeout, Task& task, Boolean& usedCache, Boolean asyncWrite, Boolean inRetry)
   在 System.Data.SqlClient.SqlCommand.InternalExecuteNonQuery(TaskCompletionSource`1 completion, String methodName, Boolean sendToPipe, Int32 timeout, Boolean& usedCache, Boolean asyncWrite, Boolean inRetry)
   在 System.Data.SqlClient.SqlCommand.ExecuteNonQuery()
   在 MES.DBUtility.DbHelperSQL.RunProcedure(String storedProcName, IDataParameter[] parameters, Int32& rowsAffected) 位置 C:\Users\ychost\Desktop\MesCable\DBUtility\DbHelperSQL.cs:行号 990
   在 MesWeb.SQLServerDAL.T_Machine.Add(T_Machine model) 位置 C:\Users\ychost\Desktop\MesCable\SQLServerDAL\T_Machine.cs:行号 81
   在 MesWeb.BLL.T_Machine.Add(T_Machine model) 位置 C:\Users\ychost\Desktop\MesCable\BLL\T_Machine.cs:行号 42
   在 WebUI.Controllers.ProjectAdminController.AddMachineLayoutAction(VM_AddMachineAdmin machineAdmin) 位置 C:\Users\ychost\Desktop\MesCable\WebUI\Controllers\ProjectAdminController.cs:行号 413
 
---------------------------------------------------------------------------------------------------------------
 【时间】:2016-09-28 18:29:38,144
 【级别】:FATAL
 【类名】:WebUI.Controllers.ProjectAdminController:AddMachineLayoutAction
 【线程ID】: 110 
 【日志内容】:数据库发生错误!
 【日记详细】：System.Data.SqlTypes.SqlTypeException: SqlDateTime 溢出。必须介于 1/1/1753 12:00:00 AM 和 12/31/9999 11:59:59 PM 之间。
   在 System.Data.SqlClient.TdsParser.TdsExecuteRPC(SqlCommand cmd, _SqlRPC[] rpcArray, Int32 timeout, Boolean inSchema, SqlNotificationRequest notificationRequest, TdsParserStateObject stateObj, Boolean isCommandProc, Boolean sync, TaskCompletionSource`1 completion, Int32 startRpc, Int32 startParam)
   在 System.Data.SqlClient.SqlCommand.RunExecuteReaderTds(CommandBehavior cmdBehavior, RunBehavior runBehavior, Boolean returnStream, Boolean async, Int32 timeout, Task& task, Boolean asyncWrite, Boolean inRetry, SqlDataReader ds, Boolean describeParameterEncryptionRequest)
   在 System.Data.SqlClient.SqlCommand.RunExecuteReader(CommandBehavior cmdBehavior, RunBehavior runBehavior, Boolean returnStream, String method, TaskCompletionSource`1 completion, Int32 timeout, Task& task, Boolean& usedCache, Boolean asyncWrite, Boolean inRetry)
   在 System.Data.SqlClient.SqlCommand.InternalExecuteNonQuery(TaskCompletionSource`1 completion, String methodName, Boolean sendToPipe, Int32 timeout, Boolean& usedCache, Boolean asyncWrite, Boolean inRetry)
   在 System.Data.SqlClient.SqlCommand.ExecuteNonQuery()
   在 MES.DBUtility.DbHelperSQL.RunProcedure(String storedProcName, IDataParameter[] parameters, Int32& rowsAffected) 位置 C:\Users\ychost\Desktop\MesCable\DBUtility\DbHelperSQL.cs:行号 990
   在 MesWeb.SQLServerDAL.T_Machine.Add(T_Machine model) 位置 C:\Users\ychost\Desktop\MesCable\SQLServerDAL\T_Machine.cs:行号 81
   在 MesWeb.BLL.T_Machine.Add(T_Machine model) 位置 C:\Users\ychost\Desktop\MesCable\BLL\T_Machine.cs:行号 42
   在 WebUI.Controllers.ProjectAdminController.AddMachineLayoutAction(VM_AddMachineAdmin machineAdmin) 位置 C:\Users\ychost\Desktop\MesCable\WebUI\Controllers\ProjectAdminController.cs:行号 413
 
---------------------------------------------------------------------------------------------------------------
 【时间】:2016-09-28 18:30:26,689
 【级别】:FATAL
 【类名】:WebUI.Controllers.ProjectAdminController:AddMachineLayoutAction
 【线程ID】: 107 
 【日志内容】:数据库发生错误!
 【日记详细】：System.Data.SqlTypes.SqlTypeException: SqlDateTime 溢出。必须介于 1/1/1753 12:00:00 AM 和 12/31/9999 11:59:59 PM 之间。
   在 System.Data.SqlClient.TdsParser.TdsExecuteRPC(SqlCommand cmd, _SqlRPC[] rpcArray, Int32 timeout, Boolean inSchema, SqlNotificationRequest notificationRequest, TdsParserStateObject stateObj, Boolean isCommandProc, Boolean sync, TaskCompletionSource`1 completion, Int32 startRpc, Int32 startParam)
   在 System.Data.SqlClient.SqlCommand.RunExecuteReaderTds(CommandBehavior cmdBehavior, RunBehavior runBehavior, Boolean returnStream, Boolean async, Int32 timeout, Task& task, Boolean asyncWrite, Boolean inRetry, SqlDataReader ds, Boolean describeParameterEncryptionRequest)
   在 System.Data.SqlClient.SqlCommand.RunExecuteReader(CommandBehavior cmdBehavior, RunBehavior runBehavior, Boolean returnStream, String method, TaskCompletionSource`1 completion, Int32 timeout, Task& task, Boolean& usedCache, Boolean asyncWrite, Boolean inRetry)
   在 System.Data.SqlClient.SqlCommand.InternalExecuteNonQuery(TaskCompletionSource`1 completion, String methodName, Boolean sendToPipe, Int32 timeout, Boolean& usedCache, Boolean asyncWrite, Boolean inRetry)
   在 System.Data.SqlClient.SqlCommand.ExecuteNonQuery()
   在 MES.DBUtility.DbHelperSQL.RunProcedure(String storedProcName, IDataParameter[] parameters, Int32& rowsAffected) 位置 C:\Users\ychost\Desktop\MesCable\DBUtility\DbHelperSQL.cs:行号 990
   在 MesWeb.SQLServerDAL.T_Machine.Add(T_Machine model) 位置 C:\Users\ychost\Desktop\MesCable\SQLServerDAL\T_Machine.cs:行号 81
   在 MesWeb.BLL.T_Machine.Add(T_Machine model) 位置 C:\Users\ychost\Desktop\MesCable\BLL\T_Machine.cs:行号 42
   在 WebUI.Controllers.ProjectAdminController.AddMachineLayoutAction(VM_AddMachineAdmin machineAdmin) 位置 C:\Users\ychost\Desktop\MesCable\WebUI\Controllers\ProjectAdminController.cs:行号 413
 
---------------------------------------------------------------------------------------------------------------
 【时间】:2016-09-28 18:36:33,767
 【级别】:FATAL
 【类名】:WebUI.Controllers.ProjectAdminController:DeleteSensorLayoutAction
 【线程ID】: 101 
 【日志内容】:系统错误
 【日记详细】：System.NullReferenceException: 未将对象引用设置到对象的实例。
   在 WebUI.Controllers.ProjectAdminController.deleteLayout(T_LayoutPicture layout) 位置 C:\Users\ychost\Desktop\MesCable\WebUI\Controllers\ProjectAdminController.cs:行号 575
   在 WebUI.Controllers.ProjectAdminController.DeleteSensorLayoutAction(T_LayoutPicture layout) 位置 C:\Users\ychost\Desktop\MesCable\WebUI\Controllers\ProjectAdminController.cs:行号 615
 
---------------------------------------------------------------------------------------------------------------
 【时间】:2016-09-28 18:36:38,432
 【级别】:FATAL
 【类名】:WebUI.Controllers.ProjectAdminController:DeleteSensorLayoutAction
 【线程ID】: 100 
 【日志内容】:系统错误
 【日记详细】：System.NullReferenceException: 未将对象引用设置到对象的实例。
   在 WebUI.Controllers.ProjectAdminController.deleteLayout(T_LayoutPicture layout) 位置 C:\Users\ychost\Desktop\MesCable\WebUI\Controllers\ProjectAdminController.cs:行号 575
   在 WebUI.Controllers.ProjectAdminController.DeleteSensorLayoutAction(T_LayoutPicture layout) 位置 C:\Users\ychost\Desktop\MesCable\WebUI\Controllers\ProjectAdminController.cs:行号 615
 
---------------------------------------------------------------------------------------------------------------
 【时间】:2016-09-28 18:36:46,678
 【级别】:FATAL
 【类名】:WebUI.Controllers.ProjectAdminController:DeleteSensorLayoutAction
 【线程ID】: 101 
 【日志内容】:系统错误
 【日记详细】：System.NullReferenceException: 未将对象引用设置到对象的实例。
   在 WebUI.Controllers.ProjectAdminController.deleteLayout(T_LayoutPicture layout) 位置 C:\Users\ychost\Desktop\MesCable\WebUI\Controllers\ProjectAdminController.cs:行号 575
   在 WebUI.Controllers.ProjectAdminController.DeleteSensorLayoutAction(T_LayoutPicture layout) 位置 C:\Users\ychost\Desktop\MesCable\WebUI\Controllers\ProjectAdminController.cs:行号 615
 
---------------------------------------------------------------------------------------------------------------
 【时间】:2016-09-28 18:37:29,824
 【级别】:FATAL
 【类名】:WebUI.Controllers.ProjectAdminController:DeleteSensorLayoutAction
 【线程ID】: 87 
 【日志内容】:系统错误
 【日记详细】：System.NullReferenceException: 未将对象引用设置到对象的实例。
   在 WebUI.Controllers.ProjectAdminController.deleteLayout(T_LayoutPicture layout) 位置 C:\Users\ychost\Desktop\MesCable\WebUI\Controllers\ProjectAdminController.cs:行号 575
   在 WebUI.Controllers.ProjectAdminController.DeleteSensorLayoutAction(T_LayoutPicture layout) 位置 C:\Users\ychost\Desktop\MesCable\WebUI\Controllers\ProjectAdminController.cs:行号 615
 
---------------------------------------------------------------------------------------------------------------
 【时间】:2016-09-28 18:50:09,672
 【级别】:FATAL
 【类名】:WebUI.Controllers.ProjectAdminController:DeleteSensorLayoutAction
 【线程ID】: 78 
 【日志内容】:系统错误
 【日记详细】：System.NullReferenceException: 未将对象引用设置到对象的实例。
   在 WebUI.Controllers.ProjectAdminController.deleteLayout(T_LayoutPicture layout) 位置 C:\Users\ychost\Desktop\MesCable\WebUI\Controllers\ProjectAdminController.cs:行号 575
   在 WebUI.Controllers.ProjectAdminController.DeleteSensorLayoutAction(T_LayoutPicture layout) 位置 C:\Users\ychost\Desktop\MesCable\WebUI\Controllers\ProjectAdminController.cs:行号 615
 
---------------------------------------------------------------------------------------------------------------
 【时间】:2016-09-28 18:53:38,330
 【级别】:FATAL
 【类名】:WebUI.Controllers.ProjectAdminController:AddSensorAction
 【线程ID】: 7 
 【日志内容】:往数据库写入数据失败
 【日记详细】：System.FormatException: 输入字符串的格式不正确。
   在 System.Number.StringToNumber(String str, NumberStyles options, NumberBuffer& number, NumberFormatInfo info, Boolean parseDecimal)
   在 System.Number.ParseInt32(String s, NumberStyles style, NumberFormatInfo info)
   在 System.Int32.Parse(String s)
   在 WebUI.Controllers.ProjectAdminController.AddSensorAction(VM_AddSensorAdmin sensorAdmin) 位置 C:\Users\ychost\Desktop\MesCable\WebUI\Controllers\ProjectAdminController.cs:行号 501
 
---------------------------------------------------------------------------------------------------------------
