 【时间】:2016-12-04 12:54:55,883
 【级别】:WARN
 【类名】:WebUI.Controllers.ProjectAdminController:AddSensorAction
 【线程ID】: 337 
 【日志内容】:字段校验失败
 【日记详细】： 
---------------------------------------------------------------------------------------------------------------
 【时间】:2016-12-04 12:55:20,464
 【级别】:WARN
 【类名】:WebUI.Controllers.ProjectAdminController:AddSensorAction
 【线程ID】: 344 
 【日志内容】:字段校验失败
 【日记详细】： 
---------------------------------------------------------------------------------------------------------------
 【时间】:2016-12-04 12:57:25,493
 【级别】:WARN
 【类名】:WebUI.Controllers.ProjectAdminController:AddSensorAction
 【线程ID】: 337 
 【日志内容】:字段校验失败
 【日记详细】： 
---------------------------------------------------------------------------------------------------------------
 【时间】:2016-12-04 13:00:29,780
 【级别】:WARN
 【类名】:WebUI.Controllers.ProjectAdminController:AddSensorAction
 【线程ID】: 329 
 【日志内容】:字段校验失败
 【日记详细】： 
---------------------------------------------------------------------------------------------------------------
 【时间】:2016-12-04 13:00:44,627
 【级别】:WARN
 【类名】:WebUI.Controllers.ProjectAdminController:AddSensorAction
 【线程ID】: 344 
 【日志内容】:字段校验失败
 【日记详细】： 
---------------------------------------------------------------------------------------------------------------
 【时间】:2016-12-04 13:00:56,690
 【级别】:WARN
 【类名】:WebUI.Controllers.ProjectAdminController:AddSensorAction
 【线程ID】: 344 
 【日志内容】:字段校验失败
 【日记详细】： 
---------------------------------------------------------------------------------------------------------------
 【时间】:2016-12-04 13:06:25,442
 【级别】:WARN
 【类名】:WebUI.Controllers.ProjectAdminController:AddSensorAction
 【线程ID】: 326 
 【日志内容】:字段校验失败
 【日记详细】： 
---------------------------------------------------------------------------------------------------------------
 【时间】:2016-12-04 19:05:50,796
 【级别】:WARN
 【类名】:WebUI.Controllers.ProjectAdminController:AddSensorAction
 【线程ID】: 95 
 【日志内容】:字段校验失败
 【日记详细】： 
---------------------------------------------------------------------------------------------------------------
 【时间】:2016-12-04 19:23:12,413
 【级别】:WARN
 【类名】:WebUI.Controllers.ProjectAdminController:AddSensorAction
 【线程ID】: 85 
 【日志内容】:字段校验失败
 【日记详细】： 
---------------------------------------------------------------------------------------------------------------
 【时间】:2016-12-04 21:57:15,204
 【级别】:WARN
 【类名】:WebUI.Controllers.ProjectAdminController:AddSensorAction
 【线程ID】: 9 
 【日志内容】:字段校验失败
 【日记详细】： 
---------------------------------------------------------------------------------------------------------------
 【时间】:2016-12-04 22:48:25,500
 【级别】:WARN
 【类名】:WebUI.Controllers.ProjectAdminController:AddSensorAction
 【线程ID】: 62 
 【日志内容】:字段校验失败
 【日记详细】： 
---------------------------------------------------------------------------------------------------------------
