 【时间】:2016-11-23 16:05:26,767
 【级别】:ERROR
 【类名】:WebUI.Controllers.HistoryDataController:MachineLayout
 【线程ID】: 9 
 【日志内容】:车间未施工,请联系施工人员
 【日记详细】： 
---------------------------------------------------------------------------------------------------------------
 【时间】:2016-11-23 16:11:16,249
 【级别】:ERROR
 【类名】:WebUI.Controllers.HistoryDataController:MachineLayout
 【线程ID】: 12 
 【日志内容】:车间未施工,请联系施工人员
 【日记详细】： 
---------------------------------------------------------------------------------------------------------------
 【时间】:2016-11-23 16:11:34,981
 【级别】:ERROR
 【类名】:WebUI.Controllers.HistoryDataController:MachineLayout
 【线程ID】: 12 
 【日志内容】:车间未施工,请联系施工人员
 【日记详细】： 
---------------------------------------------------------------------------------------------------------------
