 【时间】:2016-11-27 15:46:46,790
 【级别】:ERROR
 【类名】:WebUI.Controllers.StoreMgmtController:SearchMaterials
 【线程ID】: 8 
 【日志内容】:查询物料的操作人员不存在
 【日记详细】： 
---------------------------------------------------------------------------------------------------------------
 【时间】:2016-11-27 15:46:46,790
 【级别】:ERROR
 【类名】:WebUI.Controllers.StoreMgmtController:SearchMaterials
 【线程ID】: 7 
 【日志内容】:查询物料的操作人员不存在
 【日记详细】： 
---------------------------------------------------------------------------------------------------------------
 【时间】:2016-11-27 15:46:46,790
 【级别】:ERROR
 【类名】:WebUI.Controllers.StoreMgmtController:SearchMaterials
 【线程ID】: 20 
 【日志内容】:查询物料的操作人员不存在
 【日记详细】： 
---------------------------------------------------------------------------------------------------------------
 【时间】:2016-11-27 15:46:46,790
 【级别】:ERROR
 【类名】:WebUI.Controllers.StoreMgmtController:SearchMaterials
 【线程ID】: 10 
 【日志内容】:查询物料的操作人员不存在
 【日记详细】： 
---------------------------------------------------------------------------------------------------------------
