 【时间】:2016-09-17 10:34:44,271
 【级别】:ERROR
 【类名】:WebUI.Controllers.OnlineDataController:GetSensorDataAction
 【线程ID】: 10 
 【日志内容】:查找传感器数据失败
 【日记详细】：System.Data.SqlClient.SqlException (0x80131904): Invalid column name 'CollectedParameterID'.
   在 System.Data.SqlClient.SqlConnection.OnError(SqlException exception, Boolean breakConnection, Action`1 wrapCloseInAction)
   在 System.Data.SqlClient.SqlInternalConnection.OnError(SqlException exception, Boolean breakConnection, Action`1 wrapCloseInAction)
   在 System.Data.SqlClient.TdsParser.ThrowExceptionAndWarning(TdsParserStateObject stateObj, Boolean callerHasConnectionLock, Boolean asyncClose)
   在 System.Data.SqlClient.TdsParser.TryRun(RunBehavior runBehavior, SqlCommand cmdHandler, SqlDataReader dataStream, BulkCopySimpleResultSet bulkCopyHandler, TdsParserStateObject stateObj, Boolean& dataReady)
   在 System.Data.SqlClient.SqlDataReader.TryConsumeMetaData()
   在 System.Data.SqlClient.SqlDataReader.get_MetaData()
   在 System.Data.SqlClient.SqlCommand.FinishExecuteReader(SqlDataReader ds, RunBehavior runBehavior, String resetOptionsString, Boolean isInternal, Boolean forDescribeParameterEncryption)
   在 System.Data.SqlClient.SqlCommand.RunExecuteReaderTds(CommandBehavior cmdBehavior, RunBehavior runBehavior, Boolean returnStream, Boolean async, Int32 timeout, Task& task, Boolean asyncWrite, Boolean inRetry, SqlDataReader ds, Boolean describeParameterEncryptionRequest)
   在 System.Data.SqlClient.SqlCommand.RunExecuteReader(CommandBehavior cmdBehavior, RunBehavior runBehavior, Boolean returnStream, String method, TaskCompletionSource`1 completion, Int32 timeout, Task& task, Boolean& usedCache, Boolean asyncWrite, Boolean inRetry)
   在 System.Data.SqlClient.SqlCommand.RunExecuteReader(CommandBehavior cmdBehavior, RunBehavior runBehavior, Boolean returnStream, String method)
   在 System.Data.SqlClient.SqlCommand.ExecuteReader(CommandBehavior behavior, String method)
   在 System.Data.SqlClient.SqlCommand.ExecuteDbDataReader(CommandBehavior behavior)
   在 System.Data.Common.DbCommand.System.Data.IDbCommand.ExecuteReader(CommandBehavior behavior)
   在 System.Data.Common.DbDataAdapter.FillInternal(DataSet dataset, DataTable[] datatables, Int32 startRecord, Int32 maxRecords, String srcTable, IDbCommand command, CommandBehavior behavior)
   在 System.Data.Common.DbDataAdapter.Fill(DataSet dataSet, Int32 startRecord, Int32 maxRecords, String srcTable, IDbCommand command, CommandBehavior behavior)
   在 System.Data.Common.DbDataAdapter.Fill(DataSet dataSet, String srcTable)
   在 MES.DBUtility.DbHelperSQL.RunProcedure(String storedProcName, IDataParameter[] parameters, String tableName) 位置 C:\Users\ychost\Desktop\MesCable\DBUtility\DbHelperSQL.cs:行号 926
   在 MesWeb.SQLServerDAL.T_SensorModule.GetModel(Int32 SensorModuleID) 位置 C:\Users\ychost\Desktop\MesCable\SQLServerDAL\T_SensorModule.cs:行号 163
   在 MesWeb.BLL.T_SensorModule.GetModel(Int32 SensorModuleID) 位置 C:\Users\ychost\Desktop\MesCable\BLL\T_SensorModule.cs:行号 75
   在 WebUI.Controllers.OnlineDataController.GetSensorDataAction(Int32 Id) 位置 C:\Users\ychost\Desktop\MesCable\WebUI\Controllers\OnlineDataController.cs:行号 102
ClientConnectionId:bff0c5c6-656b-40ca-8160-cfa0be5b82b1
Error Number:207,State:1,Class:16
 
---------------------------------------------------------------------------------------------------------------
 【时间】:2016-09-17 10:34:46,839
 【级别】:ERROR
 【类名】:WebUI.Controllers.OnlineDataController:GetSensorDataAction
 【线程ID】: 8 
 【日志内容】:查找传感器数据失败
 【日记详细】：System.Data.SqlClient.SqlException (0x80131904): Invalid column name 'CollectedParameterID'.
   在 System.Data.SqlClient.SqlConnection.OnError(SqlException exception, Boolean breakConnection, Action`1 wrapCloseInAction)
   在 System.Data.SqlClient.SqlInternalConnection.OnError(SqlException exception, Boolean breakConnection, Action`1 wrapCloseInAction)
   在 System.Data.SqlClient.TdsParser.ThrowExceptionAndWarning(TdsParserStateObject stateObj, Boolean callerHasConnectionLock, Boolean asyncClose)
   在 System.Data.SqlClient.TdsParser.TryRun(RunBehavior runBehavior, SqlCommand cmdHandler, SqlDataReader dataStream, BulkCopySimpleResultSet bulkCopyHandler, TdsParserStateObject stateObj, Boolean& dataReady)
   在 System.Data.SqlClient.SqlDataReader.TryConsumeMetaData()
   在 System.Data.SqlClient.SqlDataReader.get_MetaData()
   在 System.Data.SqlClient.SqlCommand.FinishExecuteReader(SqlDataReader ds, RunBehavior runBehavior, String resetOptionsString, Boolean isInternal, Boolean forDescribeParameterEncryption)
   在 System.Data.SqlClient.SqlCommand.RunExecuteReaderTds(CommandBehavior cmdBehavior, RunBehavior runBehavior, Boolean returnStream, Boolean async, Int32 timeout, Task& task, Boolean asyncWrite, Boolean inRetry, SqlDataReader ds, Boolean describeParameterEncryptionRequest)
   在 System.Data.SqlClient.SqlCommand.RunExecuteReader(CommandBehavior cmdBehavior, RunBehavior runBehavior, Boolean returnStream, String method, TaskCompletionSource`1 completion, Int32 timeout, Task& task, Boolean& usedCache, Boolean asyncWrite, Boolean inRetry)
   在 System.Data.SqlClient.SqlCommand.RunExecuteReader(CommandBehavior cmdBehavior, RunBehavior runBehavior, Boolean returnStream, String method)
   在 System.Data.SqlClient.SqlCommand.ExecuteReader(CommandBehavior behavior, String method)
   在 System.Data.SqlClient.SqlCommand.ExecuteDbDataReader(CommandBehavior behavior)
   在 System.Data.Common.DbCommand.System.Data.IDbCommand.ExecuteReader(CommandBehavior behavior)
   在 System.Data.Common.DbDataAdapter.FillInternal(DataSet dataset, DataTable[] datatables, Int32 startRecord, Int32 maxRecords, String srcTable, IDbCommand command, CommandBehavior behavior)
   在 System.Data.Common.DbDataAdapter.Fill(DataSet dataSet, Int32 startRecord, Int32 maxRecords, String srcTable, IDbCommand command, CommandBehavior behavior)
   在 System.Data.Common.DbDataAdapter.Fill(DataSet dataSet, String srcTable)
   在 MES.DBUtility.DbHelperSQL.RunProcedure(String storedProcName, IDataParameter[] parameters, String tableName) 位置 C:\Users\ychost\Desktop\MesCable\DBUtility\DbHelperSQL.cs:行号 926
   在 MesWeb.SQLServerDAL.T_SensorModule.GetModel(Int32 SensorModuleID) 位置 C:\Users\ychost\Desktop\MesCable\SQLServerDAL\T_SensorModule.cs:行号 163
   在 MesWeb.BLL.T_SensorModule.GetModel(Int32 SensorModuleID) 位置 C:\Users\ychost\Desktop\MesCable\BLL\T_SensorModule.cs:行号 75
   在 WebUI.Controllers.OnlineDataController.GetSensorDataAction(Int32 Id) 位置 C:\Users\ychost\Desktop\MesCable\WebUI\Controllers\OnlineDataController.cs:行号 102
ClientConnectionId:bff0c5c6-656b-40ca-8160-cfa0be5b82b1
Error Number:207,State:1,Class:16
 
---------------------------------------------------------------------------------------------------------------
 【时间】:2016-09-17 10:34:47,940
 【级别】:ERROR
 【类名】:WebUI.Controllers.OnlineDataController:GetSensorDataAction
 【线程ID】: 7 
 【日志内容】:查找传感器数据失败
 【日记详细】：System.Data.SqlClient.SqlException (0x80131904): Invalid column name 'CollectedParameterID'.
   在 System.Data.SqlClient.SqlConnection.OnError(SqlException exception, Boolean breakConnection, Action`1 wrapCloseInAction)
   在 System.Data.SqlClient.SqlInternalConnection.OnError(SqlException exception, Boolean breakConnection, Action`1 wrapCloseInAction)
   在 System.Data.SqlClient.TdsParser.ThrowExceptionAndWarning(TdsParserStateObject stateObj, Boolean callerHasConnectionLock, Boolean asyncClose)
   在 System.Data.SqlClient.TdsParser.TryRun(RunBehavior runBehavior, SqlCommand cmdHandler, SqlDataReader dataStream, BulkCopySimpleResultSet bulkCopyHandler, TdsParserStateObject stateObj, Boolean& dataReady)
   在 System.Data.SqlClient.SqlDataReader.TryConsumeMetaData()
   在 System.Data.SqlClient.SqlDataReader.get_MetaData()
   在 System.Data.SqlClient.SqlCommand.FinishExecuteReader(SqlDataReader ds, RunBehavior runBehavior, String resetOptionsString, Boolean isInternal, Boolean forDescribeParameterEncryption)
   在 System.Data.SqlClient.SqlCommand.RunExecuteReaderTds(CommandBehavior cmdBehavior, RunBehavior runBehavior, Boolean returnStream, Boolean async, Int32 timeout, Task& task, Boolean asyncWrite, Boolean inRetry, SqlDataReader ds, Boolean describeParameterEncryptionRequest)
   在 System.Data.SqlClient.SqlCommand.RunExecuteReader(CommandBehavior cmdBehavior, RunBehavior runBehavior, Boolean returnStream, String method, TaskCompletionSource`1 completion, Int32 timeout, Task& task, Boolean& usedCache, Boolean asyncWrite, Boolean inRetry)
   在 System.Data.SqlClient.SqlCommand.RunExecuteReader(CommandBehavior cmdBehavior, RunBehavior runBehavior, Boolean returnStream, String method)
   在 System.Data.SqlClient.SqlCommand.ExecuteReader(CommandBehavior behavior, String method)
   在 System.Data.SqlClient.SqlCommand.ExecuteDbDataReader(CommandBehavior behavior)
   在 System.Data.Common.DbCommand.System.Data.IDbCommand.ExecuteReader(CommandBehavior behavior)
   在 System.Data.Common.DbDataAdapter.FillInternal(DataSet dataset, DataTable[] datatables, Int32 startRecord, Int32 maxRecords, String srcTable, IDbCommand command, CommandBehavior behavior)
   在 System.Data.Common.DbDataAdapter.Fill(DataSet dataSet, Int32 startRecord, Int32 maxRecords, String srcTable, IDbCommand command, CommandBehavior behavior)
   在 System.Data.Common.DbDataAdapter.Fill(DataSet dataSet, String srcTable)
   在 MES.DBUtility.DbHelperSQL.RunProcedure(String storedProcName, IDataParameter[] parameters, String tableName) 位置 C:\Users\ychost\Desktop\MesCable\DBUtility\DbHelperSQL.cs:行号 926
   在 MesWeb.SQLServerDAL.T_SensorModule.GetModel(Int32 SensorModuleID) 位置 C:\Users\ychost\Desktop\MesCable\SQLServerDAL\T_SensorModule.cs:行号 163
   在 MesWeb.BLL.T_SensorModule.GetModel(Int32 SensorModuleID) 位置 C:\Users\ychost\Desktop\MesCable\BLL\T_SensorModule.cs:行号 75
   在 WebUI.Controllers.OnlineDataController.GetSensorDataAction(Int32 Id) 位置 C:\Users\ychost\Desktop\MesCable\WebUI\Controllers\OnlineDataController.cs:行号 102
ClientConnectionId:bff0c5c6-656b-40ca-8160-cfa0be5b82b1
Error Number:207,State:1,Class:16
 
---------------------------------------------------------------------------------------------------------------
 【时间】:2016-09-17 10:39:31,380
 【级别】:ERROR
 【类名】:WebUI.Controllers.OnlineDataController:GetSensorDataAction
 【线程ID】: 8 
 【日志内容】:查找传感器数据失败
 【日记详细】：System.Data.SqlClient.SqlException (0x80131904): Invalid column name 'CollectedParameterID'.
   在 System.Data.SqlClient.SqlConnection.OnError(SqlException exception, Boolean breakConnection, Action`1 wrapCloseInAction)
   在 System.Data.SqlClient.SqlInternalConnection.OnError(SqlException exception, Boolean breakConnection, Action`1 wrapCloseInAction)
   在 System.Data.SqlClient.TdsParser.ThrowExceptionAndWarning(TdsParserStateObject stateObj, Boolean callerHasConnectionLock, Boolean asyncClose)
   在 System.Data.SqlClient.TdsParser.TryRun(RunBehavior runBehavior, SqlCommand cmdHandler, SqlDataReader dataStream, BulkCopySimpleResultSet bulkCopyHandler, TdsParserStateObject stateObj, Boolean& dataReady)
   在 System.Data.SqlClient.SqlDataReader.TryConsumeMetaData()
   在 System.Data.SqlClient.SqlDataReader.get_MetaData()
   在 System.Data.SqlClient.SqlCommand.FinishExecuteReader(SqlDataReader ds, RunBehavior runBehavior, String resetOptionsString, Boolean isInternal, Boolean forDescribeParameterEncryption)
   在 System.Data.SqlClient.SqlCommand.RunExecuteReaderTds(CommandBehavior cmdBehavior, RunBehavior runBehavior, Boolean returnStream, Boolean async, Int32 timeout, Task& task, Boolean asyncWrite, Boolean inRetry, SqlDataReader ds, Boolean describeParameterEncryptionRequest)
   在 System.Data.SqlClient.SqlCommand.RunExecuteReader(CommandBehavior cmdBehavior, RunBehavior runBehavior, Boolean returnStream, String method, TaskCompletionSource`1 completion, Int32 timeout, Task& task, Boolean& usedCache, Boolean asyncWrite, Boolean inRetry)
   在 System.Data.SqlClient.SqlCommand.RunExecuteReader(CommandBehavior cmdBehavior, RunBehavior runBehavior, Boolean returnStream, String method)
   在 System.Data.SqlClient.SqlCommand.ExecuteReader(CommandBehavior behavior, String method)
   在 System.Data.SqlClient.SqlCommand.ExecuteDbDataReader(CommandBehavior behavior)
   在 System.Data.Common.DbCommand.System.Data.IDbCommand.ExecuteReader(CommandBehavior behavior)
   在 System.Data.Common.DbDataAdapter.FillInternal(DataSet dataset, DataTable[] datatables, Int32 startRecord, Int32 maxRecords, String srcTable, IDbCommand command, CommandBehavior behavior)
   在 System.Data.Common.DbDataAdapter.Fill(DataSet dataSet, Int32 startRecord, Int32 maxRecords, String srcTable, IDbCommand command, CommandBehavior behavior)
   在 System.Data.Common.DbDataAdapter.Fill(DataSet dataSet, String srcTable)
   在 MES.DBUtility.DbHelperSQL.RunProcedure(String storedProcName, IDataParameter[] parameters, String tableName) 位置 C:\Users\ychost\Desktop\MesCable\DBUtility\DbHelperSQL.cs:行号 926
   在 MesWeb.SQLServerDAL.T_SensorModule.GetModel(Int32 SensorModuleID) 位置 C:\Users\ychost\Desktop\MesCable\SQLServerDAL\T_SensorModule.cs:行号 163
   在 MesWeb.BLL.T_SensorModule.GetModel(Int32 SensorModuleID) 位置 C:\Users\ychost\Desktop\MesCable\BLL\T_SensorModule.cs:行号 75
   在 WebUI.Controllers.OnlineDataController.GetSensorDataAction(Int32 Id) 位置 C:\Users\ychost\Desktop\MesCable\WebUI\Controllers\OnlineDataController.cs:行号 102
ClientConnectionId:bff0c5c6-656b-40ca-8160-cfa0be5b82b1
Error Number:207,State:1,Class:16
 
---------------------------------------------------------------------------------------------------------------
 【时间】:2016-09-17 21:02:58,350
 【级别】:ERROR
 【类名】:WebUI.Controllers.ProjectAdminController:DeleteSensorLayoutAction
 【线程ID】: 5 
 【日志内容】:删除传感器布局失败
 【日记详细】： 
---------------------------------------------------------------------------------------------------------------
 【时间】:2016-09-17 21:07:37,031
 【级别】:ERROR
 【类名】:WebUI.Controllers.ProjectAdminController:DeleteSensorLayoutAction
 【线程ID】: 5 
 【日志内容】:删除关系失败
 【日记详细】： 
---------------------------------------------------------------------------------------------------------------
 【时间】:2016-09-17 21:18:05,995
 【级别】:ERROR
 【类名】:WebUI.Controllers.OnlineDataController:GetSensorDataAction
 【线程ID】: 8 
 【日志内容】:查找传感器数据失败
 【日记详细】：System.Exception: Invalid column name 'SensorModuleID'.
   在 MES.DBUtility.DbHelperSQL.Query(String SQLString) 位置 C:\Users\ychost\Desktop\MesCable\DBUtility\DbHelperSQL.cs:行号 517
   在 MesWeb.SQLServerDAL.T_CollectedDataParameters.GetList(String strWhere) 位置 C:\Users\ychost\Desktop\MesCable\SQLServerDAL\T_CollectedDataParameters.cs:行号 223
   在 MesWeb.BLL.T_CollectedDataParameters.GetModelList(String strWhere) 位置 C:\Users\ychost\Desktop\MesCable\BLL\T_CollectedDataParameters.cs:行号 121
   在 WebUI.Controllers.OnlineDataController.GetSensorDataAction(Int32 Id) 位置 C:\Users\ychost\Desktop\MesCable\WebUI\Controllers\OnlineDataController.cs:行号 105
 
---------------------------------------------------------------------------------------------------------------
 【时间】:2016-09-17 21:18:45,744
 【级别】:ERROR
 【类名】:WebUI.Controllers.OnlineDataController:GetSensorDataAction
 【线程ID】: 7 
 【日志内容】:查找传感器数据失败
 【日记详细】：System.Exception: Invalid column name 'SensorModuleID'.
   在 MES.DBUtility.DbHelperSQL.Query(String SQLString) 位置 C:\Users\ychost\Desktop\MesCable\DBUtility\DbHelperSQL.cs:行号 517
   在 MesWeb.SQLServerDAL.T_CollectedDataParameters.GetList(String strWhere) 位置 C:\Users\ychost\Desktop\MesCable\SQLServerDAL\T_CollectedDataParameters.cs:行号 223
   在 MesWeb.BLL.T_CollectedDataParameters.GetModelList(String strWhere) 位置 C:\Users\ychost\Desktop\MesCable\BLL\T_CollectedDataParameters.cs:行号 121
   在 WebUI.Controllers.OnlineDataController.GetSensorDataAction(Int32 Id) 位置 C:\Users\ychost\Desktop\MesCable\WebUI\Controllers\OnlineDataController.cs:行号 105
 
---------------------------------------------------------------------------------------------------------------
 【时间】:2016-09-17 21:18:54,108
 【级别】:ERROR
 【类名】:WebUI.Controllers.OnlineDataController:GetSensorDataAction
 【线程ID】: 6 
 【日志内容】:查找传感器数据失败
 【日记详细】：System.Exception: Invalid column name 'SensorModuleID'.
   在 MES.DBUtility.DbHelperSQL.Query(String SQLString) 位置 C:\Users\ychost\Desktop\MesCable\DBUtility\DbHelperSQL.cs:行号 517
   在 MesWeb.SQLServerDAL.T_CollectedDataParameters.GetList(String strWhere) 位置 C:\Users\ychost\Desktop\MesCable\SQLServerDAL\T_CollectedDataParameters.cs:行号 223
   在 MesWeb.BLL.T_CollectedDataParameters.GetModelList(String strWhere) 位置 C:\Users\ychost\Desktop\MesCable\BLL\T_CollectedDataParameters.cs:行号 121
   在 WebUI.Controllers.OnlineDataController.GetSensorDataAction(Int32 Id) 位置 C:\Users\ychost\Desktop\MesCable\WebUI\Controllers\OnlineDataController.cs:行号 105
 
---------------------------------------------------------------------------------------------------------------
 【时间】:2016-09-17 21:18:56,322
 【级别】:ERROR
 【类名】:WebUI.Controllers.OnlineDataController:GetSensorDataAction
 【线程ID】: 8 
 【日志内容】:查找传感器数据失败
 【日记详细】：System.Exception: Invalid column name 'SensorModuleID'.
   在 MES.DBUtility.DbHelperSQL.Query(String SQLString) 位置 C:\Users\ychost\Desktop\MesCable\DBUtility\DbHelperSQL.cs:行号 517
   在 MesWeb.SQLServerDAL.T_CollectedDataParameters.GetList(String strWhere) 位置 C:\Users\ychost\Desktop\MesCable\SQLServerDAL\T_CollectedDataParameters.cs:行号 223
   在 MesWeb.BLL.T_CollectedDataParameters.GetModelList(String strWhere) 位置 C:\Users\ychost\Desktop\MesCable\BLL\T_CollectedDataParameters.cs:行号 121
   在 WebUI.Controllers.OnlineDataController.GetSensorDataAction(Int32 Id) 位置 C:\Users\ychost\Desktop\MesCable\WebUI\Controllers\OnlineDataController.cs:行号 105
 
---------------------------------------------------------------------------------------------------------------
 【时间】:2016-09-17 21:22:05,347
 【级别】:ERROR
 【类名】:WebUI.Controllers.OnlineDataController:GetSensorDataAction
 【线程ID】: 20 
 【日志内容】:查找传感器数据失败
 【日记详细】：System.Exception: Invalid column name 'SensorModuleID'.
   在 MES.DBUtility.DbHelperSQL.Query(String SQLString) 位置 C:\Users\ychost\Desktop\MesCable\DBUtility\DbHelperSQL.cs:行号 517
   在 MesWeb.SQLServerDAL.T_CollectedDataParameters.GetList(String strWhere) 位置 C:\Users\ychost\Desktop\MesCable\SQLServerDAL\T_CollectedDataParameters.cs:行号 223
   在 MesWeb.BLL.T_CollectedDataParameters.GetModelList(String strWhere) 位置 C:\Users\ychost\Desktop\MesCable\BLL\T_CollectedDataParameters.cs:行号 121
   在 WebUI.Controllers.OnlineDataController.GetSensorDataAction(Int32 Id) 位置 C:\Users\ychost\Desktop\MesCable\WebUI\Controllers\OnlineDataController.cs:行号 105
 
---------------------------------------------------------------------------------------------------------------
 【时间】:2016-09-17 21:40:11,887
 【级别】:ERROR
 【类名】:WebUI.Controllers.OnlineDataController:GetSensorDataAction
 【线程ID】: 41 
 【日志内容】:查找传感器数据失败
 【日记详细】：System.Exception: Invalid column name 'SensorModuleID'.
   在 MES.DBUtility.DbHelperSQL.Query(String SQLString) 位置 C:\Users\ychost\Desktop\MesCable\DBUtility\DbHelperSQL.cs:行号 517
   在 MesWeb.SQLServerDAL.T_CollectedDataParameters.GetList(String strWhere) 位置 C:\Users\ychost\Desktop\MesCable\SQLServerDAL\T_CollectedDataParameters.cs:行号 223
   在 MesWeb.BLL.T_CollectedDataParameters.GetModelList(String strWhere) 位置 C:\Users\ychost\Desktop\MesCable\BLL\T_CollectedDataParameters.cs:行号 121
   在 WebUI.Controllers.OnlineDataController.GetSensorDataAction(Int32 Id) 位置 C:\Users\ychost\Desktop\MesCable\WebUI\Controllers\OnlineDataController.cs:行号 105
 
---------------------------------------------------------------------------------------------------------------
 【时间】:2016-09-17 21:40:13,962
 【级别】:ERROR
 【类名】:WebUI.Controllers.OnlineDataController:GetSensorDataAction
 【线程ID】: 40 
 【日志内容】:查找传感器数据失败
 【日记详细】：System.Exception: Invalid column name 'SensorModuleID'.
   在 MES.DBUtility.DbHelperSQL.Query(String SQLString) 位置 C:\Users\ychost\Desktop\MesCable\DBUtility\DbHelperSQL.cs:行号 517
   在 MesWeb.SQLServerDAL.T_CollectedDataParameters.GetList(String strWhere) 位置 C:\Users\ychost\Desktop\MesCable\SQLServerDAL\T_CollectedDataParameters.cs:行号 223
   在 MesWeb.BLL.T_CollectedDataParameters.GetModelList(String strWhere) 位置 C:\Users\ychost\Desktop\MesCable\BLL\T_CollectedDataParameters.cs:行号 121
   在 WebUI.Controllers.OnlineDataController.GetSensorDataAction(Int32 Id) 位置 C:\Users\ychost\Desktop\MesCable\WebUI\Controllers\OnlineDataController.cs:行号 105
 
---------------------------------------------------------------------------------------------------------------
 【时间】:2016-09-17 21:50:31,249
 【级别】:ERROR
 【类名】:WebUI.Controllers.OnlineDataController:GetSensorDataAction
 【线程ID】: 55 
 【日志内容】:查找传感器数据失败
 【日记详细】：System.Exception: Invalid column name 'SensorModuleID'.
   在 MES.DBUtility.DbHelperSQL.Query(String SQLString) 位置 C:\Users\ychost\Desktop\MesCable\DBUtility\DbHelperSQL.cs:行号 517
   在 MesWeb.SQLServerDAL.T_CollectedDataParameters.GetList(String strWhere) 位置 C:\Users\ychost\Desktop\MesCable\SQLServerDAL\T_CollectedDataParameters.cs:行号 223
   在 MesWeb.BLL.T_CollectedDataParameters.GetModelList(String strWhere) 位置 C:\Users\ychost\Desktop\MesCable\BLL\T_CollectedDataParameters.cs:行号 121
   在 WebUI.Controllers.OnlineDataController.GetSensorDataAction(Int32 Id) 位置 C:\Users\ychost\Desktop\MesCable\WebUI\Controllers\OnlineDataController.cs:行号 105
 
---------------------------------------------------------------------------------------------------------------
 【时间】:2016-09-17 21:57:48,754
 【级别】:ERROR
 【类名】:WebUI.Controllers.OnlineDataController:GetSensorDataAction
 【线程ID】: 67 
 【日志内容】:查找传感器数据失败
 【日记详细】：System.Exception: Invalid column name 'SensorModuleID'.
   在 MES.DBUtility.DbHelperSQL.Query(String SQLString) 位置 C:\Users\ychost\Desktop\MesCable\DBUtility\DbHelperSQL.cs:行号 517
   在 MesWeb.SQLServerDAL.T_CollectedDataParameters.GetList(String strWhere) 位置 C:\Users\ychost\Desktop\MesCable\SQLServerDAL\T_CollectedDataParameters.cs:行号 223
   在 MesWeb.BLL.T_CollectedDataParameters.GetModelList(String strWhere) 位置 C:\Users\ychost\Desktop\MesCable\BLL\T_CollectedDataParameters.cs:行号 121
   在 WebUI.Controllers.OnlineDataController.GetSensorDataAction(Int32 Id) 位置 C:\Users\ychost\Desktop\MesCable\WebUI\Controllers\OnlineDataController.cs:行号 105
 
---------------------------------------------------------------------------------------------------------------
