 【时间】:2016-11-28 15:14:59,652
 【级别】:WARN
 【类名】:WebUI.Controllers.ProjectAdminController:AddSensorAction
 【线程ID】: 51 
 【日志内容】:字段校验失败
 【日记详细】： 
---------------------------------------------------------------------------------------------------------------
 【时间】:2016-11-28 15:16:27,872
 【级别】:WARN
 【类名】:WebUI.Controllers.ProjectAdminController:AddSensorAction
 【线程ID】: 51 
 【日志内容】:字段校验失败
 【日记详细】： 
---------------------------------------------------------------------------------------------------------------
 【时间】:2016-11-28 15:25:05,367
 【级别】:WARN
 【类名】:WebUI.Controllers.ProjectAdminController:AddSensorAction
 【线程ID】: 27 
 【日志内容】:字段校验失败
 【日记详细】： 
---------------------------------------------------------------------------------------------------------------
